#
# There is insufficient memory for the Java Runtime Environment to continue.
# Native memory allocation (malloc) failed to allocate 1111616 bytes for Chunk::new
# Possible reasons:
#   The system is out of physical RAM or swap space
#   The process is running with CompressedOops enabled, and the Java Heap may be blocking the growth of the native heap
# Possible solutions:
#   Reduce memory load on the system
#   Increase physical memory or swap space
#   Check if swap backing store is full
#   Decrease Java heap size (-Xmx/-Xms)
#   Decrease number of Java threads
#   Decrease Java thread stack sizes (-Xss)
#   Set larger code cache with -XX:ReservedCodeCacheSize=
#   JVM is running with Unscaled Compressed Oops mode in which the Java heap is
#     placed in the first 4GB address space. The Java Heap base address is the
#     maximum limit for the native heap growth. Please use -XX:HeapBaseMinAddress
#     to set the Java Heap base and to place the Java Heap above 4GB virtual address.
# This output file may be truncated or incomplete.
#
#  Out of Memory Error (arena.cpp:184), pid=12980, tid=18284
#
# JRE version: Java(TM) SE Runtime Environment (18.0.1.1+2) (build 18.0.1.1+2-6)
# Java VM: Java HotSpot(TM) 64-Bit Server VM (18.0.1.1+2-6, mixed mode, sharing, tiered, compressed oops, compressed class ptrs, g1 gc, windows-amd64)
# No core dump will be written. Minidumps are not enabled by default on client versions of Windows
#

---------------  S U M M A R Y ------------

Command Line: -javaagent:E:\IntelliJ IDEA Community Edition 2023.3.3\lib\idea_rt.jar=5328:E:\IntelliJ IDEA Community Edition 2023.3.3\bin -Dfile.encoding=UTF-8 -Dsun.stdout.encoding=UTF-8 -Dsun.stderr.encoding=UTF-8 --module-path=C:\Users\Win10\.m2\repository\org\apache\logging\log4j\log4j-api\2.14.1\log4j-api-2.14.1.jar;C:\Users\Win10\.m2\repository\org\openjfx\javafx-base\18.0.2\javafx-base-18.0.2-win.jar;C:\Users\Win10\.m2\repository\org\openjfx\javafx-controls\18.0.2\javafx-controls-18.0.2-win.jar;C:\Users\Win10\.m2\repository\org\kordamp\bootstrapfx\bootstrapfx-core\0.4.0\bootstrapfx-core-0.4.0.jar;E:\IntelijFiles\WMS\target\classes;C:\Users\Win10\.m2\repository\org\openjfx\javafx-graphics\18.0.2\javafx-graphics-18.0.2-win.jar;C:\Users\Win10\.m2\repository\com\mysql\mysql-connector-j\8.0.33\mysql-connector-j-8.0.33.jar;C:\Users\Win10\.m2\repository\org\openjfx\javafx-fxml\18.0.2\javafx-fxml-18.0.2-win.jar;C:\Users\Win10\.m2\repository\org\mindrot\jbcrypt\0.4\jbcrypt-0.4.jar;C:\Users\Win10\.m2\repository\com\dlsc\formsfx\formsfx-core\11.6.0\formsfx-core-11.6.0.jar -Djdk.module.main=org.wms org.wms/org.wms.main

Host: Intel(R) Core(TM) i5-10300H CPU @ 2.50GHz, 8 cores, 7G,  Windows 11 , 64 bit Build 22621 (10.0.22621.2506)
Time: Wed Feb 14 15:14:25 2024 India Standard Time elapsed time: 13.826435 seconds (0d 0h 0m 13s)

---------------  T H R E A D  ---------------

Current thread (0x00000263d9c61a10):  JavaThread "C2 CompilerThread0" daemon [_thread_in_native, id=18284, stack(0x000000bd4fb00000,0x000000bd4fc00000)]


Current CompileTask:
C2:  13826 5119   !   4       javafx.scene.CssStyleHelper::transitionToState (1031 bytes)

Stack: [0x000000bd4fb00000,0x000000bd4fc00000]
Native frames: (J=compiled Java code, j=interpreted, Vv=VM code, C=native code)
V  [jvm.dll+0x69887a]
V  [jvm.dll+0x7f38bd]
V  [jvm.dll+0x7f51ce]
V  [jvm.dll+0x7f5883]
V  [jvm.dll+0x25ca3f]
V  [jvm.dll+0xb8c2f]
V  [jvm.dll+0xb8fa5]
V  [jvm.dll+0x2c794f]
V  [jvm.dll+0x5a05b0]
V  [jvm.dll+0x238398]
V  [jvm.dll+0x2319c5]
V  [jvm.dll+0x22eeeb]
V  [jvm.dll+0x1b9cfc]
V  [jvm.dll+0x23e8ca]
V  [jvm.dll+0x23cbb5]
V  [jvm.dll+0x7a5fb1]
V  [jvm.dll+0x7a03ea]
V  [jvm.dll+0x697725]
C  [ucrtbase.dll+0x29363]
C  [KERNEL32.DLL+0x1257d]
C  [ntdll.dll+0x5aa58]


---------------  P R O C E S S  ---------------

Threads class SMR info:
_java_thread_list=0x00000263df74a220, length=22, elements={
0x00000263bbb3b670, 0x00000263d9c428c0, 0x00000263d9c43520, 0x00000263d9c5e140,
0x00000263d9c5eae0, 0x00000263d9c5f480, 0x00000263d9c5fe20, 0x00000263d9c61a10,
0x00000263d9c62300, 0x00000263d9c62bf0, 0x00000263de066a30, 0x00000263de426ef0,
0x00000263de4273b0, 0x00000263deb29d80, 0x00000263ded03280, 0x00000263decd3590,
0x00000263def85870, 0x00000263def86140, 0x00000263df23e120, 0x00000263df23ef90,
0x00000263df23d780, 0x00000263df71f690
}

Java Threads: ( => current thread )
  0x00000263bbb3b670 JavaThread "main" [_thread_blocked, id=10060, stack(0x000000bd4ee00000,0x000000bd4ef00000)]
  0x00000263d9c428c0 JavaThread "Reference Handler" daemon [_thread_blocked, id=16672, stack(0x000000bd4f500000,0x000000bd4f600000)]
  0x00000263d9c43520 JavaThread "Finalizer" daemon [_thread_blocked, id=25280, stack(0x000000bd4f600000,0x000000bd4f700000)]
  0x00000263d9c5e140 JavaThread "Signal Dispatcher" daemon [_thread_blocked, id=23328, stack(0x000000bd4f700000,0x000000bd4f800000)]
  0x00000263d9c5eae0 JavaThread "Attach Listener" daemon [_thread_blocked, id=12316, stack(0x000000bd4f800000,0x000000bd4f900000)]
  0x00000263d9c5f480 JavaThread "Service Thread" daemon [_thread_blocked, id=6428, stack(0x000000bd4f900000,0x000000bd4fa00000)]
  0x00000263d9c5fe20 JavaThread "Monitor Deflation Thread" daemon [_thread_blocked, id=7352, stack(0x000000bd4fa00000,0x000000bd4fb00000)]
=>0x00000263d9c61a10 JavaThread "C2 CompilerThread0" daemon [_thread_in_native, id=18284, stack(0x000000bd4fb00000,0x000000bd4fc00000)]
  0x00000263d9c62300 JavaThread "C1 CompilerThread0" daemon [_thread_in_native, id=21624, stack(0x000000bd4fc00000,0x000000bd4fd00000)]
  0x00000263d9c62bf0 JavaThread "Sweeper thread" daemon [_thread_blocked, id=10912, stack(0x000000bd4fd00000,0x000000bd4fe00000)]
  0x00000263de066a30 JavaThread "Common-Cleaner" daemon [_thread_blocked, id=6632, stack(0x000000bd4fe00000,0x000000bd4ff00000)]
  0x00000263de426ef0 JavaThread "Monitor Ctrl-Break" daemon [_thread_in_native, id=1496, stack(0x000000bd50100000,0x000000bd50200000)]
  0x00000263de4273b0 JavaThread "Notification Thread" daemon [_thread_blocked, id=19048, stack(0x000000bd50200000,0x000000bd50300000)]
  0x00000263deb29d80 JavaThread "QuantumRenderer-0" daemon [_thread_in_native, id=5624, stack(0x000000bd50400000,0x000000bd50500000)]
  0x00000263ded03280 JavaThread "InvokeLaterDispatcher" daemon [_thread_blocked, id=8392, stack(0x000000bd50500000,0x000000bd50600000)]
  0x00000263decd3590 JavaThread "JavaFX Application Thread" [_thread_in_native, id=2028, stack(0x000000bd50600000,0x000000bd50700000)]
  0x00000263def85870 JavaThread "JavaFX-Launcher" [_thread_blocked, id=25376, stack(0x000000bd50b00000,0x000000bd50c00000)]
  0x00000263def86140 JavaThread "Thread-2" daemon [_thread_in_native, id=12892, stack(0x000000bd50a00000,0x000000bd50b00000)]
  0x00000263df23e120 JavaThread "mysql-cj-abandoned-connection-cleanup" daemon [_thread_blocked, id=17064, stack(0x000000bd51100000,0x000000bd51200000)]
  0x00000263df23ef90 JavaThread "Prism Font Disposer" daemon [_thread_blocked, id=10776, stack(0x000000bd51700000,0x000000bd51800000)]
  0x00000263df23d780 JavaThread "Cleaner-0" daemon [_thread_blocked, id=15948, stack(0x000000bd51800000,0x000000bd51900000)]
  0x00000263df71f690 JavaThread "C2 CompilerThread1" daemon [_thread_in_native, id=8000, stack(0x000000bd4ff00000,0x000000bd50000000)]

Other Threads:
  0x00000263bbbcbd80 VMThread "VM Thread" [stack: 0x000000bd4f400000,0x000000bd4f500000] [id=14764]
  0x00000263de7d39d0 WatcherThread "VM Periodic Task Thread" [stack: 0x000000bd50300000,0x000000bd50400000] [id=1404]
  0x00000263bbba2cc0 WorkerThread "GC Thread#0" [stack: 0x000000bd4ef00000,0x000000bd4f000000] [id=13804]
  0x00000263deea6460 WorkerThread "GC Thread#1" [stack: 0x000000bd50000000,0x000000bd50100000] [id=19760]
  0x00000263deea5f20 WorkerThread "GC Thread#2" [stack: 0x000000bd50c00000,0x000000bd50d00000] [id=13684]
  0x00000263df1eed10 WorkerThread "GC Thread#3" [stack: 0x000000bd50d00000,0x000000bd50e00000] [id=21976]
  0x00000263df1f0210 WorkerThread "GC Thread#4" [stack: 0x000000bd50e00000,0x000000bd50f00000] [id=7056]
  0x00000263df1f0f30 WorkerThread "GC Thread#5" [stack: 0x000000bd50f00000,0x000000bd51000000] [id=19656]
  0x00000263df1ef4f0 WorkerThread "GC Thread#6" [stack: 0x000000bd51200000,0x000000bd51300000] [id=17332]
  0x00000263df1f0750 WorkerThread "GC Thread#7" [stack: 0x000000bd51300000,0x000000bd51400000] [id=2088]
  0x00000263bbbb4800 ConcurrentGCThread "G1 Main Marker" [stack: 0x000000bd4f000000,0x000000bd4f100000] [id=4156]
  0x00000263bbbb69a0 WorkerThread "G1 Conc#0" [stack: 0x000000bd4f100000,0x000000bd4f200000] [id=4984]
  0x00000263df1ee530 WorkerThread "G1 Conc#1" [stack: 0x000000bd51400000,0x000000bd51500000] [id=16016]
  0x00000263bbbee700 ConcurrentGCThread "G1 Refine#0" [stack: 0x000000bd4f200000,0x000000bd4f300000] [id=25312]
  0x00000263d9af9290 ConcurrentGCThread "G1 Service" [stack: 0x000000bd4f300000,0x000000bd4f400000] [id=19396]

Threads with active compile tasks:
C2 CompilerThread0    13869 5119   !   4       javafx.scene.CssStyleHelper::transitionToState (1031 bytes)
C1 CompilerThread0    13869 5343       3       java.lang.StackTraceElement::toString (322 bytes)
C2 CompilerThread1    13869 5322       4       javafx.scene.Parent::updateBounds (44 bytes)

VM state: not at safepoint (normal execution)

VM Mutex/Monitor currently owned by a thread:  ([mutex/lock_event])
[0x00000263bbb37d30] Compile_lock - owner thread: 0x0000000000000000

Heap address: 0x0000000082000000, size: 2016 MB, Compressed Oops mode: 32-bit

CDS archive(s) mapped at: [0x0000000800000000-0x0000000800ba0000-0x0000000800ba0000), size 12189696, SharedBaseAddress: 0x0000000800000000, ArchiveRelocationMode: 0.
Compressed class space mapped at: 0x0000000800c00000-0x0000000840c00000, reserved size: 1073741824
Narrow klass base: 0x0000000800000000, Narrow klass shift: 0, Narrow klass range: 0x100000000

GC Precious Log:
 CardTable entry size: 512
 Card Set container configuration: InlinePtr #cards 5 size 8 Array Of Cards #cards 12 size 40 Howl #buckets 4 coarsen threshold 1843 Howl Bitmap #cards 512 size 80 coarsen threshold 460 Card regions per heap region 1 cards per card region 2048
 CPUs: 8 total, 8 available
 Memory: 8059M
 Large Page Support: Disabled
 NUMA Support: Disabled
 Compressed Oops: Enabled (32-bit)
 Heap Region Size: 1M
 Heap Min Capacity: 8M
 Heap Initial Capacity: 126M
 Heap Max Capacity: 2016M
 Pre-touch: Disabled
 Parallel Workers: 8
 Concurrent Workers: 2
 Concurrent Refinement Workers: 8
 Periodic GC: Disabled

Heap:
 garbage-first heap   total 143360K, used 92415K [0x0000000082000000, 0x0000000100000000)
  region size 1024K, 32 young (32768K), 2 survivors (2048K)
 Metaspace       used 34073K, committed 34432K, reserved 1114112K
  class space    used 4553K, committed 4736K, reserved 1048576K

Heap Regions: E=young(eden), S=young(survivor), O=old, HS=humongous(starts), HC=humongous(continues), CS=collection set, F=free, OA=open archive, CA=closed archive, TAMS=top-at-mark-start (previous, next)
|   0|0x0000000082000000, 0x0000000082100000, 0x0000000082100000|100%| O|  |TAMS 0x0000000082100000, 0x0000000082100000| Untracked 
|   1|0x0000000082100000, 0x0000000082200000, 0x0000000082200000|100%| O|  |TAMS 0x0000000082200000, 0x0000000082200000| Untracked 
|   2|0x0000000082200000, 0x0000000082300000, 0x0000000082300000|100%| O|  |TAMS 0x0000000082300000, 0x0000000082300000| Untracked 
|   3|0x0000000082300000, 0x00000000823cce00, 0x0000000082400000| 80%| O|  |TAMS 0x00000000823cce00, 0x00000000823cce00| Untracked 
|   4|0x0000000082400000, 0x0000000082500000, 0x0000000082500000|100%|HS|  |TAMS 0x0000000082500000, 0x0000000082500000| Complete 
|   5|0x0000000082500000, 0x0000000082600000, 0x0000000082600000|100%|HC|  |TAMS 0x0000000082600000, 0x0000000082600000| Complete 
|   6|0x0000000082600000, 0x0000000082700000, 0x0000000082700000|100%|HC|  |TAMS 0x0000000082700000, 0x0000000082700000| Complete 
|   7|0x0000000082700000, 0x0000000082800000, 0x0000000082800000|100%|HC|  |TAMS 0x0000000082800000, 0x0000000082800000| Complete 
|   8|0x0000000082800000, 0x0000000082900000, 0x0000000082900000|100%|HC|  |TAMS 0x0000000082900000, 0x0000000082900000| Complete 
|   9|0x0000000082900000, 0x0000000082a00000, 0x0000000082a00000|100%| O|  |TAMS 0x0000000082a00000, 0x0000000082a00000| Untracked 
|  10|0x0000000082a00000, 0x0000000082b00000, 0x0000000082b00000|100%| O|  |TAMS 0x0000000082b00000, 0x0000000082b00000| Untracked 
|  11|0x0000000082b00000, 0x0000000082c00000, 0x0000000082c00000|100%| O|  |TAMS 0x0000000082c00000, 0x0000000082c00000| Untracked 
|  12|0x0000000082c00000, 0x0000000082d00000, 0x0000000082d00000|100%|HS|  |TAMS 0x0000000082d00000, 0x0000000082d00000| Complete 
|  13|0x0000000082d00000, 0x0000000082e00000, 0x0000000082e00000|100%|HC|  |TAMS 0x0000000082e00000, 0x0000000082e00000| Complete 
|  14|0x0000000082e00000, 0x0000000082f00000, 0x0000000082f00000|100%| O|  |TAMS 0x0000000082f00000, 0x0000000082f00000| Untracked 
|  15|0x0000000082f00000, 0x0000000083000000, 0x0000000083000000|100%| O|  |TAMS 0x0000000083000000, 0x0000000083000000| Untracked 
|  16|0x0000000083000000, 0x0000000083100000, 0x0000000083100000|100%| O|  |TAMS 0x0000000083100000, 0x0000000083100000| Untracked 
|  17|0x0000000083100000, 0x0000000083200000, 0x0000000083200000|100%| O|  |TAMS 0x0000000083200000, 0x0000000083200000| Untracked 
|  18|0x0000000083200000, 0x0000000083219400, 0x0000000083300000|  9%| O|  |TAMS 0x0000000083219400, 0x0000000083219400| Untracked 
|  19|0x0000000083300000, 0x0000000083400000, 0x0000000083400000|100%|HS|  |TAMS 0x0000000083400000, 0x0000000083400000| Complete 
|  20|0x0000000083400000, 0x0000000083500000, 0x0000000083500000|100%|HC|  |TAMS 0x0000000083500000, 0x0000000083500000| Complete 
|  21|0x0000000083500000, 0x0000000083600000, 0x0000000083600000|100%|HC|  |TAMS 0x0000000083600000, 0x0000000083600000| Complete 
|  22|0x0000000083600000, 0x0000000083700000, 0x0000000083700000|100%|HC|  |TAMS 0x0000000083700000, 0x0000000083700000| Complete 
|  23|0x0000000083700000, 0x0000000083800000, 0x0000000083800000|100%|HC|  |TAMS 0x0000000083800000, 0x0000000083800000| Complete 
|  24|0x0000000083800000, 0x0000000083900000, 0x0000000083900000|100%|HS|  |TAMS 0x0000000083900000, 0x0000000083900000| Complete 
|  25|0x0000000083900000, 0x0000000083a00000, 0x0000000083a00000|100%|HC|  |TAMS 0x0000000083a00000, 0x0000000083a00000| Complete 
|  26|0x0000000083a00000, 0x0000000083b00000, 0x0000000083b00000|100%|HC|  |TAMS 0x0000000083b00000, 0x0000000083b00000| Complete 
|  27|0x0000000083b00000, 0x0000000083c00000, 0x0000000083c00000|100%|HC|  |TAMS 0x0000000083c00000, 0x0000000083c00000| Complete 
|  28|0x0000000083c00000, 0x0000000083d00000, 0x0000000083d00000|100%|HC|  |TAMS 0x0000000083d00000, 0x0000000083d00000| Complete 
|  29|0x0000000083d00000, 0x0000000083e00000, 0x0000000083e00000|100%|HS|  |TAMS 0x0000000083e00000, 0x0000000083e00000| Complete 
|  30|0x0000000083e00000, 0x0000000083f00000, 0x0000000083f00000|100%|HC|  |TAMS 0x0000000083f00000, 0x0000000083f00000| Complete 
|  31|0x0000000083f00000, 0x0000000084000000, 0x0000000084000000|100%|HC|  |TAMS 0x0000000084000000, 0x0000000084000000| Complete 
|  32|0x0000000084000000, 0x0000000084100000, 0x0000000084100000|100%|HC|  |TAMS 0x0000000084100000, 0x0000000084100000| Complete 
|  33|0x0000000084100000, 0x0000000084200000, 0x0000000084200000|100%|HC|  |TAMS 0x0000000084200000, 0x0000000084200000| Complete 
|  34|0x0000000084200000, 0x0000000084300000, 0x0000000084300000|100%|HS|  |TAMS 0x0000000084300000, 0x0000000084300000| Complete 
|  35|0x0000000084300000, 0x0000000084400000, 0x0000000084400000|100%|HC|  |TAMS 0x0000000084400000, 0x0000000084400000| Complete 
|  36|0x0000000084400000, 0x0000000084500000, 0x0000000084500000|100%|HC|  |TAMS 0x0000000084500000, 0x0000000084500000| Complete 
|  37|0x0000000084500000, 0x0000000084600000, 0x0000000084600000|100%|HC|  |TAMS 0x0000000084600000, 0x0000000084600000| Complete 
|  38|0x0000000084600000, 0x0000000084700000, 0x0000000084700000|100%|HC|  |TAMS 0x0000000084700000, 0x0000000084700000| Complete 
|  39|0x0000000084700000, 0x0000000084800000, 0x0000000084800000|100%|HS|  |TAMS 0x0000000084700000, 0x0000000084800000| Complete 
|  40|0x0000000084800000, 0x0000000084900000, 0x0000000084900000|100%|HC|  |TAMS 0x0000000084800000, 0x0000000084900000| Complete 
|  41|0x0000000084900000, 0x0000000084a00000, 0x0000000084a00000|100%|HC|  |TAMS 0x0000000084900000, 0x0000000084a00000| Complete 
|  42|0x0000000084a00000, 0x0000000084b00000, 0x0000000084b00000|100%|HC|  |TAMS 0x0000000084a00000, 0x0000000084b00000| Complete 
|  43|0x0000000084b00000, 0x0000000084c00000, 0x0000000084c00000|100%|HC|  |TAMS 0x0000000084b00000, 0x0000000084c00000| Complete 
|  44|0x0000000084c00000, 0x0000000084d00000, 0x0000000084d00000|100%|HS|  |TAMS 0x0000000084c00000, 0x0000000084c00000| Complete 
|  45|0x0000000084d00000, 0x0000000084e00000, 0x0000000084e00000|100%|HC|  |TAMS 0x0000000084d00000, 0x0000000084d00000| Complete 
|  46|0x0000000084e00000, 0x0000000084f00000, 0x0000000084f00000|100%|HC|  |TAMS 0x0000000084e00000, 0x0000000084e00000| Complete 
|  47|0x0000000084f00000, 0x0000000085000000, 0x0000000085000000|100%|HC|  |TAMS 0x0000000084f00000, 0x0000000084f00000| Complete 
|  48|0x0000000085000000, 0x0000000085100000, 0x0000000085100000|100%|HC|  |TAMS 0x0000000085000000, 0x0000000085000000| Complete 
|  49|0x0000000085100000, 0x0000000085200000, 0x0000000085200000|100%|HS|  |TAMS 0x0000000085100000, 0x0000000085100000| Complete 
|  50|0x0000000085200000, 0x0000000085300000, 0x0000000085300000|100%|HC|  |TAMS 0x0000000085200000, 0x0000000085200000| Complete 
|  51|0x0000000085300000, 0x0000000085400000, 0x0000000085400000|100%|HC|  |TAMS 0x0000000085300000, 0x0000000085300000| Complete 
|  52|0x0000000085400000, 0x0000000085500000, 0x0000000085500000|100%|HC|  |TAMS 0x0000000085400000, 0x0000000085400000| Complete 
|  53|0x0000000085500000, 0x0000000085600000, 0x0000000085600000|100%|HC|  |TAMS 0x0000000085500000, 0x0000000085500000| Complete 
|  54|0x0000000085600000, 0x0000000085700000, 0x0000000085700000|100%|HS|  |TAMS 0x0000000085600000, 0x0000000085600000| Complete 
|  55|0x0000000085700000, 0x0000000085800000, 0x0000000085800000|100%|HC|  |TAMS 0x0000000085700000, 0x0000000085700000| Complete 
|  56|0x0000000085800000, 0x0000000085900000, 0x0000000085900000|100%|HC|  |TAMS 0x0000000085800000, 0x0000000085800000| Complete 
|  57|0x0000000085900000, 0x0000000085a00000, 0x0000000085a00000|100%|HC|  |TAMS 0x0000000085900000, 0x0000000085900000| Complete 
|  58|0x0000000085a00000, 0x0000000085b00000, 0x0000000085b00000|100%|HC|  |TAMS 0x0000000085a00000, 0x0000000085a00000| Complete 
|  59|0x0000000085b00000, 0x0000000085b00000, 0x0000000085c00000|  0%| F|  |TAMS 0x0000000085b00000, 0x0000000085b00000| Untracked 
|  60|0x0000000085c00000, 0x0000000085c00000, 0x0000000085d00000|  0%| F|  |TAMS 0x0000000085c00000, 0x0000000085c00000| Untracked 
|  61|0x0000000085d00000, 0x0000000085d00000, 0x0000000085e00000|  0%| F|  |TAMS 0x0000000085d00000, 0x0000000085d00000| Untracked 
|  62|0x0000000085e00000, 0x0000000085e00000, 0x0000000085f00000|  0%| F|  |TAMS 0x0000000085e00000, 0x0000000085e00000| Untracked 
|  63|0x0000000085f00000, 0x0000000085f00000, 0x0000000086000000|  0%| F|  |TAMS 0x0000000085f00000, 0x0000000085f00000| Untracked 
|  64|0x0000000086000000, 0x0000000086000000, 0x0000000086100000|  0%| F|  |TAMS 0x0000000086000000, 0x0000000086000000| Untracked 
|  65|0x0000000086100000, 0x0000000086100000, 0x0000000086200000|  0%| F|  |TAMS 0x0000000086100000, 0x0000000086100000| Untracked 
|  66|0x0000000086200000, 0x0000000086200000, 0x0000000086300000|  0%| F|  |TAMS 0x0000000086200000, 0x0000000086200000| Untracked 
|  67|0x0000000086300000, 0x0000000086300000, 0x0000000086400000|  0%| F|  |TAMS 0x0000000086300000, 0x0000000086300000| Untracked 
|  68|0x0000000086400000, 0x0000000086400000, 0x0000000086500000|  0%| F|  |TAMS 0x0000000086400000, 0x0000000086400000| Untracked 
|  69|0x0000000086500000, 0x0000000086500000, 0x0000000086600000|  0%| F|  |TAMS 0x0000000086500000, 0x0000000086500000| Untracked 
|  70|0x0000000086600000, 0x0000000086600000, 0x0000000086700000|  0%| F|  |TAMS 0x0000000086600000, 0x0000000086600000| Untracked 
|  71|0x0000000086700000, 0x0000000086700000, 0x0000000086800000|  0%| F|  |TAMS 0x0000000086700000, 0x0000000086700000| Untracked 
|  72|0x0000000086800000, 0x0000000086800000, 0x0000000086900000|  0%| F|  |TAMS 0x0000000086800000, 0x0000000086800000| Untracked 
|  73|0x0000000086900000, 0x0000000086900000, 0x0000000086a00000|  0%| F|  |TAMS 0x0000000086900000, 0x0000000086900000| Untracked 
|  74|0x0000000086a00000, 0x0000000086a00000, 0x0000000086b00000|  0%| F|  |TAMS 0x0000000086a00000, 0x0000000086a00000| Untracked 
|  75|0x0000000086b00000, 0x0000000086b00000, 0x0000000086c00000|  0%| F|  |TAMS 0x0000000086b00000, 0x0000000086b00000| Untracked 
|  76|0x0000000086c00000, 0x0000000086c00000, 0x0000000086d00000|  0%| F|  |TAMS 0x0000000086c00000, 0x0000000086c00000| Untracked 
|  77|0x0000000086d00000, 0x0000000086d00000, 0x0000000086e00000|  0%| F|  |TAMS 0x0000000086d00000, 0x0000000086d00000| Untracked 
|  78|0x0000000086e00000, 0x0000000086e00000, 0x0000000086f00000|  0%| F|  |TAMS 0x0000000086e00000, 0x0000000086e00000| Untracked 
|  79|0x0000000086f00000, 0x0000000086f00000, 0x0000000087000000|  0%| F|  |TAMS 0x0000000086f00000, 0x0000000086f00000| Untracked 
|  80|0x0000000087000000, 0x0000000087000000, 0x0000000087100000|  0%| F|  |TAMS 0x0000000087000000, 0x0000000087000000| Untracked 
|  81|0x0000000087100000, 0x0000000087100000, 0x0000000087200000|  0%| F|  |TAMS 0x0000000087100000, 0x0000000087100000| Untracked 
|  82|0x0000000087200000, 0x0000000087200000, 0x0000000087300000|  0%| F|  |TAMS 0x0000000087200000, 0x0000000087200000| Untracked 
|  83|0x0000000087300000, 0x0000000087300000, 0x0000000087400000|  0%| F|  |TAMS 0x0000000087300000, 0x0000000087300000| Untracked 
|  84|0x0000000087400000, 0x0000000087400000, 0x0000000087500000|  0%| F|  |TAMS 0x0000000087400000, 0x0000000087400000| Untracked 
|  85|0x0000000087500000, 0x0000000087500000, 0x0000000087600000|  0%| F|  |TAMS 0x0000000087500000, 0x0000000087500000| Untracked 
|  86|0x0000000087600000, 0x0000000087600000, 0x0000000087700000|  0%| F|  |TAMS 0x0000000087600000, 0x0000000087600000| Untracked 
|  87|0x0000000087700000, 0x0000000087700000, 0x0000000087800000|  0%| F|  |TAMS 0x0000000087700000, 0x0000000087700000| Untracked 
|  88|0x0000000087800000, 0x0000000087800000, 0x0000000087900000|  0%| F|  |TAMS 0x0000000087800000, 0x0000000087800000| Untracked 
|  89|0x0000000087900000, 0x0000000087900000, 0x0000000087a00000|  0%| F|  |TAMS 0x0000000087900000, 0x0000000087900000| Untracked 
|  90|0x0000000087a00000, 0x0000000087a00000, 0x0000000087b00000|  0%| F|  |TAMS 0x0000000087a00000, 0x0000000087a00000| Untracked 
|  91|0x0000000087b00000, 0x0000000087b00000, 0x0000000087c00000|  0%| F|  |TAMS 0x0000000087b00000, 0x0000000087b00000| Untracked 
|  92|0x0000000087c00000, 0x0000000087c00000, 0x0000000087d00000|  0%| F|  |TAMS 0x0000000087c00000, 0x0000000087c00000| Untracked 
|  93|0x0000000087d00000, 0x0000000087d00000, 0x0000000087e00000|  0%| F|  |TAMS 0x0000000087d00000, 0x0000000087d00000| Untracked 
|  94|0x0000000087e00000, 0x0000000087e00000, 0x0000000087f00000|  0%| F|  |TAMS 0x0000000087e00000, 0x0000000087e00000| Untracked 
|  95|0x0000000087f00000, 0x0000000087f00000, 0x0000000088000000|  0%| F|  |TAMS 0x0000000087f00000, 0x0000000087f00000| Untracked 
|  96|0x0000000088000000, 0x0000000088000000, 0x0000000088100000|  0%| F|  |TAMS 0x0000000088000000, 0x0000000088000000| Untracked 
|  97|0x0000000088100000, 0x0000000088100000, 0x0000000088200000|  0%| F|  |TAMS 0x0000000088100000, 0x0000000088100000| Untracked 
|  98|0x0000000088200000, 0x0000000088200000, 0x0000000088300000|  0%| F|  |TAMS 0x0000000088200000, 0x0000000088200000| Untracked 
|  99|0x0000000088300000, 0x0000000088300000, 0x0000000088400000|  0%| F|  |TAMS 0x0000000088300000, 0x0000000088300000| Untracked 
| 100|0x0000000088400000, 0x0000000088400000, 0x0000000088500000|  0%| F|  |TAMS 0x0000000088400000, 0x0000000088400000| Untracked 
| 101|0x0000000088500000, 0x0000000088500000, 0x0000000088600000|  0%| F|  |TAMS 0x0000000088500000, 0x0000000088500000| Untracked 
| 102|0x0000000088600000, 0x0000000088600000, 0x0000000088700000|  0%| F|  |TAMS 0x0000000088600000, 0x0000000088600000| Untracked 
| 103|0x0000000088700000, 0x0000000088700000, 0x0000000088800000|  0%| F|  |TAMS 0x0000000088700000, 0x0000000088700000| Untracked 
| 104|0x0000000088800000, 0x0000000088800000, 0x0000000088900000|  0%| F|  |TAMS 0x0000000088800000, 0x0000000088800000| Untracked 
| 105|0x0000000088900000, 0x0000000088900000, 0x0000000088a00000|  0%| F|  |TAMS 0x0000000088900000, 0x0000000088900000| Untracked 
| 106|0x0000000088a00000, 0x0000000088aeab28, 0x0000000088b00000| 91%| E|  |TAMS 0x0000000088a00000, 0x0000000088a00000| Complete 
| 107|0x0000000088b00000, 0x0000000088c00000, 0x0000000088c00000|100%| E|CS|TAMS 0x0000000088b00000, 0x0000000088b00000| Complete 
| 108|0x0000000088c00000, 0x0000000088d00000, 0x0000000088d00000|100%| E|CS|TAMS 0x0000000088c00000, 0x0000000088c00000| Complete 
| 109|0x0000000088d00000, 0x0000000088e00000, 0x0000000088e00000|100%| E|CS|TAMS 0x0000000088d00000, 0x0000000088d00000| Complete 
| 110|0x0000000088e00000, 0x0000000088f00000, 0x0000000088f00000|100%| E|CS|TAMS 0x0000000088e00000, 0x0000000088e00000| Complete 
| 111|0x0000000088f00000, 0x0000000089000000, 0x0000000089000000|100%| E|CS|TAMS 0x0000000088f00000, 0x0000000088f00000| Complete 
| 112|0x0000000089000000, 0x0000000089100000, 0x0000000089100000|100%| E|CS|TAMS 0x0000000089000000, 0x0000000089000000| Complete 
| 113|0x0000000089100000, 0x0000000089200000, 0x0000000089200000|100%| E|CS|TAMS 0x0000000089100000, 0x0000000089100000| Complete 
| 114|0x0000000089200000, 0x0000000089300000, 0x0000000089300000|100%| E|CS|TAMS 0x0000000089200000, 0x0000000089200000| Complete 
| 115|0x0000000089300000, 0x0000000089400000, 0x0000000089400000|100%| E|CS|TAMS 0x0000000089300000, 0x0000000089300000| Complete 
| 116|0x0000000089400000, 0x0000000089459c10, 0x0000000089500000| 35%| S|CS|TAMS 0x0000000089400000, 0x0000000089400000| Complete 
| 117|0x0000000089500000, 0x0000000089600000, 0x0000000089600000|100%| S|CS|TAMS 0x0000000089500000, 0x0000000089500000| Complete 
| 118|0x0000000089600000, 0x0000000089700000, 0x0000000089700000|100%| E|CS|TAMS 0x0000000089600000, 0x0000000089600000| Complete 
| 119|0x0000000089700000, 0x0000000089800000, 0x0000000089800000|100%| E|CS|TAMS 0x0000000089700000, 0x0000000089700000| Complete 
| 120|0x0000000089800000, 0x0000000089900000, 0x0000000089900000|100%| E|CS|TAMS 0x0000000089800000, 0x0000000089800000| Complete 
| 121|0x0000000089900000, 0x0000000089a00000, 0x0000000089a00000|100%| E|CS|TAMS 0x0000000089900000, 0x0000000089900000| Complete 
| 122|0x0000000089a00000, 0x0000000089b00000, 0x0000000089b00000|100%| E|CS|TAMS 0x0000000089a00000, 0x0000000089a00000| Complete 
| 123|0x0000000089b00000, 0x0000000089c00000, 0x0000000089c00000|100%| E|CS|TAMS 0x0000000089b00000, 0x0000000089b00000| Complete 
| 124|0x0000000089c00000, 0x0000000089d00000, 0x0000000089d00000|100%| E|CS|TAMS 0x0000000089c00000, 0x0000000089c00000| Complete 
| 125|0x0000000089d00000, 0x0000000089e00000, 0x0000000089e00000|100%| E|CS|TAMS 0x0000000089d00000, 0x0000000089d00000| Complete 
| 126|0x0000000089e00000, 0x0000000089f00000, 0x0000000089f00000|100%| E|CS|TAMS 0x0000000089e00000, 0x0000000089e00000| Complete 
| 127|0x0000000089f00000, 0x000000008a000000, 0x000000008a000000|100%| E|CS|TAMS 0x0000000089f00000, 0x0000000089f00000| Complete 
| 128|0x000000008a000000, 0x000000008a100000, 0x000000008a100000|100%| E|CS|TAMS 0x000000008a000000, 0x000000008a000000| Complete 
| 129|0x000000008a100000, 0x000000008a200000, 0x000000008a200000|100%| E|CS|TAMS 0x000000008a100000, 0x000000008a100000| Complete 
| 130|0x000000008a200000, 0x000000008a300000, 0x000000008a300000|100%| E|CS|TAMS 0x000000008a200000, 0x000000008a200000| Complete 
| 131|0x000000008a300000, 0x000000008a400000, 0x000000008a400000|100%| E|CS|TAMS 0x000000008a300000, 0x000000008a300000| Complete 
| 132|0x000000008a400000, 0x000000008a500000, 0x000000008a500000|100%| E|CS|TAMS 0x000000008a400000, 0x000000008a400000| Complete 
| 133|0x000000008a500000, 0x000000008a600000, 0x000000008a600000|100%| E|CS|TAMS 0x000000008a500000, 0x000000008a500000| Complete 
| 134|0x000000008a600000, 0x000000008a700000, 0x000000008a700000|100%| E|CS|TAMS 0x000000008a600000, 0x000000008a600000| Complete 
| 135|0x000000008a700000, 0x000000008a800000, 0x000000008a800000|100%| E|CS|TAMS 0x000000008a700000, 0x000000008a700000| Complete 
| 136|0x000000008a800000, 0x000000008a900000, 0x000000008a900000|100%| E|CS|TAMS 0x000000008a800000, 0x000000008a800000| Complete 
| 137|0x000000008a900000, 0x000000008aa00000, 0x000000008aa00000|100%| E|CS|TAMS 0x000000008a900000, 0x000000008a900000| Complete 
|2014|0x00000000ffe00000, 0x00000000fff00000, 0x00000000fff00000|100%| O|  |TAMS 0x00000000fff00000, 0x00000000fff00000| Untracked 
|2015|0x00000000fff00000, 0x0000000100000000, 0x0000000100000000|100%| O|  |TAMS 0x0000000100000000, 0x0000000100000000| Untracked 

Card table byte_map: [0x00000263d2b80000,0x00000263d2f70000] _byte_map_base: 0x00000263d2770000

Marking Bits (Prev, Next): (CMBitMap*) 0x00000263bbba3300, (CMBitMap*) 0x00000263bbba32c0
 Prev Bits: [0x00000263d52e0000, 0x00000263d7260000)
 Next Bits: [0x00000263d3360000, 0x00000263d52e0000)

Polling page: 0x00000263b9ac0000

Metaspace:

Usage:
  Non-class:     28.83 MB used.
      Class:      4.45 MB used.
       Both:     33.28 MB used.

Virtual space:
  Non-class space:       64.00 MB reserved,      29.00 MB ( 45%) committed,  1 nodes.
      Class space:        1.00 GB reserved,       4.62 MB ( <1%) committed,  1 nodes.
             Both:        1.06 GB reserved,      33.62 MB (  3%) committed. 

Chunk freelists:
   Non-Class:  2.88 MB
       Class:  3.22 MB
        Both:  6.10 MB

MaxMetaspaceSize: unlimited
CompressedClassSpaceSize: 1.00 GB
Initial GC threshold: 21.00 MB
Current GC threshold: 50.62 MB
CDS: on
MetaspaceReclaimPolicy: balanced
 - commit_granule_bytes: 65536.
 - commit_granule_words: 8192.
 - virtual_space_node_default_size: 8388608.
 - enlarge_chunks_in_place: 1.
 - new_chunks_are_fully_committed: 0.
 - uncommit_free_chunks: 1.
 - use_allocation_guard: 0.


Internal statistics:

num_allocs_failed_limit: 3.
num_arena_births: 422.
num_arena_deaths: 0.
num_vsnodes_births: 2.
num_vsnodes_deaths: 0.
num_space_committed: 538.
num_space_uncommitted: 0.
num_chunks_returned_to_freelist: 3.
num_chunks_taken_from_freelist: 1348.
num_chunk_merges: 3.
num_chunk_splits: 971.
num_chunks_enlarged: 780.
num_inconsistent_stats: 0.

CodeHeap 'non-profiled nmethods': size=120000Kb used=2134Kb max_used=2134Kb free=117865Kb
 bounds [0x00000263caf30000, 0x00000263cb1a0000, 0x00000263d2460000]
CodeHeap 'profiled nmethods': size=120000Kb used=11633Kb max_used=11633Kb free=108366Kb
 bounds [0x00000263c3a00000, 0x00000263c4560000, 0x00000263caf30000]
CodeHeap 'non-nmethods': size=5760Kb used=1559Kb max_used=1616Kb free=4200Kb
 bounds [0x00000263c3460000, 0x00000263c36d0000, 0x00000263c3a00000]
 total_blobs=6292 nmethods=5353 adapters=851
 compilation: enabled
              stopped_count=0, restarted_count=0
 full_count=0

Compilation events (20 events):
Event: 13.779 Thread 0x00000263df71f690 nmethod 5149 0x00000263cb137c10 code [0x00000263cb137dc0, 0x00000263cb137f38]
Event: 13.782 Thread 0x00000263d9c62300 5243       1       com.sun.scenario.effect.FilterContext::getReferent (5 bytes)
Event: 13.782 Thread 0x00000263d9c62300 nmethod 5243 0x00000263cb138110 code [0x00000263cb1382a0, 0x00000263cb138378]
Event: 13.783 Thread 0x00000263d9c62300 5244       3       java.lang.invoke.InvokerBytecodeGenerator::addMethod (725 bytes)
Event: 13.785 Thread 0x00000263d9c62300 nmethod 5244 0x00000263c451f390 code [0x00000263c451f8c0, 0x00000263c4521cf8]
Event: 13.785 Thread 0x00000263d9c62300 5245       3       com.sun.javafx.geom.Rectangle::<init> (9 bytes)
Event: 13.785 Thread 0x00000263d9c62300 nmethod 5245 0x00000263c4522910 code [0x00000263c4522ac0, 0x00000263c4522c98]
Event: 13.791 Thread 0x00000263d9c62300 5246       1       com.sun.prism.impl.shape.MaskData::getOriginX (5 bytes)
Event: 13.791 Thread 0x00000263d9c62300 nmethod 5246 0x00000263cb138410 code [0x00000263cb1385a0, 0x00000263cb138678]
Event: 13.791 Thread 0x00000263d9c62300 5247       1       com.sun.prism.impl.shape.MaskData::getOriginY (5 bytes)
Event: 13.791 Thread 0x00000263d9c62300 nmethod 5247 0x00000263cb138710 code [0x00000263cb1388a0, 0x00000263cb138978]
Event: 13.806 Thread 0x00000263df71f690 5248   !   4       com.sun.prism.impl.GlyphCache::getCachedGlyph (491 bytes)
Event: 13.807 Thread 0x00000263d9c62300 5249       3       com.sun.prism.PixelFormat::getBytesPerPixelUnit (13 bytes)
Event: 13.807 Thread 0x00000263d9c62300 nmethod 5249 0x00000263c4522d90 code [0x00000263c4522f20, 0x00000263c4523058]
Event: 13.807 Thread 0x00000263d9c62300 5250       3       com.sun.javafx.font.directwrite.DWGlyph::checkBounds (161 bytes)
Event: 13.807 Thread 0x00000263d9c62300 nmethod 5250 0x00000263c4523110 code [0x00000263c4523340, 0x00000263c4523af8]
Event: 13.810 Thread 0x00000263d9c62300 5251       3       java.lang.invoke.InvokerBytecodeGenerator::<init> (80 bytes)
Event: 13.810 Thread 0x00000263d9c62300 nmethod 5251 0x00000263c4523d90 code [0x00000263c4523f60, 0x00000263c4524308]
Event: 13.815 Thread 0x00000263d9c62300 5254       1       com.sun.prism.d3d.D3DContext::getResourceFactory (5 bytes)
Event: 13.815 Thread 0x00000263d9c62300 nmethod 5254 0x00000263cb138a10 code [0x00000263cb138ba0, 0x00000263cb138c78]

GC Heap History (20 events):
Event: 1.774 GC heap before
{Heap before GC invocations=4 (full 0):
 garbage-first heap   total 37888K, used 31653K [0x0000000082000000, 0x0000000100000000)
  region size 1024K, 23 young (23552K), 6 survivors (6144K)
 Metaspace       used 24843K, committed 25216K, reserved 1114112K
  class space    used 3054K, committed 3264K, reserved 1048576K
}
Event: 1.780 GC heap after
{Heap after GC invocations=5 (full 0):
 garbage-first heap   total 40960K, used 16665K [0x0000000082000000, 0x0000000100000000)
  region size 1024K, 3 young (3072K), 3 survivors (3072K)
 Metaspace       used 24843K, committed 25216K, reserved 1114112K
  class space    used 3054K, committed 3264K, reserved 1048576K
}
Event: 2.044 GC heap before
{Heap before GC invocations=5 (full 0):
 garbage-first heap   total 40960K, used 29977K [0x0000000082000000, 0x0000000100000000)
  region size 1024K, 16 young (16384K), 3 survivors (3072K)
 Metaspace       used 27992K, committed 28352K, reserved 1114112K
  class space    used 3676K, committed 3840K, reserved 1048576K
}
Event: 2.049 GC heap after
{Heap after GC invocations=6 (full 0):
 garbage-first heap   total 40960K, used 18171K [0x0000000082000000, 0x0000000100000000)
  region size 1024K, 2 young (2048K), 2 survivors (2048K)
 Metaspace       used 27992K, committed 28352K, reserved 1114112K
  class space    used 3676K, committed 3840K, reserved 1048576K
}
Event: 2.070 GC heap before
{Heap before GC invocations=6 (full 0):
 garbage-first heap   total 40960K, used 19195K [0x0000000082000000, 0x0000000100000000)
  region size 1024K, 4 young (4096K), 2 survivors (2048K)
 Metaspace       used 28262K, committed 28672K, reserved 1114112K
  class space    used 3701K, committed 3904K, reserved 1048576K
}
Event: 2.072 GC heap after
{Heap after GC invocations=7 (full 0):
 garbage-first heap   total 40960K, used 18438K [0x0000000082000000, 0x0000000100000000)
  region size 1024K, 2 young (2048K), 2 survivors (2048K)
 Metaspace       used 28262K, committed 28672K, reserved 1114112K
  class space    used 3701K, committed 3904K, reserved 1048576K
}
Event: 12.503 GC heap before
{Heap before GC invocations=7 (full 0):
 garbage-first heap   total 40960K, used 32774K [0x0000000082000000, 0x0000000100000000)
  region size 1024K, 14 young (14336K), 2 survivors (2048K)
 Metaspace       used 30754K, committed 31104K, reserved 1114112K
  class space    used 4060K, committed 4224K, reserved 1048576K
}
Event: 12.506 GC heap after
{Heap after GC invocations=8 (full 0):
 garbage-first heap   total 54272K, used 21623K [0x0000000082000000, 0x0000000100000000)
  region size 1024K, 2 young (2048K), 2 survivors (2048K)
 Metaspace       used 30754K, committed 31104K, reserved 1114112K
  class space    used 4060K, committed 4224K, reserved 1048576K
}
Event: 12.514 GC heap before
{Heap before GC invocations=8 (full 0):
 garbage-first heap   total 54272K, used 21623K [0x0000000082000000, 0x0000000100000000)
  region size 1024K, 3 young (3072K), 2 survivors (2048K)
 Metaspace       used 30787K, committed 31104K, reserved 1114112K
  class space    used 4063K, committed 4224K, reserved 1048576K
}
Event: 12.515 GC heap after
{Heap after GC invocations=9 (full 0):
 garbage-first heap   total 54272K, used 21837K [0x0000000082000000, 0x0000000100000000)
  region size 1024K, 2 young (2048K), 2 survivors (2048K)
 Metaspace       used 30787K, committed 31104K, reserved 1114112K
  class space    used 4063K, committed 4224K, reserved 1048576K
}
Event: 12.541 GC heap before
{Heap before GC invocations=9 (full 0):
 garbage-first heap   total 54272K, used 26957K [0x0000000082000000, 0x0000000100000000)
  region size 1024K, 3 young (3072K), 2 survivors (2048K)
 Metaspace       used 30789K, committed 31104K, reserved 1114112K
  class space    used 4063K, committed 4224K, reserved 1048576K
}
Event: 12.543 GC heap after
{Heap after GC invocations=10 (full 0):
 garbage-first heap   total 54272K, used 26850K [0x0000000082000000, 0x0000000100000000)
  region size 1024K, 2 young (2048K), 2 survivors (2048K)
 Metaspace       used 30789K, committed 31104K, reserved 1114112K
  class space    used 4063K, committed 4224K, reserved 1048576K
}
Event: 12.573 GC heap before
{Heap before GC invocations=11 (full 0):
 garbage-first heap   total 58368K, used 31970K [0x0000000082000000, 0x0000000100000000)
  region size 1024K, 3 young (3072K), 2 survivors (2048K)
 Metaspace       used 30791K, committed 31104K, reserved 1114112K
  class space    used 4063K, committed 4224K, reserved 1048576K
}
Event: 12.576 GC heap after
{Heap after GC invocations=12 (full 0):
 garbage-first heap   total 58368K, used 31983K [0x0000000082000000, 0x0000000100000000)
  region size 1024K, 2 young (2048K), 2 survivors (2048K)
 Metaspace       used 30791K, committed 31104K, reserved 1114112K
  class space    used 4063K, committed 4224K, reserved 1048576K
}
Event: 12.609 GC heap before
{Heap before GC invocations=13 (full 0):
 garbage-first heap   total 66560K, used 37103K [0x0000000082000000, 0x0000000100000000)
  region size 1024K, 3 young (3072K), 2 survivors (2048K)
 Metaspace       used 30791K, committed 31104K, reserved 1114112K
  class space    used 4063K, committed 4224K, reserved 1048576K
}
Event: 12.611 GC heap after
{Heap after GC invocations=14 (full 0):
 garbage-first heap   total 66560K, used 37178K [0x0000000082000000, 0x0000000100000000)
  region size 1024K, 2 young (2048K), 2 survivors (2048K)
 Metaspace       used 30791K, committed 31104K, reserved 1114112K
  class space    used 4063K, committed 4224K, reserved 1048576K
}
Event: 12.634 GC heap before
{Heap before GC invocations=15 (full 0):
 garbage-first heap   total 75776K, used 42298K [0x0000000082000000, 0x0000000100000000)
  region size 1024K, 3 young (3072K), 2 survivors (2048K)
 Metaspace       used 30791K, committed 31104K, reserved 1114112K
  class space    used 4063K, committed 4224K, reserved 1048576K
}
Event: 12.636 GC heap after
{Heap after GC invocations=16 (full 0):
 garbage-first heap   total 75776K, used 42259K [0x0000000082000000, 0x0000000100000000)
  region size 1024K, 2 young (2048K), 2 survivors (2048K)
 Metaspace       used 30791K, committed 31104K, reserved 1114112K
  class space    used 4063K, committed 4224K, reserved 1048576K
}
Event: 12.665 GC heap before
{Heap before GC invocations=17 (full 0):
 garbage-first heap   total 83968K, used 47379K [0x0000000082000000, 0x0000000100000000)
  region size 1024K, 3 young (3072K), 2 survivors (2048K)
 Metaspace       used 30791K, committed 31104K, reserved 1114112K
  class space    used 4063K, committed 4224K, reserved 1048576K
}
Event: 12.668 GC heap after
{Heap after GC invocations=18 (full 0):
 garbage-first heap   total 143360K, used 47359K [0x0000000082000000, 0x0000000100000000)
  region size 1024K, 2 young (2048K), 2 survivors (2048K)
 Metaspace       used 30791K, committed 31104K, reserved 1114112K
  class space    used 4063K, committed 4224K, reserved 1048576K
}

Deoptimization events (20 events):
Event: 13.622 Thread 0x00000263decd3590 Uncommon trap: trap_request=0xffffffd6 fr.pc=0x00000263cb111e28 relative=0x0000000000000368
Event: 13.622 Thread 0x00000263decd3590 Uncommon trap: reason=array_check action=maybe_recompile pc=0x00000263cb111e28 method=javafx.css.CompoundSelector.applies(Ljavafx/css/Styleable;[Ljava/util/Set;I)Z @ 128 c2
Event: 13.622 Thread 0x00000263decd3590 DEOPT PACKING pc=0x00000263cb111e28 sp=0x000000bd506fc8d0
Event: 13.622 Thread 0x00000263decd3590 DEOPT UNPACKING pc=0x00000263c34b23a3 sp=0x000000bd506fc858 mode 2
Event: 13.624 Thread 0x00000263decd3590 DEOPT PACKING pc=0x00000263c429f4e8 sp=0x000000bd506fc6d0
Event: 13.624 Thread 0x00000263decd3590 DEOPT UNPACKING pc=0x00000263c34b2b43 sp=0x000000bd506fbb58 mode 0
Event: 13.634 Thread 0x00000263decd3590 DEOPT PACKING pc=0x00000263c420f95a sp=0x000000bd506fc4d0
Event: 13.634 Thread 0x00000263decd3590 DEOPT UNPACKING pc=0x00000263c34b2b43 sp=0x000000bd506fb9c0 mode 0
Event: 13.711 Thread 0x00000263decd3590 Uncommon trap: trap_request=0xffffff45 fr.pc=0x00000263cb0fa230 relative=0x00000000000009b0
Event: 13.711 Thread 0x00000263decd3590 Uncommon trap: reason=unstable_if action=reinterpret pc=0x00000263cb0fa230 method=javafx.scene.CssStyleHelper.getStyle(Ljavafx/css/Styleable;Ljava/lang/String;Lcom/sun/javafx/css/StyleMap;Ljava/util/Set;)Lcom/sun/javafx/css/CascadingStyle; @ 8 c2
Event: 13.711 Thread 0x00000263decd3590 DEOPT PACKING pc=0x00000263cb0fa230 sp=0x000000bd506fc530
Event: 13.711 Thread 0x00000263decd3590 DEOPT UNPACKING pc=0x00000263c34b23a3 sp=0x000000bd506fc4a0 mode 2
Event: 13.790 Thread 0x00000263deb29d80 Uncommon trap: trap_request=0xffffff45 fr.pc=0x00000263cb0c5070 relative=0x0000000000000070
Event: 13.790 Thread 0x00000263deb29d80 Uncommon trap: reason=unstable_if action=reinterpret pc=0x00000263cb0c5070 method=com.sun.javafx.font.CompositeStrike.getStrikeSlot(I)Lcom/sun/javafx/font/FontStrike; @ 8 c2
Event: 13.790 Thread 0x00000263deb29d80 DEOPT PACKING pc=0x00000263cb0c5070 sp=0x000000bd504fdde0
Event: 13.790 Thread 0x00000263deb29d80 DEOPT UNPACKING pc=0x00000263c34b23a3 sp=0x000000bd504fdd68 mode 2
Event: 13.790 Thread 0x00000263deb29d80 Uncommon trap: trap_request=0xfffffff4 fr.pc=0x00000263cb0d4824 relative=0x0000000000000344
Event: 13.790 Thread 0x00000263deb29d80 Uncommon trap: reason=null_check action=make_not_entrant pc=0x00000263cb0d4824 method=com.sun.prism.impl.GlyphCache.getCachedGlyph(II)Lcom/sun/prism/impl/GlyphCache$GlyphData; @ 28 c2
Event: 13.790 Thread 0x00000263deb29d80 DEOPT PACKING pc=0x00000263cb0d4824 sp=0x000000bd504fda00
Event: 13.790 Thread 0x00000263deb29d80 DEOPT UNPACKING pc=0x00000263c34b23a3 sp=0x000000bd504fd900 mode 2

Classes loaded (20 events):
Event: 2.051 Loading class jdk/internal/ref/CleanerImpl$InnocuousThreadFactory
Event: 2.051 Loading class jdk/internal/ref/CleanerImpl$InnocuousThreadFactory done
Event: 2.057 Loading class sun/misc/Unsafe
Event: 2.057 Loading class sun/misc/Unsafe done
Event: 12.252 Loading class java/util/TimerTask
Event: 12.252 Loading class java/util/TimerTask done
Event: 12.261 Loading class java/time/format/DateTimeParseException
Event: 12.261 Loading class java/time/DateTimeException
Event: 12.261 Loading class java/time/DateTimeException done
Event: 12.261 Loading class java/time/format/DateTimeParseException done
Event: 12.486 Loading class java/text/ParseException
Event: 12.486 Loading class java/text/ParseException done
Event: 13.514 Loading class java/util/BitSet$1BitSetSpliterator
Event: 13.514 Loading class java/util/BitSet$1BitSetSpliterator done
Event: 13.514 Loading class java/util/stream/IntPipeline$1
Event: 13.514 Loading class java/util/stream/IntPipeline$1 done
Event: 13.514 Loading class java/util/stream/IntPipeline$1$1
Event: 13.514 Loading class java/util/stream/IntPipeline$1$1 done
Event: 13.705 Loading class java/text/FieldPosition$Delegate
Event: 13.705 Loading class java/text/FieldPosition$Delegate done

Classes unloaded (0 events):
No events

Classes redefined (0 events):
No events

Internal exceptions (20 events):
Event: 1.978 Thread 0x00000263decd3590 Exception <a 'java/lang/NoSuchMethodError'{0x0000000083ad86f8}: 'long java.lang.invoke.DirectMethodHandle$Holder.invokeStatic(java.lang.Object, java.lang.Object, java.lang.Object)'> (0x0000000083ad86f8) 
thrown [s\open\src\hotspot\share\interpreter\linkResolver.cpp, line 766]
Event: 1.978 Thread 0x00000263decd3590 Exception <a 'java/lang/NoSuchMethodError'{0x0000000083adbe98}: 'long java.lang.invoke.DirectMethodHandle$Holder.invokeStaticInit(java.lang.Object, java.lang.Object, java.lang.Object)'> (0x0000000083adbe98) 
thrown [s\open\src\hotspot\share\interpreter\linkResolver.cpp, line 766]
Event: 1.980 Thread 0x00000263decd3590 Exception <a 'java/lang/NoSuchMethodError'{0x00000000839a17a0}: 'java.lang.Object java.lang.invoke.DirectMethodHandle$Holder.newInvokeSpecial(java.lang.Object, java.lang.Object, long)'> (0x00000000839a17a0) 
thrown [s\open\src\hotspot\share\interpreter\linkResolver.cpp, line 766]
Event: 1.980 Thread 0x00000263decd3590 Exception <a 'java/lang/NoSuchMethodError'{0x00000000839a5318}: 'java.lang.Object java.lang.invoke.Invokers$Holder.linkToTargetMethod(java.lang.Object, long, java.lang.Object)'> (0x00000000839a5318) 
thrown [s\open\src\hotspot\share\interpreter\linkResolver.cpp, line 766]
Event: 12.451 Thread 0x00000263decd3590 Exception <a 'java/io/FileNotFoundException'{0x0000000083a12a98}> (0x0000000083a12a98) 
thrown [s\open\src\hotspot\share\prims\jni.cpp, line 516]
Event: 12.455 Thread 0x00000263decd3590 Exception <a 'java/io/FileNotFoundException'{0x0000000083a2cd80}> (0x0000000083a2cd80) 
thrown [s\open\src\hotspot\share\prims\jni.cpp, line 516]
Event: 12.456 Thread 0x00000263decd3590 Exception <a 'java/io/FileNotFoundException'{0x0000000083a327a8}> (0x0000000083a327a8) 
thrown [s\open\src\hotspot\share\prims\jni.cpp, line 516]
Event: 12.457 Thread 0x00000263decd3590 Exception <a 'java/io/FileNotFoundException'{0x0000000083a3c690}> (0x0000000083a3c690) 
thrown [s\open\src\hotspot\share\prims\jni.cpp, line 516]
Event: 12.459 Thread 0x00000263decd3590 Exception <a 'java/io/FileNotFoundException'{0x0000000083a50f50}> (0x0000000083a50f50) 
thrown [s\open\src\hotspot\share\prims\jni.cpp, line 516]
Event: 12.463 Thread 0x00000263decd3590 Exception <a 'java/io/FileNotFoundException'{0x0000000083a7e6f0}> (0x0000000083a7e6f0) 
thrown [s\open\src\hotspot\share\prims\jni.cpp, line 516]
Event: 12.464 Thread 0x00000263decd3590 Exception <a 'java/io/FileNotFoundException'{0x0000000083a8ad60}> (0x0000000083a8ad60) 
thrown [s\open\src\hotspot\share\prims\jni.cpp, line 516]
Event: 12.466 Thread 0x00000263decd3590 Exception <a 'java/io/FileNotFoundException'{0x0000000083a973d0}> (0x0000000083a973d0) 
thrown [s\open\src\hotspot\share\prims\jni.cpp, line 516]
Event: 12.767 Thread 0x00000263decd3590 Implicit null exception at 0x00000263caf78cd2 to 0x00000263caf79210
Event: 12.798 Thread 0x00000263decd3590 Implicit null exception at 0x00000263caf8c452 to 0x00000263caf8c980
Event: 12.801 Thread 0x00000263decd3590 Exception <a 'java/lang/NoSuchMethodError'{0x000000008a9d9dd8}: 'java.lang.Object java.lang.invoke.DirectMethodHandle$Holder.invokeSpecial(java.lang.Object, java.lang.Object, java.lang.Object, double)'> (0x000000008a9d9dd8) 
thrown [s\open\src\hotspot\share\interpreter\linkResolver.cpp, line 766]
Event: 13.453 Thread 0x00000263decd3590 Exception <a 'java/lang/NoSuchMethodError'{0x000000008a1aff48}: 'int java.lang.invoke.DirectMethodHandle$Holder.invokeVirtual(java.lang.Object, java.lang.Object)'> (0x000000008a1aff48) 
thrown [s\open\src\hotspot\share\interpreter\linkResolver.cpp, line 766]
Event: 13.519 Thread 0x00000263decd3590 Implicit null exception at 0x00000263caff0e56 to 0x00000263caff10c8
Event: 13.520 Thread 0x00000263decd3590 Exception <a 'java/lang/NoSuchMethodError'{0x0000000089d6d010}: 'void java.lang.invoke.DirectMethodHandle$Holder.invokeSpecialIFC(java.lang.Object, java.lang.Object, java.lang.Object, java.lang.Object)'> (0x0000000089d6d010) 
thrown [s\open\src\hotspot\share\interpreter\linkResolver.cpp, line 766]
Event: 13.790 Thread 0x00000263deb29d80 Implicit null exception at 0x00000263cb0d4580 to 0x00000263cb0d4810
Event: 13.810 Thread 0x00000263deb29d80 Exception <a 'java/lang/NoSuchMethodError'{0x0000000088ba03c8}: 'java.lang.Object java.lang.invoke.DirectMethodHandle$Holder.invokeStaticInit(java.lang.Object, int)'> (0x0000000088ba03c8) 
thrown [s\open\src\hotspot\share\interpreter\linkResolver.cpp, line 766]

VM Operations (20 events):
Event: 12.802 Executing VM operation: HandshakeAllThreads
Event: 12.802 Executing VM operation: HandshakeAllThreads done
Event: 13.146 Executing VM operation: HandshakeAllThreads
Event: 13.146 Executing VM operation: HandshakeAllThreads done
Event: 13.397 Executing VM operation: HandshakeAllThreads
Event: 13.398 Executing VM operation: HandshakeAllThreads done
Event: 13.403 Executing VM operation: HandshakeAllThreads
Event: 13.403 Executing VM operation: HandshakeAllThreads done
Event: 13.406 Executing VM operation: HandshakeAllThreads
Event: 13.406 Executing VM operation: HandshakeAllThreads done
Event: 13.456 Executing VM operation: ICBufferFull
Event: 13.456 Executing VM operation: ICBufferFull done
Event: 13.578 Executing VM operation: HandshakeAllThreads
Event: 13.578 Executing VM operation: HandshakeAllThreads done
Event: 13.592 Executing VM operation: ICBufferFull
Event: 13.592 Executing VM operation: ICBufferFull done
Event: 13.745 Executing VM operation: ICBufferFull
Event: 13.745 Executing VM operation: ICBufferFull done
Event: 13.759 Executing VM operation: HandshakeAllThreads
Event: 13.760 Executing VM operation: HandshakeAllThreads done

Events (20 events):
Event: 0.498 Loaded shared library C:\Users\Win10\.openjfx\cache\18.0.2+2\prism_d3d.dll
Event: 0.542 Loaded shared library C:\Users\Win10\.openjfx\cache\18.0.2+2\glass.dll
Event: 0.543 Thread 0x00000263ded03280 Thread added: 0x00000263ded03280
Event: 0.546 Thread 0x00000263decd3590 Thread added: 0x00000263decd3590
Event: 0.614 Thread 0x00000263def85870 Thread added: 0x00000263def85870
Event: 0.615 Thread 0x00000263def86140 Thread added: 0x00000263def86140
Event: 0.629 Thread 0x00000263de144a60 Thread exited: 0x00000263de144a60
Event: 0.631 Loaded shared library C:\Program Files\Java\jdk-18.0.1.1\bin\jimage.dll
Event: 0.677 Loaded shared library C:\Program Files\Java\jdk-18.0.1.1\bin\management.dll
Event: 0.679 Loaded shared library C:\Program Files\Java\jdk-18.0.1.1\bin\management_ext.dll
Event: 0.823 Thread 0x00000263df23f460 Thread added: 0x00000263df23f460
Event: 0.823 Thread 0x00000263df23f460 Thread exited: 0x00000263df23f460
Event: 1.076 Thread 0x00000263df23e120 Thread added: 0x00000263df23e120
Event: 1.211 Loaded shared library C:\Program Files\Java\jdk-18.0.1.1\bin\sunmscapi.dll
Event: 1.494 Loaded shared library C:\Users\Win10\.openjfx\cache\18.0.2+2\javafx_font.dll
Event: 1.828 Thread 0x00000263df23ef90 Thread added: 0x00000263df23ef90
Event: 2.051 Thread 0x00000263df23d780 Thread added: 0x00000263df23d780
Event: 2.246 Thread 0x00000263de144340 Thread exited: 0x00000263de144340
Event: 12.218 Thread 0x00000263df71f690 Thread added: 0x00000263df71f690
Event: 12.263 Loaded shared library C:\Program Files\Java\jdk-18.0.1.1\bin\verify.dll


Dynamic libraries:
0x00007ff71fdf0000 - 0x00007ff71fe00000 	C:\Program Files\Java\jdk-18.0.1.1\bin\java.exe
0x00007ffefc250000 - 0x00007ffefc467000 	C:\WINDOWS\SYSTEM32\ntdll.dll
0x00007ffefa9f0000 - 0x00007ffefaab4000 	C:\WINDOWS\System32\KERNEL32.DLL
0x00007ffef9960000 - 0x00007ffef9d06000 	C:\WINDOWS\System32\KERNELBASE.dll
0x00007ffef9630000 - 0x00007ffef9741000 	C:\WINDOWS\System32\ucrtbase.dll
0x00007ffef0e80000 - 0x00007ffef0e98000 	C:\Program Files\Java\jdk-18.0.1.1\bin\jli.dll
0x00007ffefa5e0000 - 0x00007ffefa693000 	C:\WINDOWS\System32\ADVAPI32.dll
0x00007ffef0b90000 - 0x00007ffef0baa000 	C:\Program Files\Java\jdk-18.0.1.1\bin\VCRUNTIME140.dll
0x00007ffefa530000 - 0x00007ffefa5d7000 	C:\WINDOWS\System32\msvcrt.dll
0x00007ffefacf0000 - 0x00007ffefad98000 	C:\WINDOWS\System32\sechost.dll
0x00007ffef9e30000 - 0x00007ffef9e58000 	C:\WINDOWS\System32\bcrypt.dll
0x00007ffefa6a0000 - 0x00007ffefa7b7000 	C:\WINDOWS\System32\RPCRT4.dll
0x00007ffefab40000 - 0x00007ffefacee000 	C:\WINDOWS\System32\USER32.dll
0x00007ffef9930000 - 0x00007ffef9956000 	C:\WINDOWS\System32\win32u.dll
0x00007ffee3f40000 - 0x00007ffee41d3000 	C:\WINDOWS\WinSxS\amd64_microsoft.windows.common-controls_6595b64144ccf1df_6.0.22621.2506_none_270c5ae97388e100\COMCTL32.dll
0x00007ffefa350000 - 0x00007ffefa379000 	C:\WINDOWS\System32\GDI32.dll
0x00007ffef9d10000 - 0x00007ffef9e28000 	C:\WINDOWS\System32\gdi32full.dll
0x00007ffef9590000 - 0x00007ffef962a000 	C:\WINDOWS\System32\msvcp_win.dll
0x00007ffeef680000 - 0x00007ffeef68a000 	C:\WINDOWS\SYSTEM32\VERSION.dll
0x00007ffefa070000 - 0x00007ffefa0a1000 	C:\WINDOWS\System32\IMM32.DLL
0x00007ffef1460000 - 0x00007ffef146c000 	C:\Program Files\Java\jdk-18.0.1.1\bin\vcruntime140_1.dll
0x00007ffeed280000 - 0x00007ffeed30d000 	C:\Program Files\Java\jdk-18.0.1.1\bin\msvcp140.dll
0x00007ffe90880000 - 0x00007ffe91490000 	C:\Program Files\Java\jdk-18.0.1.1\bin\server\jvm.dll
0x00007ffefbd80000 - 0x00007ffefbd88000 	C:\WINDOWS\System32\PSAPI.DLL
0x00007ffef5580000 - 0x00007ffef5589000 	C:\WINDOWS\SYSTEM32\WSOCK32.dll
0x00007ffef16b0000 - 0x00007ffef16e4000 	C:\WINDOWS\SYSTEM32\WINMM.dll
0x00007ffefa150000 - 0x00007ffefa1c1000 	C:\WINDOWS\System32\WS2_32.dll
0x00007ffef8650000 - 0x00007ffef8668000 	C:\WINDOWS\SYSTEM32\kernel.appcore.dll
0x00007ffef1370000 - 0x00007ffef137a000 	C:\Program Files\Java\jdk-18.0.1.1\bin\jimage.dll
0x00007ffef6c50000 - 0x00007ffef6e83000 	C:\WINDOWS\SYSTEM32\DBGHELP.DLL
0x00007ffefb9f0000 - 0x00007ffefbd79000 	C:\WINDOWS\System32\combase.dll
0x00007ffefa910000 - 0x00007ffefa9e7000 	C:\WINDOWS\System32\OLEAUT32.dll
0x00007ffedd4f0000 - 0x00007ffedd522000 	C:\WINDOWS\SYSTEM32\dbgcore.DLL
0x00007ffef9f20000 - 0x00007ffef9f9a000 	C:\WINDOWS\System32\bcryptPrimitives.dll
0x00007ffef5480000 - 0x00007ffef548e000 	C:\Program Files\Java\jdk-18.0.1.1\bin\instrument.dll
0x00007ffeee290000 - 0x00007ffeee2b5000 	C:\Program Files\Java\jdk-18.0.1.1\bin\java.dll
0x00007ffeae790000 - 0x00007ffeae866000 	C:\Program Files\Java\jdk-18.0.1.1\bin\jsvml.dll
0x00007ffefb0e0000 - 0x00007ffefb93a000 	C:\WINDOWS\System32\SHELL32.dll
0x00007ffef74f0000 - 0x00007ffef7de6000 	C:\WINDOWS\SYSTEM32\windows.storage.dll
0x00007ffef73b0000 - 0x00007ffef74ee000 	C:\WINDOWS\SYSTEM32\wintypes.dll
0x00007ffefadb0000 - 0x00007ffefaea3000 	C:\WINDOWS\System32\SHCORE.dll
0x00007ffefa2f0000 - 0x00007ffefa34e000 	C:\WINDOWS\System32\shlwapi.dll
0x00007ffef94c0000 - 0x00007ffef94e6000 	C:\WINDOWS\SYSTEM32\profapi.dll
0x00007ffef0b70000 - 0x00007ffef0b83000 	C:\Program Files\Java\jdk-18.0.1.1\bin\net.dll
0x00007ffef2670000 - 0x00007ffef27a7000 	C:\WINDOWS\SYSTEM32\WINHTTP.dll
0x00007ffef8b30000 - 0x00007ffef8b99000 	C:\WINDOWS\system32\mswsock.dll
0x00007ffef04f0000 - 0x00007ffef0506000 	C:\Program Files\Java\jdk-18.0.1.1\bin\nio.dll
0x00007ffeee270000 - 0x00007ffeee288000 	C:\Program Files\Java\jdk-18.0.1.1\bin\zip.dll
0x00007ffef4c20000 - 0x00007ffef4c3a000 	E:\IntelliJ IDEA Community Edition 2023.3.3\bin\breakgen64.dll
0x00000263b9b10000 - 0x00000263b9b13000 	C:\Users\Win10\.openjfx\cache\18.0.2+2\api-ms-win-core-console-l1-1-0.dll
0x00000263b9b20000 - 0x00000263b9b23000 	C:\Users\Win10\.openjfx\cache\18.0.2+2\api-ms-win-core-console-l1-2-0.dll
0x00000263b9b30000 - 0x00000263b9b33000 	C:\Users\Win10\.openjfx\cache\18.0.2+2\api-ms-win-core-datetime-l1-1-0.dll
0x00000263bbac0000 - 0x00000263bbac3000 	C:\Users\Win10\.openjfx\cache\18.0.2+2\api-ms-win-core-debug-l1-1-0.dll
0x00000263bbad0000 - 0x00000263bbad3000 	C:\Users\Win10\.openjfx\cache\18.0.2+2\api-ms-win-core-errorhandling-l1-1-0.dll
0x00000263bbae0000 - 0x00000263bbae4000 	C:\Users\Win10\.openjfx\cache\18.0.2+2\api-ms-win-core-file-l1-1-0.dll
0x00000263d9de0000 - 0x00000263d9de3000 	C:\Users\Win10\.openjfx\cache\18.0.2+2\api-ms-win-core-file-l1-2-0.dll
0x00000263d9df0000 - 0x00000263d9df3000 	C:\Users\Win10\.openjfx\cache\18.0.2+2\api-ms-win-core-file-l2-1-0.dll
0x00000263d9e00000 - 0x00000263d9e03000 	C:\Users\Win10\.openjfx\cache\18.0.2+2\api-ms-win-core-handle-l1-1-0.dll
0x00000263d9e10000 - 0x00000263d9e13000 	C:\Users\Win10\.openjfx\cache\18.0.2+2\api-ms-win-core-heap-l1-1-0.dll
0x00000263d9e20000 - 0x00000263d9e23000 	C:\Users\Win10\.openjfx\cache\18.0.2+2\api-ms-win-core-interlocked-l1-1-0.dll
0x00000263d9e30000 - 0x00000263d9e33000 	C:\Users\Win10\.openjfx\cache\18.0.2+2\api-ms-win-core-libraryloader-l1-1-0.dll
0x00000263d9e40000 - 0x00000263d9e43000 	C:\Users\Win10\.openjfx\cache\18.0.2+2\api-ms-win-core-localization-l1-2-0.dll
0x00000263d9e50000 - 0x00000263d9e53000 	C:\Users\Win10\.openjfx\cache\18.0.2+2\api-ms-win-core-memory-l1-1-0.dll
0x00000263d9e60000 - 0x00000263d9e63000 	C:\Users\Win10\.openjfx\cache\18.0.2+2\api-ms-win-core-namedpipe-l1-1-0.dll
0x00000263d9e70000 - 0x00000263d9e73000 	C:\Users\Win10\.openjfx\cache\18.0.2+2\api-ms-win-core-processenvironment-l1-1-0.dll
0x00000263d9e80000 - 0x00000263d9e83000 	C:\Users\Win10\.openjfx\cache\18.0.2+2\api-ms-win-core-processthreads-l1-1-0.dll
0x00000263d9e90000 - 0x00000263d9e93000 	C:\Users\Win10\.openjfx\cache\18.0.2+2\api-ms-win-core-processthreads-l1-1-1.dll
0x00000263d9ea0000 - 0x00000263d9ea3000 	C:\Users\Win10\.openjfx\cache\18.0.2+2\api-ms-win-core-profile-l1-1-0.dll
0x00000263d9eb0000 - 0x00000263d9eb3000 	C:\Users\Win10\.openjfx\cache\18.0.2+2\api-ms-win-core-rtlsupport-l1-1-0.dll
0x00000263d9ec0000 - 0x00000263d9ec3000 	C:\Users\Win10\.openjfx\cache\18.0.2+2\api-ms-win-core-string-l1-1-0.dll
0x00000263d9ed0000 - 0x00000263d9ed3000 	C:\Users\Win10\.openjfx\cache\18.0.2+2\api-ms-win-core-synch-l1-1-0.dll
0x00000263d9ee0000 - 0x00000263d9ee3000 	C:\Users\Win10\.openjfx\cache\18.0.2+2\api-ms-win-core-synch-l1-2-0.dll
0x00000263d9ef0000 - 0x00000263d9ef3000 	C:\Users\Win10\.openjfx\cache\18.0.2+2\api-ms-win-core-sysinfo-l1-1-0.dll
0x00000263d9f00000 - 0x00000263d9f03000 	C:\Users\Win10\.openjfx\cache\18.0.2+2\api-ms-win-core-timezone-l1-1-0.dll
0x00000263d9f10000 - 0x00000263d9f13000 	C:\Users\Win10\.openjfx\cache\18.0.2+2\api-ms-win-core-util-l1-1-0.dll
0x00000263d9f20000 - 0x00000263d9f23000 	C:\Users\Win10\.openjfx\cache\18.0.2+2\api-ms-win-crt-conio-l1-1-0.dll
0x00000263d9f30000 - 0x00000263d9f34000 	C:\Users\Win10\.openjfx\cache\18.0.2+2\api-ms-win-crt-convert-l1-1-0.dll
0x00000263d9f40000 - 0x00000263d9f43000 	C:\Users\Win10\.openjfx\cache\18.0.2+2\api-ms-win-crt-environment-l1-1-0.dll
0x00000263d9f50000 - 0x00000263d9f53000 	C:\Users\Win10\.openjfx\cache\18.0.2+2\api-ms-win-crt-filesystem-l1-1-0.dll
0x00000263d9f60000 - 0x00000263d9f63000 	C:\Users\Win10\.openjfx\cache\18.0.2+2\api-ms-win-crt-heap-l1-1-0.dll
0x00000263d9f70000 - 0x00000263d9f73000 	C:\Users\Win10\.openjfx\cache\18.0.2+2\api-ms-win-crt-locale-l1-1-0.dll
0x00000263d9f80000 - 0x00000263d9f85000 	C:\Users\Win10\.openjfx\cache\18.0.2+2\api-ms-win-crt-math-l1-1-0.dll
0x00000263d9f90000 - 0x00000263d9f95000 	C:\Users\Win10\.openjfx\cache\18.0.2+2\api-ms-win-crt-multibyte-l1-1-0.dll
0x00000263d9fa0000 - 0x00000263d9fb0000 	C:\Users\Win10\.openjfx\cache\18.0.2+2\api-ms-win-crt-private-l1-1-0.dll
0x00000263d9fb0000 - 0x00000263d9fb3000 	C:\Users\Win10\.openjfx\cache\18.0.2+2\api-ms-win-crt-process-l1-1-0.dll
0x00000263d9fc0000 - 0x00000263d9fc4000 	C:\Users\Win10\.openjfx\cache\18.0.2+2\api-ms-win-crt-runtime-l1-1-0.dll
0x00000263d9fd0000 - 0x00000263d9fd4000 	C:\Users\Win10\.openjfx\cache\18.0.2+2\api-ms-win-crt-stdio-l1-1-0.dll
0x00000263d9fe0000 - 0x00000263d9fe4000 	C:\Users\Win10\.openjfx\cache\18.0.2+2\api-ms-win-crt-string-l1-1-0.dll
0x00000263d9ff0000 - 0x00000263d9ff3000 	C:\Users\Win10\.openjfx\cache\18.0.2+2\api-ms-win-crt-time-l1-1-0.dll
0x00000263dfbd0000 - 0x00000263dfbd3000 	C:\Users\Win10\.openjfx\cache\18.0.2+2\api-ms-win-crt-utility-l1-1-0.dll
0x00007ffeec580000 - 0x00007ffeec67c000 	C:\Users\Win10\.openjfx\cache\18.0.2+2\ucrtbase.dll
0x00007ffef4c00000 - 0x00007ffef4c1a000 	C:\Users\Win10\.openjfx\cache\18.0.2+2\vcruntime140.dll
0x00007ffef4430000 - 0x00007ffef443c000 	C:\Users\Win10\.openjfx\cache\18.0.2+2\vcruntime140_1.dll
0x00007ffeedaa0000 - 0x00007ffeedb2d000 	C:\Users\Win10\.openjfx\cache\18.0.2+2\msvcp140.dll
0x00007ffeee2d0000 - 0x00007ffeee2fc000 	C:\Users\Win10\.openjfx\cache\18.0.2+2\prism_d3d.dll
0x00007ffec3d50000 - 0x00007ffec3ef9000 	C:\WINDOWS\system32\d3d9.dll
0x00007ffef6950000 - 0x00007ffef697b000 	C:\WINDOWS\SYSTEM32\dwmapi.dll
0x00007ffef6910000 - 0x00007ffef6946000 	C:\WINDOWS\SYSTEM32\dxcore.dll
0x00007ffef6650000 - 0x00007ffef66fb000 	C:\WINDOWS\system32\uxtheme.dll
0x00007ffeeaf10000 - 0x00007ffeeb075000 	C:\WINDOWS\System32\DriverStore\FileRepository\iigd_dch.inf_amd64_e6980897e3126266\igdumdim64.dll
0x00007ffefa390000 - 0x00007ffefa530000 	C:\WINDOWS\System32\ole32.dll
0x00007ffea5b30000 - 0x00007ffea97bb000 	C:\WINDOWS\System32\DriverStore\FileRepository\iigd_dch.inf_amd64_e6980897e3126266\igd9dxva64.dll
0x00007ffefbd90000 - 0x00007ffefc204000 	C:\WINDOWS\System32\SETUPAPI.dll
0x00007ffef92a0000 - 0x00007ffef92ee000 	C:\WINDOWS\SYSTEM32\cfgmgr32.dll
0x00007ffeea430000 - 0x00007ffeea766000 	C:\WINDOWS\System32\DriverStore\FileRepository\iigd_dch.inf_amd64_e6980897e3126266\igdgmm64.dll
0x00007ffef1900000 - 0x00007ffef194a000 	C:\WINDOWS\SYSTEM32\directxdatabasehelper.dll
0x00007ffeed230000 - 0x00007ffeed272000 	C:\Users\Win10\.openjfx\cache\18.0.2+2\glass.dll
0x00007ffefa1d0000 - 0x00007ffefa2c9000 	C:\WINDOWS\System32\COMDLG32.dll
0x00007ffefa7c0000 - 0x00007ffefa910000 	C:\WINDOWS\System32\MSCTF.dll
0x00007ffeed360000 - 0x00007ffeed387000 	C:\WINDOWS\System32\DriverStore\FileRepository\iigd_dch.inf_amd64_e6980897e3126266\igdinfo64.dll
0x00007ffef8d90000 - 0x00007ffef8dab000 	C:\WINDOWS\SYSTEM32\CRYPTSP.dll
0x00007ffef8610000 - 0x00007ffef8645000 	C:\WINDOWS\system32\rsaenh.dll
0x00007ffef8d80000 - 0x00007ffef8d8c000 	C:\WINDOWS\SYSTEM32\CRYPTBASE.dll
0x00007ffeb61f0000 - 0x00007ffeb8f7f000 	C:\WINDOWS\System32\DriverStore\FileRepository\iigd_dch.inf_amd64_e6980897e3126266\igc64.dll
0x00007ffef4ec0000 - 0x00007ffef4ec9000 	C:\Program Files\Java\jdk-18.0.1.1\bin\management.dll
0x00007ffef4c50000 - 0x00007ffef4c5b000 	C:\Program Files\Java\jdk-18.0.1.1\bin\management_ext.dll
0x00007ffed2e90000 - 0x00007ffed2ea7000 	C:\WINDOWS\system32\napinsp.dll
0x00007ffed2da0000 - 0x00007ffed2dbb000 	C:\WINDOWS\system32\pnrpnsp.dll
0x00007ffef8130000 - 0x00007ffef8229000 	C:\WINDOWS\SYSTEM32\DNSAPI.dll
0x00007ffef80c0000 - 0x00007ffef80ed000 	C:\WINDOWS\SYSTEM32\IPHLPAPI.DLL
0x00007ffefa380000 - 0x00007ffefa389000 	C:\WINDOWS\System32\NSI.dll
0x00007ffed2ff0000 - 0x00007ffed3001000 	C:\WINDOWS\System32\winrnr.dll
0x00007ffef18e0000 - 0x00007ffef18f5000 	C:\WINDOWS\system32\wshbth.dll
0x00007ffed2fc0000 - 0x00007ffed2fe1000 	C:\WINDOWS\system32\nlansp_c.dll
0x00007ffef01d0000 - 0x00007ffef01da000 	C:\Windows\System32\rasadhlp.dll
0x00007ffef1550000 - 0x00007ffef15d3000 	C:\WINDOWS\System32\fwpuclnt.dll
0x00007ffef4420000 - 0x00007ffef442e000 	C:\Program Files\Java\jdk-18.0.1.1\bin\sunmscapi.dll
0x00007ffef97c0000 - 0x00007ffef9926000 	C:\WINDOWS\System32\CRYPT32.dll

dbghelp: loaded successfully - version: 4.0.5 - missing functions: none
symbol engine: initialized successfully - sym options: 0x614 - pdb path: .;C:\Program Files\Java\jdk-18.0.1.1\bin;C:\WINDOWS\SYSTEM32;C:\WINDOWS\WinSxS\amd64_microsoft.windows.common-controls_6595b64144ccf1df_6.0.22621.2506_none_270c5ae97388e100;C:\Program Files\Java\jdk-18.0.1.1\bin\server;E:\IntelliJ IDEA Community Edition 2023.3.3\bin;C:\Users\Win10\.openjfx\cache\18.0.2+2;C:\WINDOWS\System32\DriverStore\FileRepository\iigd_dch.inf_amd64_e6980897e3126266;C:\Program Files\Common Files\Microsoft Shared\Ink

VM Arguments:
jvm_args: -javaagent:E:\IntelliJ IDEA Community Edition 2023.3.3\lib\idea_rt.jar=5328:E:\IntelliJ IDEA Community Edition 2023.3.3\bin -Dfile.encoding=UTF-8 -Dsun.stdout.encoding=UTF-8 -Dsun.stderr.encoding=UTF-8 --module-path=C:\Users\Win10\.m2\repository\org\apache\logging\log4j\log4j-api\2.14.1\log4j-api-2.14.1.jar;C:\Users\Win10\.m2\repository\org\openjfx\javafx-base\18.0.2\javafx-base-18.0.2-win.jar;C:\Users\Win10\.m2\repository\org\openjfx\javafx-controls\18.0.2\javafx-controls-18.0.2-win.jar;C:\Users\Win10\.m2\repository\org\kordamp\bootstrapfx\bootstrapfx-core\0.4.0\bootstrapfx-core-0.4.0.jar;E:\IntelijFiles\WMS\target\classes;C:\Users\Win10\.m2\repository\org\openjfx\javafx-graphics\18.0.2\javafx-graphics-18.0.2-win.jar;C:\Users\Win10\.m2\repository\com\mysql\mysql-connector-j\8.0.33\mysql-connector-j-8.0.33.jar;C:\Users\Win10\.m2\repository\org\openjfx\javafx-fxml\18.0.2\javafx-fxml-18.0.2-win.jar;C:\Users\Win10\.m2\repository\org\mindrot\jbcrypt\0.4\jbcrypt-0.4.jar;C:\Users\Win10\.m2\repository\com\dlsc\formsfx\formsfx-core\11.6.0\formsfx-core-11.6.0.jar -Djdk.module.main=org.wms 
java_command: org.wms/org.wms.main
java_class_path (initial): C:\Users\Win10\.m2\repository\org\openjfx\javafx-controls\18.0.2\javafx-controls-18.0.2.jar;C:\Users\Win10\.m2\repository\org\openjfx\javafx-graphics\18.0.2\javafx-graphics-18.0.2.jar;C:\Users\Win10\.m2\repository\org\openjfx\javafx-base\18.0.2\javafx-base-18.0.2.jar;C:\Users\Win10\.m2\repository\org\openjfx\javafx-fxml\18.0.2\javafx-fxml-18.0.2.jar;C:\Users\Win10\.m2\repository\org\apache\logging\log4j\log4j-core\2.14.1\log4j-core-2.14.1.jar;C:\Users\Win10\.m2\repository\org\openjfx\javafx-media\18.0.2\javafx-media-18.0.2.jar;C:\Users\Win10\.m2\repository\org\openjfx\javafx-media\18.0.2\javafx-media-18.0.2-win.jar;C:\Users\Win10\.m2\repository\com\github\almasb\fxgl\17.3\fxgl-17.3.jar;C:\Users\Win10\.m2\repository\com\github\almasb\fxgl-core\17.3\fxgl-core-17.3.jar;C:\Users\Win10\.m2\repository\com\gluonhq\attach\audio\4.0.17\audio-4.0.17.jar;C:\Users\Win10\.m2\repository\com\github\almasb\fxgl-io\17.3\fxgl-io-17.3.jar;C:\Users\Win10\.m2\repository\com\gluonhq\attach\storage\4.0.17\storage-4.0.17.jar;C:\Users\Win10\.m2\repository\com\gluonhq\attach\util\4.0.17\util-4.0.17.jar;C:\Users\Win10\.m2\repository\com\github\almasb\fxgl-entity\17.3\fxgl-entity-17.3.jar;C:\Users\Win10\.m2\repository\com\github\almasb\fxgl-scene\17.3\fxgl-scene-17.3.jar;C:\Users\Win10\.m2\repository\com\github\almasb\fxgl-gameplay\17.3\fxgl-gameplay-17.3.jar;C:\Users\Win10\.m2\repository\com\fasterxml\jackson\core\jackson-annotations\2.14.2\jackson-annotations-2.14.2.jar;C:\Users\Win10\.m2\repository\com\fasterxml\jackson\core\jackson-databind\2.14.2\jackson-databind-2.14.2.jar;C:\Users\Win10\.m2\repository\com\fasterxml\jackson\core\jackson-core\2.14.2\jackson-core-2.14.2.jar;C:\Users\Win10\.m2\repository\com\gluonhq\attach\lifecycle\4.0.17\lifecycle-4.0.17.jar;C:\Users\Win10\.m2\repository\org\jetbrains\kotlin\kotlin-stdlib\1.8.10\kotlin-stdlib-1.8.10.jar;C:\Users\Win10\.m2\repository\org\jetbrains\kotlin\kotlin-stdlib-common\1.8.10\kotlin-stdlib-common-1.8.10.jar;C:\Users\Win10\.m2\repository\org\jetbrains\annotations\13.0\annotations-13.0.jar;C:\Users\Win10\.m2\repository\com\google\protobuf\protobuf-java\3.21.9\protobuf-java-3.21.9.jar;C:\Users\Win10\.m2\repository\de\jensd\fontawesomefx\8.9\fontawesomefx-8.9.jar;C:\Users\Win10\.m2\repository\org\kordamp\ikonli\ikonli-swing\12.3.1\ikonli-swing-12.3.1.jar;C:\Users\Win10\.m2\repository\org\kordamp\ikonli\ikonli-core\12.3.1\ikonli-core-12.3.1.jar
Launcher Type: SUN_STANDARD

[Global flags]
     intx CICompilerCount                          = 4                                         {product} {ergonomic}
     uint ConcGCThreads                            = 2                                         {product} {ergonomic}
     uint G1ConcRefinementThreads                  = 8                                         {product} {ergonomic}
   size_t G1HeapRegionSize                         = 1048576                                   {product} {ergonomic}
    uintx GCDrainStackTargetSize                   = 64                                        {product} {ergonomic}
   size_t InitialHeapSize                          = 132120576                                 {product} {ergonomic}
   size_t MarkStackSize                            = 4194304                                   {product} {ergonomic}
   size_t MaxHeapSize                              = 2113929216                                {product} {ergonomic}
   size_t MaxNewSize                               = 1267728384                                {product} {ergonomic}
   size_t MinHeapDeltaBytes                        = 1048576                                   {product} {ergonomic}
   size_t MinHeapSize                              = 8388608                                   {product} {ergonomic}
    uintx NonNMethodCodeHeapSize                   = 5839372                                {pd product} {ergonomic}
    uintx NonProfiledCodeHeapSize                  = 122909434                              {pd product} {ergonomic}
    uintx ProfiledCodeHeapSize                     = 122909434                              {pd product} {ergonomic}
    uintx ReservedCodeCacheSize                    = 251658240                              {pd product} {ergonomic}
     bool SegmentedCodeCache                       = true                                      {product} {ergonomic}
   size_t SoftMaxHeapSize                          = 2113929216                             {manageable} {ergonomic}
     bool UseCompressedClassPointers               = true                           {product lp64_product} {ergonomic}
     bool UseCompressedOops                        = true                           {product lp64_product} {ergonomic}
     bool UseG1GC                                  = true                                      {product} {ergonomic}
     bool UseLargePagesIndividualAllocation        = false                                  {pd product} {ergonomic}

Logging:
Log output configuration:
 #0: stdout all=warning uptime,level,tags foldmultilines=false
 #1: stderr all=off uptime,level,tags foldmultilines=false

Environment Variables:
JAVA_HOME=C:\Users\Win10\emsdk\java\8.152_64bit
CLASSPATH=C:\Users\Win10\Downloads\algs4.jar
PATH=C:\Program Files\Common Files\Oracle\Java\javapath;C:\Windows\system32;C:\Windows;C:\Windows\System32\Wbem;C:\Windows\System32\WindowsPowerShell\v1.0\;C:\Windows\System32\OpenSSH\;C:\Program Files (x86)\NVIDIA Corporation\PhysX\Common;C:\WINDOWS\system32;C:\WINDOWS;C:\WINDOWS\System32\Wbem;C:\WINDOWS\System32\WindowsPowerShell\v1.0\;C:\WINDOWS\System32\OpenSSH\;C:\WINDOWS\system32;C:\WINDOWS;C:\WINDOWS\System32\Wbem;C:\WINDOWS\System32\WindowsPowerShell\v1.0\;C:\WINDOWS\System32\OpenSSH\;C:\Users\Win10\AppData\Roaming\nvm;C:\Program Files\nodejs;C:\Program Files\Git\cmd;C:\Program Files (x86)\Gpg4win\..\GnuPG\bin;C:\Users\Win10\emsdk\upstream\emscripten;C:\Users\Win10\emsdk;C:\Program Files\MySQL\MySQL Shell 8.0\bin\;C:\Users\Win10\AppData\Local\Programs\Python\Python39-32\Scripts\;C:\Users\Win10\AppData\Local\Programs\Python\Python39-32\;C:\Users\Win10\AppData\Local\Microsoft\WindowsApps;C:\Users\Win10\AppData\Local\Programs\Microsoft VS Code\bin;E:\IntelliJ IDEA Community Edition 2023.3.3\bin;;C:\Program Files (x86)\Nmap;C:\Program Files\JetBrains\PyCharm Community Edition 2022.3.3\bin;;C:\Users\Win10\AppData\Roaming\npm;C:\Users\Win10\AppData\Roaming\nvm;C:\Program Files\nodejs;C:\MinGW\bin;D:\mongodb\bin\
USERNAME=Rivansh'sG3
OS=Windows_NT
PROCESSOR_IDENTIFIER=Intel64 Family 6 Model 165 Stepping 2, GenuineIntel



---------------  S Y S T E M  ---------------

OS:
 Windows 11 , 64 bit Build 22621 (10.0.22621.2506)
OS uptime: 4 days 1:16 hours

CPU: total 8 (initial active 8) (4 cores per cpu, 2 threads per core) family 6 model 165 stepping 2 microcode 0xea, cx8, cmov, fxsr, ht, mmx, 3dnowpref, sse, sse2, sse3, ssse3, sse4.1, sse4.2, popcnt, lzcnt, tsc, tscinvbit, avx, avx2, aes, erms, clmul, bmi1, bmi2, adx, fma, vzeroupper, clflush, clflushopt

Memory: 4k page, system-wide physical 8059M (454M free)
TotalPageFile size 21448M (AvailPageFile size 7M)
current process WorkingSet (physical memory assigned to process): 307M, peak: 307M
current process commit charge ("private bytes"): 391M, peak: 396M

vm_info: Java HotSpot(TM) 64-Bit Server VM (18.0.1.1+2-6) for windows-amd64 JRE (18.0.1.1+2-6), built on Apr 25 2022 21:53:15 by "mach5one" with MS VC++ 16.8 / 16.9 (VS2019)

END.
