#
# There is insufficient memory for the Java Runtime Environment to continue.
# Native memory allocation (malloc) failed to allocate 66416 bytes for Chunk::new
# Possible reasons:
#   The system is out of physical RAM or swap space
#   The process is running with CompressedOops enabled, and the Java Heap may be blocking the growth of the native heap
# Possible solutions:
#   Reduce memory load on the system
#   Increase physical memory or swap space
#   Check if swap backing store is full
#   Decrease Java heap size (-Xmx/-Xms)
#   Decrease number of Java threads
#   Decrease Java thread stack sizes (-Xss)
#   Set larger code cache with -XX:ReservedCodeCacheSize=
#   JVM is running with Unscaled Compressed Oops mode in which the Java heap is
#     placed in the first 4GB address space. The Java Heap base address is the
#     maximum limit for the native heap growth. Please use -XX:HeapBaseMinAddress
#     to set the Java Heap base and to place the Java Heap above 4GB virtual address.
# This output file may be truncated or incomplete.
#
#  Out of Memory Error (arena.cpp:184), pid=22816, tid=5292
#
# JRE version: Java(TM) SE Runtime Environment (18.0.1.1+2) (build 18.0.1.1+2-6)
# Java VM: Java HotSpot(TM) 64-Bit Server VM (18.0.1.1+2-6, mixed mode, sharing, tiered, compressed oops, compressed class ptrs, g1 gc, windows-amd64)
# No core dump will be written. Minidumps are not enabled by default on client versions of Windows
#

---------------  S U M M A R Y ------------

Command Line: -javaagent:E:\IntelliJ IDEA Community Edition 2023.3.3\lib\idea_rt.jar=5246:E:\IntelliJ IDEA Community Edition 2023.3.3\bin -Dfile.encoding=UTF-8 -Dsun.stdout.encoding=UTF-8 -Dsun.stderr.encoding=UTF-8 --module-path=C:\Users\Win10\.m2\repository\org\apache\logging\log4j\log4j-api\2.14.1\log4j-api-2.14.1.jar;C:\Users\Win10\.m2\repository\org\openjfx\javafx-base\18.0.2\javafx-base-18.0.2-win.jar;C:\Users\Win10\.m2\repository\org\openjfx\javafx-controls\18.0.2\javafx-controls-18.0.2-win.jar;C:\Users\Win10\.m2\repository\org\kordamp\bootstrapfx\bootstrapfx-core\0.4.0\bootstrapfx-core-0.4.0.jar;E:\IntelijFiles\WMS\target\classes;C:\Users\Win10\.m2\repository\org\openjfx\javafx-graphics\18.0.2\javafx-graphics-18.0.2-win.jar;C:\Users\Win10\.m2\repository\com\mysql\mysql-connector-j\8.0.33\mysql-connector-j-8.0.33.jar;C:\Users\Win10\.m2\repository\org\openjfx\javafx-fxml\18.0.2\javafx-fxml-18.0.2-win.jar;C:\Users\Win10\.m2\repository\org\mindrot\jbcrypt\0.4\jbcrypt-0.4.jar;C:\Users\Win10\.m2\repository\com\dlsc\formsfx\formsfx-core\11.6.0\formsfx-core-11.6.0.jar -Djdk.module.main=org.wms org.wms/org.wms.main

Host: Intel(R) Core(TM) i5-10300H CPU @ 2.50GHz, 8 cores, 7G,  Windows 11 , 64 bit Build 22621 (10.0.22621.2506)
Time: Wed Feb 14 15:07:03 2024 India Standard Time elapsed time: 0.298124 seconds (0d 0h 0m 0s)

---------------  T H R E A D  ---------------

Current thread (0x0000024a72c3be70):  JavaThread "C2 CompilerThread0" daemon [_thread_in_native, id=5292, stack(0x000000a797c00000,0x000000a797d00000)]


Current CompileTask:
C2:    298  656       4       java.lang.AbstractStringBuilder::append (77 bytes)

Stack: [0x000000a797c00000,0x000000a797d00000]
Native frames: (J=compiled Java code, j=interpreted, Vv=VM code, C=native code)
V  [jvm.dll+0x69887a]
V  [jvm.dll+0x7f38bd]
V  [jvm.dll+0x7f51ce]
V  [jvm.dll+0x7f5883]
V  [jvm.dll+0x25ca3f]
V  [jvm.dll+0xb8c2f]
V  [jvm.dll+0xb8fa5]
V  [jvm.dll+0x385a31]
V  [jvm.dll+0x34f811]
V  [jvm.dll+0x34ecaa]
V  [jvm.dll+0x22fc21]
V  [jvm.dll+0x22eff1]
V  [jvm.dll+0x1b9cfc]
V  [jvm.dll+0x23e8ca]
V  [jvm.dll+0x23cbb5]
V  [jvm.dll+0x7a5fb1]
V  [jvm.dll+0x7a03ea]
V  [jvm.dll+0x697725]
C  [ucrtbase.dll+0x29363]
C  [KERNEL32.DLL+0x1257d]
C  [ntdll.dll+0x5aa58]


---------------  P R O C E S S  ---------------

Threads class SMR info:
_java_thread_list=0x0000024a7747c480, length=14, elements={
0x0000024a54afbef0, 0x0000024a72c19350, 0x0000024a72c19fb0, 0x0000024a72c34bb0,
0x0000024a72c36960, 0x0000024a72c37300, 0x0000024a72c37ca0, 0x0000024a72c3be70,
0x0000024a72c44860, 0x0000024a72c47250, 0x0000024a7704abe0, 0x0000024a770999a0,
0x0000024a77193ee0, 0x0000024a775fa250
}

Java Threads: ( => current thread )
  0x0000024a54afbef0 JavaThread "main" [_thread_in_native, id=19112, stack(0x000000a796f00000,0x000000a797000000)]
  0x0000024a72c19350 JavaThread "Reference Handler" daemon [_thread_blocked, id=1640, stack(0x000000a797600000,0x000000a797700000)]
  0x0000024a72c19fb0 JavaThread "Finalizer" daemon [_thread_blocked, id=15700, stack(0x000000a797700000,0x000000a797800000)]
  0x0000024a72c34bb0 JavaThread "Signal Dispatcher" daemon [_thread_blocked, id=21648, stack(0x000000a797800000,0x000000a797900000)]
  0x0000024a72c36960 JavaThread "Attach Listener" daemon [_thread_blocked, id=11872, stack(0x000000a797900000,0x000000a797a00000)]
  0x0000024a72c37300 JavaThread "Service Thread" daemon [_thread_blocked, id=15808, stack(0x000000a797a00000,0x000000a797b00000)]
  0x0000024a72c37ca0 JavaThread "Monitor Deflation Thread" daemon [_thread_blocked, id=21632, stack(0x000000a797b00000,0x000000a797c00000)]
=>0x0000024a72c3be70 JavaThread "C2 CompilerThread0" daemon [_thread_in_native, id=5292, stack(0x000000a797c00000,0x000000a797d00000)]
  0x0000024a72c44860 JavaThread "C1 CompilerThread0" daemon [_thread_in_native, id=21144, stack(0x000000a797d00000,0x000000a797e00000)]
  0x0000024a72c47250 JavaThread "Sweeper thread" daemon [_thread_blocked, id=12388, stack(0x000000a797e00000,0x000000a797f00000)]
  0x0000024a7704abe0 JavaThread "Common-Cleaner" daemon [_thread_blocked, id=22404, stack(0x000000a797f00000,0x000000a798000000)]
  0x0000024a770999a0 JavaThread "C2 CompilerThread1" daemon [_thread_blocked, id=10884, stack(0x000000a798000000,0x000000a798100000)]
  0x0000024a77193ee0 JavaThread "Monitor Ctrl-Break" daemon [_thread_in_native, id=19304, stack(0x000000a798100000,0x000000a798200000)]
  0x0000024a775fa250 JavaThread "Notification Thread" daemon [_thread_blocked, id=10740, stack(0x000000a798200000,0x000000a798300000)]

Other Threads:
  0x0000024a54b8bb30 VMThread "VM Thread" [stack: 0x000000a797500000,0x000000a797600000] [id=10772]
  0x0000024a77656cf0 WatcherThread "VM Periodic Task Thread" [stack: 0x000000a798300000,0x000000a798400000] [id=2884]
  0x0000024a54b5beb0 WorkerThread "GC Thread#0" [stack: 0x000000a797000000,0x000000a797100000] [id=15848]
  0x0000024a54b6d8f0 ConcurrentGCThread "G1 Main Marker" [stack: 0x000000a797100000,0x000000a797200000] [id=14360]
  0x0000024a54b6f990 WorkerThread "G1 Conc#0" [stack: 0x000000a797200000,0x000000a797300000] [id=17864]
  0x0000024a72acf0f0 ConcurrentGCThread "G1 Refine#0" [stack: 0x000000a797300000,0x000000a797400000] [id=19364]
  0x0000024a72acfa00 ConcurrentGCThread "G1 Service" [stack: 0x000000a797400000,0x000000a797500000] [id=11168]

Threads with active compile tasks:
C2 CompilerThread0      330  656       4       java.lang.AbstractStringBuilder::append (77 bytes)
C1 CompilerThread0      330  724       3       sun.security.provider.MD5::implCompress0 (1407 bytes)

VM state: not at safepoint (normal execution)

VM Mutex/Monitor currently owned by a thread: None

Heap address: 0x0000000082000000, size: 2016 MB, Compressed Oops mode: 32-bit

CDS archive(s) mapped at: [0x0000000800000000-0x0000000800ba0000-0x0000000800ba0000), size 12189696, SharedBaseAddress: 0x0000000800000000, ArchiveRelocationMode: 0.
Compressed class space mapped at: 0x0000000800c00000-0x0000000840c00000, reserved size: 1073741824
Narrow klass base: 0x0000000800000000, Narrow klass shift: 0, Narrow klass range: 0x100000000

GC Precious Log:
 CardTable entry size: 512
 Card Set container configuration: InlinePtr #cards 5 size 8 Array Of Cards #cards 12 size 40 Howl #buckets 4 coarsen threshold 1843 Howl Bitmap #cards 512 size 80 coarsen threshold 460 Card regions per heap region 1 cards per card region 2048
 CPUs: 8 total, 8 available
 Memory: 8059M
 Large Page Support: Disabled
 NUMA Support: Disabled
 Compressed Oops: Enabled (32-bit)
 Heap Region Size: 1M
 Heap Min Capacity: 8M
 Heap Initial Capacity: 126M
 Heap Max Capacity: 2016M
 Pre-touch: Disabled
 Parallel Workers: 8
 Concurrent Workers: 2
 Concurrent Refinement Workers: 8
 Periodic GC: Disabled

Heap:
 garbage-first heap   total 129024K, used 12288K [0x0000000082000000, 0x0000000100000000)
  region size 1024K, 13 young (13312K), 0 survivors (0K)
 Metaspace       used 2364K, committed 2496K, reserved 1114112K
  class space    used 248K, committed 320K, reserved 1048576K

Heap Regions: E=young(eden), S=young(survivor), O=old, HS=humongous(starts), HC=humongous(continues), CS=collection set, F=free, OA=open archive, CA=closed archive, TAMS=top-at-mark-start (previous, next)
|   0|0x0000000082000000, 0x0000000082000000, 0x0000000082100000|  0%| F|  |TAMS 0x0000000082000000, 0x0000000082000000| Untracked 
|   1|0x0000000082100000, 0x0000000082100000, 0x0000000082200000|  0%| F|  |TAMS 0x0000000082100000, 0x0000000082100000| Untracked 
|   2|0x0000000082200000, 0x0000000082200000, 0x0000000082300000|  0%| F|  |TAMS 0x0000000082200000, 0x0000000082200000| Untracked 
|   3|0x0000000082300000, 0x0000000082300000, 0x0000000082400000|  0%| F|  |TAMS 0x0000000082300000, 0x0000000082300000| Untracked 
|   4|0x0000000082400000, 0x0000000082400000, 0x0000000082500000|  0%| F|  |TAMS 0x0000000082400000, 0x0000000082400000| Untracked 
|   5|0x0000000082500000, 0x0000000082500000, 0x0000000082600000|  0%| F|  |TAMS 0x0000000082500000, 0x0000000082500000| Untracked 
|   6|0x0000000082600000, 0x0000000082600000, 0x0000000082700000|  0%| F|  |TAMS 0x0000000082600000, 0x0000000082600000| Untracked 
|   7|0x0000000082700000, 0x0000000082700000, 0x0000000082800000|  0%| F|  |TAMS 0x0000000082700000, 0x0000000082700000| Untracked 
|   8|0x0000000082800000, 0x0000000082800000, 0x0000000082900000|  0%| F|  |TAMS 0x0000000082800000, 0x0000000082800000| Untracked 
|   9|0x0000000082900000, 0x0000000082900000, 0x0000000082a00000|  0%| F|  |TAMS 0x0000000082900000, 0x0000000082900000| Untracked 
|  10|0x0000000082a00000, 0x0000000082a00000, 0x0000000082b00000|  0%| F|  |TAMS 0x0000000082a00000, 0x0000000082a00000| Untracked 
|  11|0x0000000082b00000, 0x0000000082b00000, 0x0000000082c00000|  0%| F|  |TAMS 0x0000000082b00000, 0x0000000082b00000| Untracked 
|  12|0x0000000082c00000, 0x0000000082c00000, 0x0000000082d00000|  0%| F|  |TAMS 0x0000000082c00000, 0x0000000082c00000| Untracked 
|  13|0x0000000082d00000, 0x0000000082d00000, 0x0000000082e00000|  0%| F|  |TAMS 0x0000000082d00000, 0x0000000082d00000| Untracked 
|  14|0x0000000082e00000, 0x0000000082e00000, 0x0000000082f00000|  0%| F|  |TAMS 0x0000000082e00000, 0x0000000082e00000| Untracked 
|  15|0x0000000082f00000, 0x0000000082f00000, 0x0000000083000000|  0%| F|  |TAMS 0x0000000082f00000, 0x0000000082f00000| Untracked 
|  16|0x0000000083000000, 0x0000000083000000, 0x0000000083100000|  0%| F|  |TAMS 0x0000000083000000, 0x0000000083000000| Untracked 
|  17|0x0000000083100000, 0x0000000083100000, 0x0000000083200000|  0%| F|  |TAMS 0x0000000083100000, 0x0000000083100000| Untracked 
|  18|0x0000000083200000, 0x0000000083200000, 0x0000000083300000|  0%| F|  |TAMS 0x0000000083200000, 0x0000000083200000| Untracked 
|  19|0x0000000083300000, 0x0000000083300000, 0x0000000083400000|  0%| F|  |TAMS 0x0000000083300000, 0x0000000083300000| Untracked 
|  20|0x0000000083400000, 0x0000000083400000, 0x0000000083500000|  0%| F|  |TAMS 0x0000000083400000, 0x0000000083400000| Untracked 
|  21|0x0000000083500000, 0x0000000083500000, 0x0000000083600000|  0%| F|  |TAMS 0x0000000083500000, 0x0000000083500000| Untracked 
|  22|0x0000000083600000, 0x0000000083600000, 0x0000000083700000|  0%| F|  |TAMS 0x0000000083600000, 0x0000000083600000| Untracked 
|  23|0x0000000083700000, 0x0000000083700000, 0x0000000083800000|  0%| F|  |TAMS 0x0000000083700000, 0x0000000083700000| Untracked 
|  24|0x0000000083800000, 0x0000000083800000, 0x0000000083900000|  0%| F|  |TAMS 0x0000000083800000, 0x0000000083800000| Untracked 
|  25|0x0000000083900000, 0x0000000083900000, 0x0000000083a00000|  0%| F|  |TAMS 0x0000000083900000, 0x0000000083900000| Untracked 
|  26|0x0000000083a00000, 0x0000000083a00000, 0x0000000083b00000|  0%| F|  |TAMS 0x0000000083a00000, 0x0000000083a00000| Untracked 
|  27|0x0000000083b00000, 0x0000000083b00000, 0x0000000083c00000|  0%| F|  |TAMS 0x0000000083b00000, 0x0000000083b00000| Untracked 
|  28|0x0000000083c00000, 0x0000000083c00000, 0x0000000083d00000|  0%| F|  |TAMS 0x0000000083c00000, 0x0000000083c00000| Untracked 
|  29|0x0000000083d00000, 0x0000000083d00000, 0x0000000083e00000|  0%| F|  |TAMS 0x0000000083d00000, 0x0000000083d00000| Untracked 
|  30|0x0000000083e00000, 0x0000000083e00000, 0x0000000083f00000|  0%| F|  |TAMS 0x0000000083e00000, 0x0000000083e00000| Untracked 
|  31|0x0000000083f00000, 0x0000000083f00000, 0x0000000084000000|  0%| F|  |TAMS 0x0000000083f00000, 0x0000000083f00000| Untracked 
|  32|0x0000000084000000, 0x0000000084000000, 0x0000000084100000|  0%| F|  |TAMS 0x0000000084000000, 0x0000000084000000| Untracked 
|  33|0x0000000084100000, 0x0000000084100000, 0x0000000084200000|  0%| F|  |TAMS 0x0000000084100000, 0x0000000084100000| Untracked 
|  34|0x0000000084200000, 0x0000000084200000, 0x0000000084300000|  0%| F|  |TAMS 0x0000000084200000, 0x0000000084200000| Untracked 
|  35|0x0000000084300000, 0x0000000084300000, 0x0000000084400000|  0%| F|  |TAMS 0x0000000084300000, 0x0000000084300000| Untracked 
|  36|0x0000000084400000, 0x0000000084400000, 0x0000000084500000|  0%| F|  |TAMS 0x0000000084400000, 0x0000000084400000| Untracked 
|  37|0x0000000084500000, 0x0000000084500000, 0x0000000084600000|  0%| F|  |TAMS 0x0000000084500000, 0x0000000084500000| Untracked 
|  38|0x0000000084600000, 0x0000000084600000, 0x0000000084700000|  0%| F|  |TAMS 0x0000000084600000, 0x0000000084600000| Untracked 
|  39|0x0000000084700000, 0x0000000084700000, 0x0000000084800000|  0%| F|  |TAMS 0x0000000084700000, 0x0000000084700000| Untracked 
|  40|0x0000000084800000, 0x0000000084800000, 0x0000000084900000|  0%| F|  |TAMS 0x0000000084800000, 0x0000000084800000| Untracked 
|  41|0x0000000084900000, 0x0000000084900000, 0x0000000084a00000|  0%| F|  |TAMS 0x0000000084900000, 0x0000000084900000| Untracked 
|  42|0x0000000084a00000, 0x0000000084a00000, 0x0000000084b00000|  0%| F|  |TAMS 0x0000000084a00000, 0x0000000084a00000| Untracked 
|  43|0x0000000084b00000, 0x0000000084b00000, 0x0000000084c00000|  0%| F|  |TAMS 0x0000000084b00000, 0x0000000084b00000| Untracked 
|  44|0x0000000084c00000, 0x0000000084c00000, 0x0000000084d00000|  0%| F|  |TAMS 0x0000000084c00000, 0x0000000084c00000| Untracked 
|  45|0x0000000084d00000, 0x0000000084d00000, 0x0000000084e00000|  0%| F|  |TAMS 0x0000000084d00000, 0x0000000084d00000| Untracked 
|  46|0x0000000084e00000, 0x0000000084e00000, 0x0000000084f00000|  0%| F|  |TAMS 0x0000000084e00000, 0x0000000084e00000| Untracked 
|  47|0x0000000084f00000, 0x0000000084f00000, 0x0000000085000000|  0%| F|  |TAMS 0x0000000084f00000, 0x0000000084f00000| Untracked 
|  48|0x0000000085000000, 0x0000000085000000, 0x0000000085100000|  0%| F|  |TAMS 0x0000000085000000, 0x0000000085000000| Untracked 
|  49|0x0000000085100000, 0x0000000085100000, 0x0000000085200000|  0%| F|  |TAMS 0x0000000085100000, 0x0000000085100000| Untracked 
|  50|0x0000000085200000, 0x0000000085200000, 0x0000000085300000|  0%| F|  |TAMS 0x0000000085200000, 0x0000000085200000| Untracked 
|  51|0x0000000085300000, 0x0000000085300000, 0x0000000085400000|  0%| F|  |TAMS 0x0000000085300000, 0x0000000085300000| Untracked 
|  52|0x0000000085400000, 0x0000000085400000, 0x0000000085500000|  0%| F|  |TAMS 0x0000000085400000, 0x0000000085400000| Untracked 
|  53|0x0000000085500000, 0x0000000085500000, 0x0000000085600000|  0%| F|  |TAMS 0x0000000085500000, 0x0000000085500000| Untracked 
|  54|0x0000000085600000, 0x0000000085600000, 0x0000000085700000|  0%| F|  |TAMS 0x0000000085600000, 0x0000000085600000| Untracked 
|  55|0x0000000085700000, 0x0000000085700000, 0x0000000085800000|  0%| F|  |TAMS 0x0000000085700000, 0x0000000085700000| Untracked 
|  56|0x0000000085800000, 0x0000000085800000, 0x0000000085900000|  0%| F|  |TAMS 0x0000000085800000, 0x0000000085800000| Untracked 
|  57|0x0000000085900000, 0x0000000085900000, 0x0000000085a00000|  0%| F|  |TAMS 0x0000000085900000, 0x0000000085900000| Untracked 
|  58|0x0000000085a00000, 0x0000000085a00000, 0x0000000085b00000|  0%| F|  |TAMS 0x0000000085a00000, 0x0000000085a00000| Untracked 
|  59|0x0000000085b00000, 0x0000000085b00000, 0x0000000085c00000|  0%| F|  |TAMS 0x0000000085b00000, 0x0000000085b00000| Untracked 
|  60|0x0000000085c00000, 0x0000000085c00000, 0x0000000085d00000|  0%| F|  |TAMS 0x0000000085c00000, 0x0000000085c00000| Untracked 
|  61|0x0000000085d00000, 0x0000000085d00000, 0x0000000085e00000|  0%| F|  |TAMS 0x0000000085d00000, 0x0000000085d00000| Untracked 
|  62|0x0000000085e00000, 0x0000000085e00000, 0x0000000085f00000|  0%| F|  |TAMS 0x0000000085e00000, 0x0000000085e00000| Untracked 
|  63|0x0000000085f00000, 0x0000000085f00000, 0x0000000086000000|  0%| F|  |TAMS 0x0000000085f00000, 0x0000000085f00000| Untracked 
|  64|0x0000000086000000, 0x0000000086000000, 0x0000000086100000|  0%| F|  |TAMS 0x0000000086000000, 0x0000000086000000| Untracked 
|  65|0x0000000086100000, 0x0000000086100000, 0x0000000086200000|  0%| F|  |TAMS 0x0000000086100000, 0x0000000086100000| Untracked 
|  66|0x0000000086200000, 0x0000000086200000, 0x0000000086300000|  0%| F|  |TAMS 0x0000000086200000, 0x0000000086200000| Untracked 
|  67|0x0000000086300000, 0x0000000086300000, 0x0000000086400000|  0%| F|  |TAMS 0x0000000086300000, 0x0000000086300000| Untracked 
|  68|0x0000000086400000, 0x0000000086400000, 0x0000000086500000|  0%| F|  |TAMS 0x0000000086400000, 0x0000000086400000| Untracked 
|  69|0x0000000086500000, 0x0000000086500000, 0x0000000086600000|  0%| F|  |TAMS 0x0000000086500000, 0x0000000086500000| Untracked 
|  70|0x0000000086600000, 0x0000000086600000, 0x0000000086700000|  0%| F|  |TAMS 0x0000000086600000, 0x0000000086600000| Untracked 
|  71|0x0000000086700000, 0x0000000086700000, 0x0000000086800000|  0%| F|  |TAMS 0x0000000086700000, 0x0000000086700000| Untracked 
|  72|0x0000000086800000, 0x0000000086800000, 0x0000000086900000|  0%| F|  |TAMS 0x0000000086800000, 0x0000000086800000| Untracked 
|  73|0x0000000086900000, 0x0000000086900000, 0x0000000086a00000|  0%| F|  |TAMS 0x0000000086900000, 0x0000000086900000| Untracked 
|  74|0x0000000086a00000, 0x0000000086a00000, 0x0000000086b00000|  0%| F|  |TAMS 0x0000000086a00000, 0x0000000086a00000| Untracked 
|  75|0x0000000086b00000, 0x0000000086b00000, 0x0000000086c00000|  0%| F|  |TAMS 0x0000000086b00000, 0x0000000086b00000| Untracked 
|  76|0x0000000086c00000, 0x0000000086c00000, 0x0000000086d00000|  0%| F|  |TAMS 0x0000000086c00000, 0x0000000086c00000| Untracked 
|  77|0x0000000086d00000, 0x0000000086d00000, 0x0000000086e00000|  0%| F|  |TAMS 0x0000000086d00000, 0x0000000086d00000| Untracked 
|  78|0x0000000086e00000, 0x0000000086e00000, 0x0000000086f00000|  0%| F|  |TAMS 0x0000000086e00000, 0x0000000086e00000| Untracked 
|  79|0x0000000086f00000, 0x0000000086f00000, 0x0000000087000000|  0%| F|  |TAMS 0x0000000086f00000, 0x0000000086f00000| Untracked 
|  80|0x0000000087000000, 0x0000000087000000, 0x0000000087100000|  0%| F|  |TAMS 0x0000000087000000, 0x0000000087000000| Untracked 
|  81|0x0000000087100000, 0x0000000087100000, 0x0000000087200000|  0%| F|  |TAMS 0x0000000087100000, 0x0000000087100000| Untracked 
|  82|0x0000000087200000, 0x0000000087200000, 0x0000000087300000|  0%| F|  |TAMS 0x0000000087200000, 0x0000000087200000| Untracked 
|  83|0x0000000087300000, 0x0000000087300000, 0x0000000087400000|  0%| F|  |TAMS 0x0000000087300000, 0x0000000087300000| Untracked 
|  84|0x0000000087400000, 0x0000000087400000, 0x0000000087500000|  0%| F|  |TAMS 0x0000000087400000, 0x0000000087400000| Untracked 
|  85|0x0000000087500000, 0x0000000087500000, 0x0000000087600000|  0%| F|  |TAMS 0x0000000087500000, 0x0000000087500000| Untracked 
|  86|0x0000000087600000, 0x0000000087600000, 0x0000000087700000|  0%| F|  |TAMS 0x0000000087600000, 0x0000000087600000| Untracked 
|  87|0x0000000087700000, 0x0000000087700000, 0x0000000087800000|  0%| F|  |TAMS 0x0000000087700000, 0x0000000087700000| Untracked 
|  88|0x0000000087800000, 0x0000000087800000, 0x0000000087900000|  0%| F|  |TAMS 0x0000000087800000, 0x0000000087800000| Untracked 
|  89|0x0000000087900000, 0x0000000087900000, 0x0000000087a00000|  0%| F|  |TAMS 0x0000000087900000, 0x0000000087900000| Untracked 
|  90|0x0000000087a00000, 0x0000000087a00000, 0x0000000087b00000|  0%| F|  |TAMS 0x0000000087a00000, 0x0000000087a00000| Untracked 
|  91|0x0000000087b00000, 0x0000000087b00000, 0x0000000087c00000|  0%| F|  |TAMS 0x0000000087b00000, 0x0000000087b00000| Untracked 
|  92|0x0000000087c00000, 0x0000000087c00000, 0x0000000087d00000|  0%| F|  |TAMS 0x0000000087c00000, 0x0000000087c00000| Untracked 
|  93|0x0000000087d00000, 0x0000000087d00000, 0x0000000087e00000|  0%| F|  |TAMS 0x0000000087d00000, 0x0000000087d00000| Untracked 
|  94|0x0000000087e00000, 0x0000000087e00000, 0x0000000087f00000|  0%| F|  |TAMS 0x0000000087e00000, 0x0000000087e00000| Untracked 
|  95|0x0000000087f00000, 0x0000000087f00000, 0x0000000088000000|  0%| F|  |TAMS 0x0000000087f00000, 0x0000000087f00000| Untracked 
|  96|0x0000000088000000, 0x0000000088000000, 0x0000000088100000|  0%| F|  |TAMS 0x0000000088000000, 0x0000000088000000| Untracked 
|  97|0x0000000088100000, 0x0000000088100000, 0x0000000088200000|  0%| F|  |TAMS 0x0000000088100000, 0x0000000088100000| Untracked 
|  98|0x0000000088200000, 0x0000000088200000, 0x0000000088300000|  0%| F|  |TAMS 0x0000000088200000, 0x0000000088200000| Untracked 
|  99|0x0000000088300000, 0x0000000088300000, 0x0000000088400000|  0%| F|  |TAMS 0x0000000088300000, 0x0000000088300000| Untracked 
| 100|0x0000000088400000, 0x0000000088400000, 0x0000000088500000|  0%| F|  |TAMS 0x0000000088400000, 0x0000000088400000| Untracked 
| 101|0x0000000088500000, 0x0000000088500000, 0x0000000088600000|  0%| F|  |TAMS 0x0000000088500000, 0x0000000088500000| Untracked 
| 102|0x0000000088600000, 0x0000000088600000, 0x0000000088700000|  0%| F|  |TAMS 0x0000000088600000, 0x0000000088600000| Untracked 
| 103|0x0000000088700000, 0x0000000088700000, 0x0000000088800000|  0%| F|  |TAMS 0x0000000088700000, 0x0000000088700000| Untracked 
| 104|0x0000000088800000, 0x0000000088800000, 0x0000000088900000|  0%| F|  |TAMS 0x0000000088800000, 0x0000000088800000| Untracked 
| 105|0x0000000088900000, 0x0000000088900000, 0x0000000088a00000|  0%| F|  |TAMS 0x0000000088900000, 0x0000000088900000| Untracked 
| 106|0x0000000088a00000, 0x0000000088a00000, 0x0000000088b00000|  0%| F|  |TAMS 0x0000000088a00000, 0x0000000088a00000| Untracked 
| 107|0x0000000088b00000, 0x0000000088b00000, 0x0000000088c00000|  0%| F|  |TAMS 0x0000000088b00000, 0x0000000088b00000| Untracked 
| 108|0x0000000088c00000, 0x0000000088c00000, 0x0000000088d00000|  0%| F|  |TAMS 0x0000000088c00000, 0x0000000088c00000| Untracked 
| 109|0x0000000088d00000, 0x0000000088d00000, 0x0000000088e00000|  0%| F|  |TAMS 0x0000000088d00000, 0x0000000088d00000| Untracked 
| 110|0x0000000088e00000, 0x0000000088e00000, 0x0000000088f00000|  0%| F|  |TAMS 0x0000000088e00000, 0x0000000088e00000| Untracked 
| 111|0x0000000088f00000, 0x0000000088f00000, 0x0000000089000000|  0%| F|  |TAMS 0x0000000088f00000, 0x0000000088f00000| Untracked 
| 112|0x0000000089000000, 0x0000000089000000, 0x0000000089100000|  0%| F|  |TAMS 0x0000000089000000, 0x0000000089000000| Untracked 
| 113|0x0000000089100000, 0x0000000089176440, 0x0000000089200000| 46%| E|  |TAMS 0x0000000089100000, 0x0000000089100000| Complete 
| 114|0x0000000089200000, 0x0000000089300000, 0x0000000089300000|100%| E|CS|TAMS 0x0000000089200000, 0x0000000089200000| Complete 
| 115|0x0000000089300000, 0x0000000089400000, 0x0000000089400000|100%| E|CS|TAMS 0x0000000089300000, 0x0000000089300000| Complete 
| 116|0x0000000089400000, 0x0000000089500000, 0x0000000089500000|100%| E|CS|TAMS 0x0000000089400000, 0x0000000089400000| Complete 
| 117|0x0000000089500000, 0x0000000089600000, 0x0000000089600000|100%| E|CS|TAMS 0x0000000089500000, 0x0000000089500000| Complete 
| 118|0x0000000089600000, 0x0000000089700000, 0x0000000089700000|100%| E|CS|TAMS 0x0000000089600000, 0x0000000089600000| Complete 
| 119|0x0000000089700000, 0x0000000089800000, 0x0000000089800000|100%| E|CS|TAMS 0x0000000089700000, 0x0000000089700000| Complete 
| 120|0x0000000089800000, 0x0000000089900000, 0x0000000089900000|100%| E|CS|TAMS 0x0000000089800000, 0x0000000089800000| Complete 
| 121|0x0000000089900000, 0x0000000089a00000, 0x0000000089a00000|100%| E|CS|TAMS 0x0000000089900000, 0x0000000089900000| Complete 
| 122|0x0000000089a00000, 0x0000000089b00000, 0x0000000089b00000|100%| E|CS|TAMS 0x0000000089a00000, 0x0000000089a00000| Complete 
| 123|0x0000000089b00000, 0x0000000089c00000, 0x0000000089c00000|100%| E|CS|TAMS 0x0000000089b00000, 0x0000000089b00000| Complete 
| 124|0x0000000089c00000, 0x0000000089d00000, 0x0000000089d00000|100%| E|CS|TAMS 0x0000000089c00000, 0x0000000089c00000| Complete 
| 125|0x0000000089d00000, 0x0000000089e00000, 0x0000000089e00000|100%| E|CS|TAMS 0x0000000089d00000, 0x0000000089d00000| Complete 

Card table byte_map: [0x0000024a6bb50000,0x0000024a6bf40000] _byte_map_base: 0x0000024a6b740000

Marking Bits (Prev, Next): (CMBitMap*) 0x0000024a54b5c3b0, (CMBitMap*) 0x0000024a54b5c3f0
 Prev Bits: [0x0000024a6c330000, 0x0000024a6e2b0000)
 Next Bits: [0x0000024a6e2b0000, 0x0000024a70230000)

Polling page: 0x0000024a52a90000

Metaspace:

Usage:
  Non-class:      2.07 MB used.
      Class:    248.73 KB used.
       Both:      2.31 MB used.

Virtual space:
  Non-class space:       64.00 MB reserved,       2.12 MB (  3%) committed,  1 nodes.
      Class space:        1.00 GB reserved,     320.00 KB ( <1%) committed,  1 nodes.
             Both:        1.06 GB reserved,       2.44 MB ( <1%) committed. 

Chunk freelists:
   Non-Class:  3.56 MB
       Class:  3.65 MB
        Both:  7.21 MB

MaxMetaspaceSize: unlimited
CompressedClassSpaceSize: 1.00 GB
Initial GC threshold: 21.00 MB
Current GC threshold: 21.00 MB
CDS: on
MetaspaceReclaimPolicy: balanced
 - commit_granule_bytes: 65536.
 - commit_granule_words: 8192.
 - virtual_space_node_default_size: 8388608.
 - enlarge_chunks_in_place: 1.
 - new_chunks_are_fully_committed: 0.
 - uncommit_free_chunks: 1.
 - use_allocation_guard: 0.


Internal statistics:

num_allocs_failed_limit: 0.
num_arena_births: 92.
num_arena_deaths: 0.
num_vsnodes_births: 2.
num_vsnodes_deaths: 0.
num_space_committed: 39.
num_space_uncommitted: 0.
num_chunks_returned_to_freelist: 0.
num_chunks_taken_from_freelist: 121.
num_chunk_merges: 0.
num_chunk_splits: 80.
num_chunks_enlarged: 54.
num_inconsistent_stats: 0.

CodeHeap 'non-profiled nmethods': size=120000Kb used=257Kb max_used=257Kb free=119742Kb
 bounds [0x0000024a63ef0000, 0x0000024a64160000, 0x0000024a6b420000]
CodeHeap 'profiled nmethods': size=120000Kb used=1105Kb max_used=1105Kb free=118894Kb
 bounds [0x0000024a5c9c0000, 0x0000024a5cc30000, 0x0000024a63ef0000]
CodeHeap 'non-nmethods': size=5760Kb used=1148Kb max_used=1163Kb free=4611Kb
 bounds [0x0000024a5c420000, 0x0000024a5c690000, 0x0000024a5c9c0000]
 total_blobs=1152 nmethods=726 adapters=339
 compilation: enabled
              stopped_count=0, restarted_count=0
 full_count=0

Compilation events (20 events):
Event: 0.294 Thread 0x0000024a72c44860 nmethod 649 0x0000024a5caa2a10 code [0x0000024a5caa2ba0, 0x0000024a5caa2d78]
Event: 0.294 Thread 0x0000024a72c44860  653       3       jdk.internal.org.objectweb.asm.SymbolTable::addConstantMemberReference (147 bytes)
Event: 0.294 Thread 0x0000024a770999a0  655       4       java.lang.StringBuilder::append (8 bytes)
Event: 0.294 Thread 0x0000024a72c3be70  656       4       java.lang.AbstractStringBuilder::append (77 bytes)
Event: 0.295 Thread 0x0000024a72c44860 nmethod 653 0x0000024a5caa2e10 code [0x0000024a5caa3080, 0x0000024a5caa3968]
Event: 0.295 Thread 0x0000024a72c44860  650       3       java.lang.StringBuilder::append (8 bytes)
Event: 0.295 Thread 0x0000024a72c44860 nmethod 650 0x0000024a5caa3e90 code [0x0000024a5caa4020, 0x0000024a5caa4168]
Event: 0.295 Thread 0x0000024a72c44860  651       3       java.lang.AbstractStringBuilder::append (55 bytes)
Event: 0.295 Thread 0x0000024a72c44860 nmethod 651 0x0000024a5caa4210 code [0x0000024a5caa43e0, 0x0000024a5caa4718]
Event: 0.295 Thread 0x0000024a72c44860  654       3       jdk.internal.org.objectweb.asm.SymbolTable::hash (20 bytes)
Event: 0.295 Thread 0x0000024a72c44860 nmethod 654 0x0000024a5caa4890 code [0x0000024a5caa4a40, 0x0000024a5caa4c08]
Event: 0.295 Thread 0x0000024a72c44860  658       3       jdk.internal.org.objectweb.asm.ByteVector::<init> (13 bytes)
Event: 0.295 Thread 0x0000024a72c44860 nmethod 658 0x0000024a5caa4d90 code [0x0000024a5caa4f40, 0x0000024a5caa51b8]
Event: 0.295 Thread 0x0000024a72c44860  657       1       java.lang.invoke.MethodHandleImpl::isCompileConstant (2 bytes)
Event: 0.295 Thread 0x0000024a72c44860 nmethod 657 0x0000024a63f2a110 code [0x0000024a63f2a2a0, 0x0000024a63f2a358]
Event: 0.295 Thread 0x0000024a72c44860  659       3       java.util.ImmutableCollections$ListN::size (6 bytes)
Event: 0.295 Thread 0x0000024a72c44860 nmethod 659 0x0000024a5caa5290 code [0x0000024a5caa5420, 0x0000024a5caa5538]
Event: 0.295 Thread 0x0000024a72c44860  660       3       java.util.ArrayList$Itr::hasNext (20 bytes)
Event: 0.296 Thread 0x0000024a72c44860 nmethod 660 0x0000024a5caa5610 code [0x0000024a5caa57a0, 0x0000024a5caa5918]
Event: 0.296 Thread 0x0000024a72c44860  663       3       jdk.internal.org.objectweb.asm.Frame::getAbstractTypeFromDescriptor (415 bytes)

GC Heap History (0 events):
No events

Deoptimization events (20 events):
Event: 0.242 Thread 0x0000024a54afbef0 Uncommon trap: trap_request=0xffffff45 fr.pc=0x0000024a63ef5fb4 relative=0x00000000000000b4
Event: 0.242 Thread 0x0000024a54afbef0 Uncommon trap: reason=unstable_if action=reinterpret pc=0x0000024a63ef5fb4 method=java.lang.String.isLatin1()Z @ 10 c2
Event: 0.242 Thread 0x0000024a54afbef0 DEOPT PACKING pc=0x0000024a63ef5fb4 sp=0x000000a796ffebf0
Event: 0.242 Thread 0x0000024a54afbef0 DEOPT UNPACKING pc=0x0000024a5c4723a3 sp=0x000000a796ffeb30 mode 2
Event: 0.271 Thread 0x0000024a54afbef0 Uncommon trap: trap_request=0xffffffde fr.pc=0x0000024a63f22c48 relative=0x0000000000000128
Event: 0.271 Thread 0x0000024a54afbef0 Uncommon trap: reason=class_check action=maybe_recompile pc=0x0000024a63f22c48 method=jdk.internal.misc.Unsafe.allocateUninitializedArray(Ljava/lang/Class;I)Ljava/lang/Object; @ 51 c2
Event: 0.271 Thread 0x0000024a54afbef0 DEOPT PACKING pc=0x0000024a63f22c48 sp=0x000000a796ffa590
Event: 0.271 Thread 0x0000024a54afbef0 DEOPT UNPACKING pc=0x0000024a5c4723a3 sp=0x000000a796ffa518 mode 2
Event: 0.271 Thread 0x0000024a54afbef0 Uncommon trap: trap_request=0xffffffde fr.pc=0x0000024a63f22c48 relative=0x0000000000000128
Event: 0.271 Thread 0x0000024a54afbef0 Uncommon trap: reason=class_check action=maybe_recompile pc=0x0000024a63f22c48 method=jdk.internal.misc.Unsafe.allocateUninitializedArray(Ljava/lang/Class;I)Ljava/lang/Object; @ 51 c2
Event: 0.271 Thread 0x0000024a54afbef0 DEOPT PACKING pc=0x0000024a63f22c48 sp=0x000000a796ffa4c0
Event: 0.271 Thread 0x0000024a54afbef0 DEOPT UNPACKING pc=0x0000024a5c4723a3 sp=0x000000a796ffa460 mode 2
Event: 0.271 Thread 0x0000024a54afbef0 Uncommon trap: trap_request=0xffffffde fr.pc=0x0000024a63f22c48 relative=0x0000000000000128
Event: 0.271 Thread 0x0000024a54afbef0 Uncommon trap: reason=class_check action=maybe_recompile pc=0x0000024a63f22c48 method=jdk.internal.misc.Unsafe.allocateUninitializedArray(Ljava/lang/Class;I)Ljava/lang/Object; @ 51 c2
Event: 0.271 Thread 0x0000024a54afbef0 DEOPT PACKING pc=0x0000024a63f22c48 sp=0x000000a796ffa4d0
Event: 0.271 Thread 0x0000024a54afbef0 DEOPT UNPACKING pc=0x0000024a5c4723a3 sp=0x000000a796ffa458 mode 2
Event: 0.271 Thread 0x0000024a54afbef0 Uncommon trap: trap_request=0xffffffde fr.pc=0x0000024a63f22c48 relative=0x0000000000000128
Event: 0.271 Thread 0x0000024a54afbef0 Uncommon trap: reason=class_check action=maybe_recompile pc=0x0000024a63f22c48 method=jdk.internal.misc.Unsafe.allocateUninitializedArray(Ljava/lang/Class;I)Ljava/lang/Object; @ 51 c2
Event: 0.271 Thread 0x0000024a54afbef0 DEOPT PACKING pc=0x0000024a63f22c48 sp=0x000000a796ffa400
Event: 0.271 Thread 0x0000024a54afbef0 DEOPT UNPACKING pc=0x0000024a5c4723a3 sp=0x000000a796ffa3a0 mode 2

Classes loaded (20 events):
Event: 0.284 Loading class java/security/GeneralSecurityException done
Event: 0.284 Loading class java/security/NoSuchAlgorithmException done
Event: 0.284 Loading class java/lang/UnsatisfiedLinkError
Event: 0.284 Loading class java/lang/UnsatisfiedLinkError done
Event: 0.285 Loading class java/lang/StackWalker$Option
Event: 0.285 Loading class java/lang/StackWalker$Option done
Event: 0.285 Loading class java/lang/StackStreamFactory
Event: 0.286 Loading class java/lang/StackStreamFactory done
Event: 0.286 Loading class java/lang/StackStreamFactory$CallerClassFinder
Event: 0.286 Loading class java/lang/StackStreamFactory$CallerClassFinder done
Event: 0.286 Loading class java/lang/StackWalker$ExtendedOption
Event: 0.286 Loading class java/lang/StackWalker$ExtendedOption done
Event: 0.286 Loading class java/lang/StackStreamFactory$WalkerState
Event: 0.286 Loading class java/lang/StackStreamFactory$WalkerState done
Event: 0.286 Loading class java/lang/StackStreamFactory$1
Event: 0.286 Loading class java/lang/StackStreamFactory$1 done
Event: 0.286 Loading class java/lang/StackStreamFactory$CallerClassFinder$ClassBuffer
Event: 0.286 Loading class java/lang/StackStreamFactory$FrameBuffer
Event: 0.286 Loading class java/lang/StackStreamFactory$FrameBuffer done
Event: 0.286 Loading class java/lang/StackStreamFactory$CallerClassFinder$ClassBuffer done

Classes unloaded (0 events):
No events

Classes redefined (0 events):
No events

Internal exceptions (13 events):
Event: 0.103 Thread 0x0000024a54afbef0 Exception <a 'java/lang/NoSuchMethodError'{0x0000000089c3fbe8}: 'java.lang.Object java.lang.invoke.DirectMethodHandle$Holder.invokeVirtual(java.lang.Object, java.lang.Object, java.lang.Object)'> (0x0000000089c3fbe8) 
thrown [s\open\src\hotspot\share\interpreter\linkResolver.cpp, line 766]
Event: 0.159 Thread 0x0000024a54afbef0 Exception <a 'java/lang/NoSuchMethodError'{0x0000000089a51590}: 'void java.lang.invoke.DirectMethodHandle$Holder.invokeVirtual(java.lang.Object, java.lang.Object)'> (0x0000000089a51590) 
thrown [s\open\src\hotspot\share\interpreter\linkResolver.cpp, line 766]
Event: 0.187 Thread 0x0000024a54afbef0 Exception <a 'java/lang/NoSuchMethodError'{0x00000000897d5000}: 'void java.lang.invoke.DirectMethodHandle$Holder.invokeSpecial(java.lang.Object, java.lang.Object, java.lang.Object)'> (0x00000000897d5000) 
thrown [s\open\src\hotspot\share\interpreter\linkResolver.cpp, line 766]
Event: 0.193 Thread 0x0000024a54afbef0 Exception <a 'java/lang/NoSuchMethodError'{0x0000000089606a50}: 'void java.lang.invoke.DirectMethodHandle$Holder.invokeSpecial(java.lang.Object, java.lang.Object, java.lang.Object, java.lang.Object, java.lang.Object)'> (0x0000000089606a50) 
thrown [s\open\src\hotspot\share\interpreter\linkResolver.cpp, line 766]
Event: 0.196 Thread 0x0000024a54afbef0 Exception <a 'java/lang/NoSuchMethodError'{0x000000008961b5a8}: 'java.lang.Object java.lang.invoke.DirectMethodHandle$Holder.invokeInterface(java.lang.Object, java.lang.Object)'> (0x000000008961b5a8) 
thrown [s\open\src\hotspot\share\interpreter\linkResolver.cpp, line 766]
Event: 0.197 Thread 0x0000024a54afbef0 Exception <a 'java/lang/IncompatibleClassChangeError'{0x000000008961eaf0}: Found class java.lang.Object, but interface was expected> (0x000000008961eaf0) 
thrown [s\open\src\hotspot\share\interpreter\linkResolver.cpp, line 833]
Event: 0.198 Thread 0x0000024a54afbef0 Exception <a 'java/lang/NoSuchMethodError'{0x00000000896219e0}: 'void java.lang.invoke.DirectMethodHandle$Holder.invokeStatic(java.lang.Object, java.lang.Object, java.lang.Object, java.lang.Object)'> (0x00000000896219e0) 
thrown [s\open\src\hotspot\share\interpreter\linkResolver.cpp, line 766]
Event: 0.233 Thread 0x0000024a54afbef0 Exception <a 'java/lang/NoSuchMethodError'{0x00000000895c1c48}: 'void java.lang.invoke.DirectMethodHandle$Holder.invokeStatic(java.lang.Object, java.lang.Object, java.lang.Object)'> (0x00000000895c1c48) 
thrown [s\open\src\hotspot\share\interpreter\linkResolver.cpp, line 766]
Event: 0.236 Thread 0x0000024a54afbef0 Exception <a 'java/lang/NoSuchMethodError'{0x00000000895d9210}: 'java.lang.Object java.lang.invoke.Invokers$Holder.invokeExact_MT(java.lang.Object, java.lang.Object, java.lang.Object, java.lang.Object, java.lang.Object)'> (0x00000000895d9210) 
thrown [s\open\src\hotspot\share\interpreter\linkResolver.cpp, line 766]
Event: 0.246 Thread 0x0000024a77193ee0 Exception <a 'java/lang/ClassNotFoundException'{0x0000000089404570}: jdk/net/ExtendedSocketOptions> (0x0000000089404570) 
thrown [s\open\src\hotspot\share\classfile\systemDictionary.cpp, line 255]
Event: 0.248 Thread 0x0000024a77193ee0 Exception <a 'java/lang/NoSuchMethodError'{0x0000000089405f40}: 'void java.lang.invoke.DirectMethodHandle$Holder.invokeStatic(java.lang.Object, java.lang.Object)'> (0x0000000089405f40) 
thrown [s\open\src\hotspot\share\interpreter\linkResolver.cpp, line 766]
Event: 0.252 Thread 0x0000024a54afbef0 Exception <a 'java/lang/NoSuchMethodError'{0x00000000894e5008}: 'java.lang.Object java.lang.invoke.DirectMethodHandle$Holder.invokeStaticInit(java.lang.Object)'> (0x00000000894e5008) 
thrown [s\open\src\hotspot\share\interpreter\linkResolver.cpp, line 766]
Event: 0.256 Thread 0x0000024a54afbef0 Exception <a 'java/lang/NoSuchMethodError'{0x00000000894faa00}: 'java.lang.Object java.lang.invoke.Invokers$Holder.invokeExact_MT(java.lang.Object, java.lang.Object, java.lang.Object, java.lang.Object, java.lang.Object, java.lang.Object)'> (0x00000000894faa00) 
thrown [s\open\src\hotspot\share\interpreter\linkResolver.cpp, line 766]

VM Operations (6 events):
Event: 0.180 Executing VM operation: HandshakeAllThreads
Event: 0.180 Executing VM operation: HandshakeAllThreads done
Event: 0.195 Executing VM operation: HandshakeAllThreads
Event: 0.195 Executing VM operation: HandshakeAllThreads done
Event: 0.243 Executing VM operation: HandshakeAllThreads
Event: 0.243 Executing VM operation: HandshakeAllThreads done

Events (20 events):
Event: 0.021 Thread 0x0000024a54afbef0 Thread added: 0x0000024a54afbef0
Event: 0.024 Thread 0x0000024a72c19350 Thread added: 0x0000024a72c19350
Event: 0.025 Thread 0x0000024a72c19fb0 Thread added: 0x0000024a72c19fb0
Event: 0.035 Thread 0x0000024a72c34bb0 Thread added: 0x0000024a72c34bb0
Event: 0.035 Thread 0x0000024a72c36960 Thread added: 0x0000024a72c36960
Event: 0.035 Thread 0x0000024a72c37300 Thread added: 0x0000024a72c37300
Event: 0.035 Thread 0x0000024a72c37ca0 Thread added: 0x0000024a72c37ca0
Event: 0.035 Thread 0x0000024a72c3be70 Thread added: 0x0000024a72c3be70
Event: 0.035 Thread 0x0000024a72c44860 Thread added: 0x0000024a72c44860
Event: 0.036 Thread 0x0000024a72c47250 Thread added: 0x0000024a72c47250
Event: 0.083 Thread 0x0000024a7704abe0 Thread added: 0x0000024a7704abe0
Event: 0.089 Loaded shared library C:\Program Files\Java\jdk-18.0.1.1\bin\net.dll
Event: 0.090 Loaded shared library C:\Program Files\Java\jdk-18.0.1.1\bin\nio.dll
Event: 0.095 Loaded shared library C:\Program Files\Java\jdk-18.0.1.1\bin\zip.dll
Event: 0.128 Thread 0x0000024a770999a0 Thread added: 0x0000024a770999a0
Event: 0.211 Loaded shared library C:\Program Files\Java\jdk-18.0.1.1\bin\zip.dll
Event: 0.213 Loaded shared library C:\Program Files\Java\jdk-18.0.1.1\bin\instrument.dll
Event: 0.241 Loaded shared library E:\IntelliJ IDEA Community Edition 2023.3.3\bin\breakgen64.dll
Event: 0.241 Thread 0x0000024a77193ee0 Thread added: 0x0000024a77193ee0
Event: 0.241 Thread 0x0000024a775fa250 Thread added: 0x0000024a775fa250


Dynamic libraries:
0x00007ff71fdf0000 - 0x00007ff71fe00000 	C:\Program Files\Java\jdk-18.0.1.1\bin\java.exe
0x00007ffefc250000 - 0x00007ffefc467000 	C:\WINDOWS\SYSTEM32\ntdll.dll
0x00007ffefa9f0000 - 0x00007ffefaab4000 	C:\WINDOWS\System32\KERNEL32.DLL
0x00007ffef9960000 - 0x00007ffef9d06000 	C:\WINDOWS\System32\KERNELBASE.dll
0x00007ffef9630000 - 0x00007ffef9741000 	C:\WINDOWS\System32\ucrtbase.dll
0x00007ffef0b90000 - 0x00007ffef0baa000 	C:\Program Files\Java\jdk-18.0.1.1\bin\VCRUNTIME140.dll
0x00007ffef0e80000 - 0x00007ffef0e98000 	C:\Program Files\Java\jdk-18.0.1.1\bin\jli.dll
0x00007ffefa5e0000 - 0x00007ffefa693000 	C:\WINDOWS\System32\ADVAPI32.dll
0x00007ffefa530000 - 0x00007ffefa5d7000 	C:\WINDOWS\System32\msvcrt.dll
0x00007ffefacf0000 - 0x00007ffefad98000 	C:\WINDOWS\System32\sechost.dll
0x00007ffef9e30000 - 0x00007ffef9e58000 	C:\WINDOWS\System32\bcrypt.dll
0x00007ffefa6a0000 - 0x00007ffefa7b7000 	C:\WINDOWS\System32\RPCRT4.dll
0x00007ffefab40000 - 0x00007ffefacee000 	C:\WINDOWS\System32\USER32.dll
0x00007ffef9930000 - 0x00007ffef9956000 	C:\WINDOWS\System32\win32u.dll
0x00007ffee3f40000 - 0x00007ffee41d3000 	C:\WINDOWS\WinSxS\amd64_microsoft.windows.common-controls_6595b64144ccf1df_6.0.22621.2506_none_270c5ae97388e100\COMCTL32.dll
0x00007ffefa350000 - 0x00007ffefa379000 	C:\WINDOWS\System32\GDI32.dll
0x00007ffef9d10000 - 0x00007ffef9e28000 	C:\WINDOWS\System32\gdi32full.dll
0x00007ffef9590000 - 0x00007ffef962a000 	C:\WINDOWS\System32\msvcp_win.dll
0x00007ffeef680000 - 0x00007ffeef68a000 	C:\WINDOWS\SYSTEM32\VERSION.dll
0x00007ffefa070000 - 0x00007ffefa0a1000 	C:\WINDOWS\System32\IMM32.DLL
0x00007ffef1460000 - 0x00007ffef146c000 	C:\Program Files\Java\jdk-18.0.1.1\bin\vcruntime140_1.dll
0x00007ffeed280000 - 0x00007ffeed30d000 	C:\Program Files\Java\jdk-18.0.1.1\bin\msvcp140.dll
0x00007ffe90880000 - 0x00007ffe91490000 	C:\Program Files\Java\jdk-18.0.1.1\bin\server\jvm.dll
0x00007ffefbd80000 - 0x00007ffefbd88000 	C:\WINDOWS\System32\PSAPI.DLL
0x00007ffef16b0000 - 0x00007ffef16e4000 	C:\WINDOWS\SYSTEM32\WINMM.dll
0x00007ffef5580000 - 0x00007ffef5589000 	C:\WINDOWS\SYSTEM32\WSOCK32.dll
0x00007ffefa150000 - 0x00007ffefa1c1000 	C:\WINDOWS\System32\WS2_32.dll
0x00007ffef8650000 - 0x00007ffef8668000 	C:\WINDOWS\SYSTEM32\kernel.appcore.dll
0x00007ffef1370000 - 0x00007ffef137a000 	C:\Program Files\Java\jdk-18.0.1.1\bin\jimage.dll
0x00007ffef6c50000 - 0x00007ffef6e83000 	C:\WINDOWS\SYSTEM32\DBGHELP.DLL
0x00007ffefb9f0000 - 0x00007ffefbd79000 	C:\WINDOWS\System32\combase.dll
0x00007ffefa910000 - 0x00007ffefa9e7000 	C:\WINDOWS\System32\OLEAUT32.dll
0x00007ffedd4f0000 - 0x00007ffedd522000 	C:\WINDOWS\SYSTEM32\dbgcore.DLL
0x00007ffef9f20000 - 0x00007ffef9f9a000 	C:\WINDOWS\System32\bcryptPrimitives.dll
0x00007ffef4ec0000 - 0x00007ffef4ece000 	C:\Program Files\Java\jdk-18.0.1.1\bin\instrument.dll
0x00007ffeee290000 - 0x00007ffeee2b5000 	C:\Program Files\Java\jdk-18.0.1.1\bin\java.dll
0x00007ffeae790000 - 0x00007ffeae866000 	C:\Program Files\Java\jdk-18.0.1.1\bin\jsvml.dll
0x00007ffefb0e0000 - 0x00007ffefb93a000 	C:\WINDOWS\System32\SHELL32.dll
0x00007ffef74f0000 - 0x00007ffef7de6000 	C:\WINDOWS\SYSTEM32\windows.storage.dll
0x00007ffef73b0000 - 0x00007ffef74ee000 	C:\WINDOWS\SYSTEM32\wintypes.dll
0x00007ffefadb0000 - 0x00007ffefaea3000 	C:\WINDOWS\System32\SHCORE.dll
0x00007ffefa2f0000 - 0x00007ffefa34e000 	C:\WINDOWS\System32\shlwapi.dll
0x00007ffef94c0000 - 0x00007ffef94e6000 	C:\WINDOWS\SYSTEM32\profapi.dll
0x00007ffef0b70000 - 0x00007ffef0b83000 	C:\Program Files\Java\jdk-18.0.1.1\bin\net.dll
0x00007ffef2670000 - 0x00007ffef27a7000 	C:\WINDOWS\SYSTEM32\WINHTTP.dll
0x00007ffef8b30000 - 0x00007ffef8b99000 	C:\WINDOWS\system32\mswsock.dll
0x00007ffef04f0000 - 0x00007ffef0506000 	C:\Program Files\Java\jdk-18.0.1.1\bin\nio.dll
0x00007ffeee270000 - 0x00007ffeee288000 	C:\Program Files\Java\jdk-18.0.1.1\bin\zip.dll
0x00007ffef4400000 - 0x00007ffef441a000 	E:\IntelliJ IDEA Community Edition 2023.3.3\bin\breakgen64.dll
0x0000024a52ae0000 - 0x0000024a52ae3000 	C:\Users\Win10\.openjfx\cache\18.0.2+2\api-ms-win-core-console-l1-1-0.dll
0x0000024a52af0000 - 0x0000024a52af3000 	C:\Users\Win10\.openjfx\cache\18.0.2+2\api-ms-win-core-console-l1-2-0.dll

dbghelp: loaded successfully - version: 4.0.5 - missing functions: none
symbol engine: initialized successfully - sym options: 0x614 - pdb path: .;C:\Program Files\Java\jdk-18.0.1.1\bin;C:\WINDOWS\SYSTEM32;C:\WINDOWS\WinSxS\amd64_microsoft.windows.common-controls_6595b64144ccf1df_6.0.22621.2506_none_270c5ae97388e100;C:\Program Files\Java\jdk-18.0.1.1\bin\server;E:\IntelliJ IDEA Community Edition 2023.3.3\bin;C:\Users\Win10\.openjfx\cache\18.0.2+2

VM Arguments:
jvm_args: -javaagent:E:\IntelliJ IDEA Community Edition 2023.3.3\lib\idea_rt.jar=5246:E:\IntelliJ IDEA Community Edition 2023.3.3\bin -Dfile.encoding=UTF-8 -Dsun.stdout.encoding=UTF-8 -Dsun.stderr.encoding=UTF-8 --module-path=C:\Users\Win10\.m2\repository\org\apache\logging\log4j\log4j-api\2.14.1\log4j-api-2.14.1.jar;C:\Users\Win10\.m2\repository\org\openjfx\javafx-base\18.0.2\javafx-base-18.0.2-win.jar;C:\Users\Win10\.m2\repository\org\openjfx\javafx-controls\18.0.2\javafx-controls-18.0.2-win.jar;C:\Users\Win10\.m2\repository\org\kordamp\bootstrapfx\bootstrapfx-core\0.4.0\bootstrapfx-core-0.4.0.jar;E:\IntelijFiles\WMS\target\classes;C:\Users\Win10\.m2\repository\org\openjfx\javafx-graphics\18.0.2\javafx-graphics-18.0.2-win.jar;C:\Users\Win10\.m2\repository\com\mysql\mysql-connector-j\8.0.33\mysql-connector-j-8.0.33.jar;C:\Users\Win10\.m2\repository\org\openjfx\javafx-fxml\18.0.2\javafx-fxml-18.0.2-win.jar;C:\Users\Win10\.m2\repository\org\mindrot\jbcrypt\0.4\jbcrypt-0.4.jar;C:\Users\Win10\.m2\repository\com\dlsc\formsfx\formsfx-core\11.6.0\formsfx-core-11.6.0.jar -Djdk.module.main=org.wms 
java_command: org.wms/org.wms.main
java_class_path (initial): C:\Users\Win10\.m2\repository\org\openjfx\javafx-controls\18.0.2\javafx-controls-18.0.2.jar;C:\Users\Win10\.m2\repository\org\openjfx\javafx-graphics\18.0.2\javafx-graphics-18.0.2.jar;C:\Users\Win10\.m2\repository\org\openjfx\javafx-base\18.0.2\javafx-base-18.0.2.jar;C:\Users\Win10\.m2\repository\org\openjfx\javafx-fxml\18.0.2\javafx-fxml-18.0.2.jar;C:\Users\Win10\.m2\repository\org\apache\logging\log4j\log4j-core\2.14.1\log4j-core-2.14.1.jar;C:\Users\Win10\.m2\repository\org\openjfx\javafx-media\18.0.2\javafx-media-18.0.2.jar;C:\Users\Win10\.m2\repository\org\openjfx\javafx-media\18.0.2\javafx-media-18.0.2-win.jar;C:\Users\Win10\.m2\repository\com\github\almasb\fxgl\17.3\fxgl-17.3.jar;C:\Users\Win10\.m2\repository\com\github\almasb\fxgl-core\17.3\fxgl-core-17.3.jar;C:\Users\Win10\.m2\repository\com\gluonhq\attach\audio\4.0.17\audio-4.0.17.jar;C:\Users\Win10\.m2\repository\com\github\almasb\fxgl-io\17.3\fxgl-io-17.3.jar;C:\Users\Win10\.m2\repository\com\gluonhq\attach\storage\4.0.17\storage-4.0.17.jar;C:\Users\Win10\.m2\repository\com\gluonhq\attach\util\4.0.17\util-4.0.17.jar;C:\Users\Win10\.m2\repository\com\github\almasb\fxgl-entity\17.3\fxgl-entity-17.3.jar;C:\Users\Win10\.m2\repository\com\github\almasb\fxgl-scene\17.3\fxgl-scene-17.3.jar;C:\Users\Win10\.m2\repository\com\github\almasb\fxgl-gameplay\17.3\fxgl-gameplay-17.3.jar;C:\Users\Win10\.m2\repository\com\fasterxml\jackson\core\jackson-annotations\2.14.2\jackson-annotations-2.14.2.jar;C:\Users\Win10\.m2\repository\com\fasterxml\jackson\core\jackson-databind\2.14.2\jackson-databind-2.14.2.jar;C:\Users\Win10\.m2\repository\com\fasterxml\jackson\core\jackson-core\2.14.2\jackson-core-2.14.2.jar;C:\Users\Win10\.m2\repository\com\gluonhq\attach\lifecycle\4.0.17\lifecycle-4.0.17.jar;C:\Users\Win10\.m2\repository\org\jetbrains\kotlin\kotlin-stdlib\1.8.10\kotlin-stdlib-1.8.10.jar;C:\Users\Win10\.m2\repository\org\jetbrains\kotlin\kotlin-stdlib-common\1.8.10\kotlin-stdlib-common-1.8.10.jar;C:\Users\Win10\.m2\repository\org\jetbrains\annotations\13.0\annotations-13.0.jar;C:\Users\Win10\.m2\repository\com\google\protobuf\protobuf-java\3.21.9\protobuf-java-3.21.9.jar;C:\Users\Win10\.m2\repository\de\jensd\fontawesomefx\8.9\fontawesomefx-8.9.jar;C:\Users\Win10\.m2\repository\org\kordamp\ikonli\ikonli-swing\12.3.1\ikonli-swing-12.3.1.jar;C:\Users\Win10\.m2\repository\org\kordamp\ikonli\ikonli-core\12.3.1\ikonli-core-12.3.1.jar
Launcher Type: SUN_STANDARD

[Global flags]
     intx CICompilerCount                          = 4                                         {product} {ergonomic}
     uint ConcGCThreads                            = 2                                         {product} {ergonomic}
     uint G1ConcRefinementThreads                  = 8                                         {product} {ergonomic}
   size_t G1HeapRegionSize                         = 1048576                                   {product} {ergonomic}
    uintx GCDrainStackTargetSize                   = 64                                        {product} {ergonomic}
   size_t InitialHeapSize                          = 132120576                                 {product} {ergonomic}
   size_t MarkStackSize                            = 4194304                                   {product} {ergonomic}
   size_t MaxHeapSize                              = 2113929216                                {product} {ergonomic}
   size_t MaxNewSize                               = 1267728384                                {product} {ergonomic}
   size_t MinHeapDeltaBytes                        = 1048576                                   {product} {ergonomic}
   size_t MinHeapSize                              = 8388608                                   {product} {ergonomic}
    uintx NonNMethodCodeHeapSize                   = 5839372                                {pd product} {ergonomic}
    uintx NonProfiledCodeHeapSize                  = 122909434                              {pd product} {ergonomic}
    uintx ProfiledCodeHeapSize                     = 122909434                              {pd product} {ergonomic}
    uintx ReservedCodeCacheSize                    = 251658240                              {pd product} {ergonomic}
     bool SegmentedCodeCache                       = true                                      {product} {ergonomic}
   size_t SoftMaxHeapSize                          = 2113929216                             {manageable} {ergonomic}
     bool UseCompressedClassPointers               = true                           {product lp64_product} {ergonomic}
     bool UseCompressedOops                        = true                           {product lp64_product} {ergonomic}
     bool UseG1GC                                  = true                                      {product} {ergonomic}
     bool UseLargePagesIndividualAllocation        = false                                  {pd product} {ergonomic}

Logging:
Log output configuration:
 #0: stdout all=warning uptime,level,tags foldmultilines=false
 #1: stderr all=off uptime,level,tags foldmultilines=false

Environment Variables:
JAVA_HOME=C:\Users\Win10\emsdk\java\8.152_64bit
CLASSPATH=C:\Users\Win10\Downloads\algs4.jar
PATH=C:\Program Files\Common Files\Oracle\Java\javapath;C:\Windows\system32;C:\Windows;C:\Windows\System32\Wbem;C:\Windows\System32\WindowsPowerShell\v1.0\;C:\Windows\System32\OpenSSH\;C:\Program Files (x86)\NVIDIA Corporation\PhysX\Common;C:\WINDOWS\system32;C:\WINDOWS;C:\WINDOWS\System32\Wbem;C:\WINDOWS\System32\WindowsPowerShell\v1.0\;C:\WINDOWS\System32\OpenSSH\;C:\WINDOWS\system32;C:\WINDOWS;C:\WINDOWS\System32\Wbem;C:\WINDOWS\System32\WindowsPowerShell\v1.0\;C:\WINDOWS\System32\OpenSSH\;C:\Users\Win10\AppData\Roaming\nvm;C:\Program Files\nodejs;C:\Program Files\Git\cmd;C:\Program Files (x86)\Gpg4win\..\GnuPG\bin;C:\Users\Win10\emsdk\upstream\emscripten;C:\Users\Win10\emsdk;C:\Program Files\MySQL\MySQL Shell 8.0\bin\;C:\Users\Win10\AppData\Local\Programs\Python\Python39-32\Scripts\;C:\Users\Win10\AppData\Local\Programs\Python\Python39-32\;C:\Users\Win10\AppData\Local\Microsoft\WindowsApps;C:\Users\Win10\AppData\Local\Programs\Microsoft VS Code\bin;E:\IntelliJ IDEA Community Edition 2023.3.3\bin;;C:\Program Files (x86)\Nmap;C:\Program Files\JetBrains\PyCharm Community Edition 2022.3.3\bin;;C:\Users\Win10\AppData\Roaming\npm;C:\Users\Win10\AppData\Roaming\nvm;C:\Program Files\nodejs;C:\MinGW\bin;D:\mongodb\bin\
USERNAME=Rivansh'sG3
OS=Windows_NT
PROCESSOR_IDENTIFIER=Intel64 Family 6 Model 165 Stepping 2, GenuineIntel



---------------  S Y S T E M  ---------------

OS:
 Windows 11 , 64 bit Build 22621 (10.0.22621.2506)
OS uptime: 4 days 1:08 hours

CPU: total 8 (initial active 8) (4 cores per cpu, 2 threads per core) family 6 model 165 stepping 2 microcode 0xea, cx8, cmov, fxsr, ht, mmx, 3dnowpref, sse, sse2, sse3, ssse3, sse4.1, sse4.2, popcnt, lzcnt, tsc, tscinvbit, avx, avx2, aes, erms, clmul, bmi1, bmi2, adx, fma, vzeroupper, clflush, clflushopt

Memory: 4k page, system-wide physical 8059M (392M free)
TotalPageFile size 21448M (AvailPageFile size 3M)
current process WorkingSet (physical memory assigned to process): 53M, peak: 53M
current process commit charge ("private bytes"): 216M, peak: 216M

vm_info: Java HotSpot(TM) 64-Bit Server VM (18.0.1.1+2-6) for windows-amd64 JRE (18.0.1.1+2-6), built on Apr 25 2022 21:53:15 by "mach5one" with MS VC++ 16.8 / 16.9 (VS2019)

END.
