#
# There is insufficient memory for the Java Runtime Environment to continue.
# Native memory allocation (malloc) failed to allocate 1258064 bytes for Chunk::new
# Possible reasons:
#   The system is out of physical RAM or swap space
#   The process is running with CompressedOops enabled, and the Java Heap may be blocking the growth of the native heap
# Possible solutions:
#   Reduce memory load on the system
#   Increase physical memory or swap space
#   Check if swap backing store is full
#   Decrease Java heap size (-Xmx/-Xms)
#   Decrease number of Java threads
#   Decrease Java thread stack sizes (-Xss)
#   Set larger code cache with -XX:ReservedCodeCacheSize=
#   JVM is running with Unscaled Compressed Oops mode in which the Java heap is
#     placed in the first 4GB address space. The Java Heap base address is the
#     maximum limit for the native heap growth. Please use -XX:HeapBaseMinAddress
#     to set the Java Heap base and to place the Java Heap above 4GB virtual address.
# This output file may be truncated or incomplete.
#
#  Out of Memory Error (arena.cpp:184), pid=4032, tid=18484
#
# JRE version: Java(TM) SE Runtime Environment (18.0.1.1+2) (build 18.0.1.1+2-6)
# Java VM: Java HotSpot(TM) 64-Bit Server VM (18.0.1.1+2-6, mixed mode, sharing, tiered, compressed oops, compressed class ptrs, g1 gc, windows-amd64)
# No core dump will be written. Minidumps are not enabled by default on client versions of Windows
#

---------------  S U M M A R Y ------------

Command Line: -javaagent:E:\IntelliJ IDEA Community Edition 2023.3.3\lib\idea_rt.jar=37578:E:\IntelliJ IDEA Community Edition 2023.3.3\bin -Dfile.encoding=UTF-8 -Dsun.stdout.encoding=UTF-8 -Dsun.stderr.encoding=UTF-8 --module-path=C:\Users\Win10\.m2\repository\org\openjfx\javafx-base\18.0.2\javafx-base-18.0.2-win.jar;C:\Users\Win10\.m2\repository\org\openjfx\javafx-graphics\18.0.2\javafx-graphics-18.0.2-win.jar;C:\Users\Win10\.m2\repository\org\mindrot\jbcrypt\0.4\jbcrypt-0.4.jar;C:\Users\Win10\.m2\repository\com\dlsc\formsfx\formsfx-core\11.6.0\formsfx-core-11.6.0.jar;C:\Users\Win10\.m2\repository\org\openjfx\javafx-controls\18.0.2\javafx-controls-18.0.2-win.jar;C:\Users\Win10\.m2\repository\org\openjfx\javafx-fxml\18.0.2\javafx-fxml-18.0.2-win.jar;C:\Users\Win10\.m2\repository\com\mysql\mysql-connector-j\8.0.33\mysql-connector-j-8.0.33.jar;E:\IntelijFiles\WMS\target\classes;C:\Users\Win10\.m2\repository\org\kordamp\bootstrapfx\bootstrapfx-core\0.4.0\bootstrapfx-core-0.4.0.jar -Djdk.module.main=org.wms org.wms/org.wms.main

Host: Intel(R) Core(TM) i5-10300H CPU @ 2.50GHz, 8 cores, 7G,  Windows 11 , 64 bit Build 22621 (10.0.22621.2506)
Time: Tue Feb 13 15:42:38 2024 India Standard Time elapsed time: 10.920434 seconds (0d 0h 0m 10s)

---------------  T H R E A D  ---------------

Current thread (0x0000024f90a45b10):  JavaThread "C2 CompilerThread1" daemon [_thread_in_native, id=18484, stack(0x000000db8b900000,0x000000db8ba00000)]


Current CompileTask:
C2:  10920 4866       4       javafx.scene.CssStyleHelper::getStyle (162 bytes)

Stack: [0x000000db8b900000,0x000000db8ba00000]
Native frames: (J=compiled Java code, j=interpreted, Vv=VM code, C=native code)
V  [jvm.dll+0x69887a]
V  [jvm.dll+0x7f38bd]
V  [jvm.dll+0x7f51ce]
V  [jvm.dll+0x7f5883]
V  [jvm.dll+0x25ca3f]
V  [jvm.dll+0xb8c2f]
V  [jvm.dll+0xb8fa5]
V  [jvm.dll+0x385a6b]
V  [jvm.dll+0x1d29a8]
V  [jvm.dll+0x22fd79]
V  [jvm.dll+0x22eff1]
V  [jvm.dll+0x1b9cfc]
V  [jvm.dll+0x23e8ca]
V  [jvm.dll+0x23cbb5]
V  [jvm.dll+0x7a5fb1]
V  [jvm.dll+0x7a03ea]
V  [jvm.dll+0x697725]
C  [ucrtbase.dll+0x29363]
C  [KERNEL32.DLL+0x1257d]
C  [ntdll.dll+0x5aa58]


---------------  P R O C E S S  ---------------

Threads class SMR info:
_java_thread_list=0x0000024f903eff70, length=22, elements={
0x0000024fe821aaa0, 0x0000024f86387e40, 0x0000024f8638aab0, 0x0000024f863a56c0,
0x0000024f863a6060, 0x0000024f863a6a00, 0x0000024f863a73a0, 0x0000024f863abb80,
0x0000024f863d6590, 0x0000024f863df740, 0x0000024f86374620, 0x0000024f8a8f8930,
0x0000024f8adc4ab0, 0x0000024f8ad2cc90, 0x0000024f8b0f4070, 0x0000024f8b0f5920,
0x0000024f8b125ed0, 0x0000024f8b0eb6d0, 0x0000024f900e9080, 0x0000024f900e7d40,
0x0000024f900e6a00, 0x0000024f90a45b10
}

Java Threads: ( => current thread )
  0x0000024fe821aaa0 JavaThread "main" [_thread_blocked, id=17824, stack(0x000000db88c00000,0x000000db88d00000)]
  0x0000024f86387e40 JavaThread "Reference Handler" daemon [_thread_blocked, id=22604, stack(0x000000db89300000,0x000000db89400000)]
  0x0000024f8638aab0 JavaThread "Finalizer" daemon [_thread_blocked, id=15664, stack(0x000000db89400000,0x000000db89500000)]
  0x0000024f863a56c0 JavaThread "Signal Dispatcher" daemon [_thread_blocked, id=20788, stack(0x000000db89500000,0x000000db89600000)]
  0x0000024f863a6060 JavaThread "Attach Listener" daemon [_thread_blocked, id=22852, stack(0x000000db89600000,0x000000db89700000)]
  0x0000024f863a6a00 JavaThread "Service Thread" daemon [_thread_blocked, id=14076, stack(0x000000db89700000,0x000000db89800000)]
  0x0000024f863a73a0 JavaThread "Monitor Deflation Thread" daemon [_thread_blocked, id=4016, stack(0x000000db89800000,0x000000db89900000)]
  0x0000024f863abb80 JavaThread "C2 CompilerThread0" daemon [_thread_in_native, id=8528, stack(0x000000db89900000,0x000000db89a00000)]
  0x0000024f863d6590 JavaThread "C1 CompilerThread0" daemon [_thread_blocked, id=1808, stack(0x000000db89a00000,0x000000db89b00000)]
  0x0000024f863df740 JavaThread "Sweeper thread" daemon [_thread_blocked, id=7916, stack(0x000000db89b00000,0x000000db89c00000)]
  0x0000024f86374620 JavaThread "Common-Cleaner" daemon [_thread_blocked, id=20260, stack(0x000000db89c00000,0x000000db89d00000)]
  0x0000024f8a8f8930 JavaThread "Monitor Ctrl-Break" daemon [_thread_in_native, id=23876, stack(0x000000db89e00000,0x000000db89f00000)]
  0x0000024f8adc4ab0 JavaThread "Notification Thread" daemon [_thread_blocked, id=7908, stack(0x000000db89f00000,0x000000db8a000000)]
  0x0000024f8ad2cc90 JavaThread "QuantumRenderer-0" daemon [_thread_in_native, id=736, stack(0x000000db8a100000,0x000000db8a200000)]
  0x0000024f8b0f4070 JavaThread "InvokeLaterDispatcher" daemon [_thread_blocked, id=20944, stack(0x000000db8a200000,0x000000db8a300000)]
  0x0000024f8b0f5920 JavaThread "JavaFX Application Thread" [_thread_in_native, id=20128, stack(0x000000db8a300000,0x000000db8a400000)]
  0x0000024f8b125ed0 JavaThread "Thread-1" daemon [_thread_in_native, id=23928, stack(0x000000db89d00000,0x000000db89e00000)]
  0x0000024f8b0eb6d0 JavaThread "JavaFX-Launcher" [_thread_blocked, id=23316, stack(0x000000db8a700000,0x000000db8a800000)]
  0x0000024f900e9080 JavaThread "Prism Font Disposer" daemon [_thread_blocked, id=25164, stack(0x000000db8b100000,0x000000db8b200000)]
  0x0000024f900e7d40 JavaThread "Cleaner-0" daemon [_thread_blocked, id=22496, stack(0x000000db8b400000,0x000000db8b500000)]
  0x0000024f900e6a00 JavaThread "mysql-cj-abandoned-connection-cleanup" daemon [_thread_blocked, id=15596, stack(0x000000db8ad00000,0x000000db8ae00000)]
=>0x0000024f90a45b10 JavaThread "C2 CompilerThread1" daemon [_thread_in_native, id=18484, stack(0x000000db8b900000,0x000000db8ba00000)]

Other Threads:
  0x0000024f86385480 VMThread "VM Thread" [stack: 0x000000db89200000,0x000000db89300000] [id=23516]
  0x0000024f8adcb380 WatcherThread "VM Periodic Task Thread" [stack: 0x000000db8a000000,0x000000db8a100000] [id=13320]
  0x0000024fe827a7a0 WorkerThread "GC Thread#0" [stack: 0x000000db88d00000,0x000000db88e00000] [id=11884]
  0x0000024f8b2780b0 WorkerThread "GC Thread#1" [stack: 0x000000db8a800000,0x000000db8a900000] [id=14168]
  0x0000024f8b277e10 WorkerThread "GC Thread#2" [stack: 0x000000db8a900000,0x000000db8aa00000] [id=3456]
  0x0000024f8b278350 WorkerThread "GC Thread#3" [stack: 0x000000db8aa00000,0x000000db8ab00000] [id=15012]
  0x0000024f8b3c8030 WorkerThread "GC Thread#4" [stack: 0x000000db8ab00000,0x000000db8ac00000] [id=20348]
  0x0000024f8b3c9290 WorkerThread "GC Thread#5" [stack: 0x000000db8ac00000,0x000000db8ad00000] [id=9456]
  0x0000024f8b3c8810 WorkerThread "GC Thread#6" [stack: 0x000000db8b200000,0x000000db8b300000] [id=12144]
  0x0000024f8b3c8570 WorkerThread "GC Thread#7" [stack: 0x000000db8b300000,0x000000db8b400000] [id=11008]
  0x0000024fe828c2e0 ConcurrentGCThread "G1 Main Marker" [stack: 0x000000db88e00000,0x000000db88f00000] [id=11348]
  0x0000024fe828e480 WorkerThread "G1 Conc#0" [stack: 0x000000db88f00000,0x000000db89000000] [id=24560]
  0x0000024f8fcd3da0 WorkerThread "G1 Conc#1" [stack: 0x000000db8b600000,0x000000db8b700000] [id=14260]
  0x0000024fe82ce140 ConcurrentGCThread "G1 Refine#0" [stack: 0x000000db89000000,0x000000db89100000] [id=22428]
  0x0000024fe82cea50 ConcurrentGCThread "G1 Service" [stack: 0x000000db89100000,0x000000db89200000] [id=22808]

Threads with active compile tasks:
C2 CompilerThread0    10977 4730 %     4       com.sun.marlin.Renderer::_endRendering @ 763 (2473 bytes)
C2 CompilerThread1    10977 4866       4       javafx.scene.CssStyleHelper::getStyle (162 bytes)

VM state: not at safepoint (normal execution)

VM Mutex/Monitor currently owned by a thread: None

Heap address: 0x0000000082000000, size: 2016 MB, Compressed Oops mode: 32-bit

CDS archive(s) mapped at: [0x0000000800000000-0x0000000800ba0000-0x0000000800ba0000), size 12189696, SharedBaseAddress: 0x0000000800000000, ArchiveRelocationMode: 0.
Compressed class space mapped at: 0x0000000800c00000-0x0000000840c00000, reserved size: 1073741824
Narrow klass base: 0x0000000800000000, Narrow klass shift: 0, Narrow klass range: 0x100000000

GC Precious Log:
 CardTable entry size: 512
 Card Set container configuration: InlinePtr #cards 5 size 8 Array Of Cards #cards 12 size 40 Howl #buckets 4 coarsen threshold 1843 Howl Bitmap #cards 512 size 80 coarsen threshold 460 Card regions per heap region 1 cards per card region 2048
 CPUs: 8 total, 8 available
 Memory: 8059M
 Large Page Support: Disabled
 NUMA Support: Disabled
 Compressed Oops: Enabled (32-bit)
 Heap Region Size: 1M
 Heap Min Capacity: 8M
 Heap Initial Capacity: 126M
 Heap Max Capacity: 2016M
 Pre-touch: Disabled
 Parallel Workers: 8
 Concurrent Workers: 2
 Concurrent Refinement Workers: 8
 Periodic GC: Disabled

Heap:
 garbage-first heap   total 199680K, used 134423K [0x0000000082000000, 0x0000000100000000)
  region size 1024K, 33 young (33792K), 1 survivors (1024K)
 Metaspace       used 28025K, committed 28288K, reserved 1114112K
  class space    used 3720K, committed 3840K, reserved 1048576K

Heap Regions: E=young(eden), S=young(survivor), O=old, HS=humongous(starts), HC=humongous(continues), CS=collection set, F=free, OA=open archive, CA=closed archive, TAMS=top-at-mark-start (previous, next)
|   0|0x0000000082000000, 0x0000000082100000, 0x0000000082100000|100%| O|  |TAMS 0x0000000082100000, 0x0000000082000000| Untracked 
|   1|0x0000000082100000, 0x0000000082200000, 0x0000000082200000|100%|HS|  |TAMS 0x0000000082200000, 0x0000000082100000| Complete 
|   2|0x0000000082200000, 0x0000000082300000, 0x0000000082300000|100%|HC|  |TAMS 0x0000000082300000, 0x0000000082200000| Complete 
|   3|0x0000000082300000, 0x0000000082400000, 0x0000000082400000|100%|HC|  |TAMS 0x0000000082400000, 0x0000000082300000| Complete 
|   4|0x0000000082400000, 0x0000000082500000, 0x0000000082500000|100%|HC|  |TAMS 0x0000000082500000, 0x0000000082400000| Complete 
|   5|0x0000000082500000, 0x0000000082600000, 0x0000000082600000|100%|HC|  |TAMS 0x0000000082600000, 0x0000000082500000| Complete 
|   6|0x0000000082600000, 0x0000000082700000, 0x0000000082700000|100%| O|  |TAMS 0x0000000082700000, 0x0000000082600000| Untracked 
|   7|0x0000000082700000, 0x0000000082800000, 0x0000000082800000|100%| O|  |TAMS 0x0000000082800000, 0x0000000082700000| Untracked 
|   8|0x0000000082800000, 0x000000008287c200, 0x0000000082900000| 48%| O|  |TAMS 0x000000008287c200, 0x0000000082800000| Untracked 
|   9|0x0000000082900000, 0x0000000082a00000, 0x0000000082a00000|100%|HS|  |TAMS 0x0000000082a00000, 0x0000000082900000| Complete 
|  10|0x0000000082a00000, 0x0000000082b00000, 0x0000000082b00000|100%|HC|  |TAMS 0x0000000082b00000, 0x0000000082a00000| Complete 
|  11|0x0000000082b00000, 0x0000000082c00000, 0x0000000082c00000|100%|HS|  |TAMS 0x0000000082c00000, 0x0000000082b00000| Complete 
|  12|0x0000000082c00000, 0x0000000082d00000, 0x0000000082d00000|100%|HC|  |TAMS 0x0000000082d00000, 0x0000000082c00000| Complete 
|  13|0x0000000082d00000, 0x0000000082e00000, 0x0000000082e00000|100%|HC|  |TAMS 0x0000000082e00000, 0x0000000082d00000| Complete 
|  14|0x0000000082e00000, 0x0000000082f00000, 0x0000000082f00000|100%|HC|  |TAMS 0x0000000082f00000, 0x0000000082e00000| Complete 
|  15|0x0000000082f00000, 0x0000000083000000, 0x0000000083000000|100%|HC|  |TAMS 0x0000000083000000, 0x0000000082f00000| Complete 
|  16|0x0000000083000000, 0x0000000083100000, 0x0000000083100000|100%|HS|  |TAMS 0x0000000083100000, 0x0000000083000000| Complete 
|  17|0x0000000083100000, 0x0000000083200000, 0x0000000083200000|100%|HC|  |TAMS 0x0000000083200000, 0x0000000083100000| Complete 
|  18|0x0000000083200000, 0x0000000083300000, 0x0000000083300000|100%|HC|  |TAMS 0x0000000083300000, 0x0000000083200000| Complete 
|  19|0x0000000083300000, 0x0000000083400000, 0x0000000083400000|100%|HC|  |TAMS 0x0000000083400000, 0x0000000083300000| Complete 
|  20|0x0000000083400000, 0x0000000083500000, 0x0000000083500000|100%|HC|  |TAMS 0x0000000083500000, 0x0000000083400000| Complete 
|  21|0x0000000083500000, 0x0000000083600000, 0x0000000083600000|100%|HS|  |TAMS 0x0000000083600000, 0x0000000083500000| Complete 
|  22|0x0000000083600000, 0x0000000083700000, 0x0000000083700000|100%|HC|  |TAMS 0x0000000083700000, 0x0000000083600000| Complete 
|  23|0x0000000083700000, 0x0000000083800000, 0x0000000083800000|100%|HC|  |TAMS 0x0000000083800000, 0x0000000083700000| Complete 
|  24|0x0000000083800000, 0x0000000083900000, 0x0000000083900000|100%|HC|  |TAMS 0x0000000083900000, 0x0000000083800000| Complete 
|  25|0x0000000083900000, 0x0000000083a00000, 0x0000000083a00000|100%|HC|  |TAMS 0x0000000083a00000, 0x0000000083900000| Complete 
|  26|0x0000000083a00000, 0x0000000083b00000, 0x0000000083b00000|100%|HS|  |TAMS 0x0000000083b00000, 0x0000000083a00000| Complete 
|  27|0x0000000083b00000, 0x0000000083c00000, 0x0000000083c00000|100%|HC|  |TAMS 0x0000000083c00000, 0x0000000083b00000| Complete 
|  28|0x0000000083c00000, 0x0000000083d00000, 0x0000000083d00000|100%|HC|  |TAMS 0x0000000083d00000, 0x0000000083c00000| Complete 
|  29|0x0000000083d00000, 0x0000000083e00000, 0x0000000083e00000|100%|HC|  |TAMS 0x0000000083e00000, 0x0000000083d00000| Complete 
|  30|0x0000000083e00000, 0x0000000083f00000, 0x0000000083f00000|100%|HC|  |TAMS 0x0000000083f00000, 0x0000000083e00000| Complete 
|  31|0x0000000083f00000, 0x0000000084000000, 0x0000000084000000|100%| O|  |TAMS 0x0000000084000000, 0x0000000083f00000| Untracked 
|  32|0x0000000084000000, 0x0000000084100000, 0x0000000084100000|100%| O|  |TAMS 0x0000000084100000, 0x0000000084000000| Untracked 
|  33|0x0000000084100000, 0x0000000084200000, 0x0000000084200000|100%| O|  |TAMS 0x0000000084200000, 0x0000000084100000| Untracked 
|  34|0x0000000084200000, 0x0000000084300000, 0x0000000084300000|100%| O|  |TAMS 0x0000000084300000, 0x0000000084200000| Untracked 
|  35|0x0000000084300000, 0x0000000084400000, 0x0000000084400000|100%| O|  |TAMS 0x0000000084400000, 0x0000000084300000| Untracked 
|  36|0x0000000084400000, 0x0000000084500000, 0x0000000084500000|100%| O|  |TAMS 0x0000000084500000, 0x0000000084400000| Untracked 
|  37|0x0000000084500000, 0x0000000084600000, 0x0000000084600000|100%| O|  |TAMS 0x0000000084600000, 0x0000000084500000| Untracked 
|  38|0x0000000084600000, 0x0000000084700000, 0x0000000084700000|100%| O|  |TAMS 0x0000000084700000, 0x0000000084600000| Untracked 
|  39|0x0000000084700000, 0x0000000084800000, 0x0000000084800000|100%|HS|  |TAMS 0x0000000084800000, 0x0000000084700000| Complete 
|  40|0x0000000084800000, 0x0000000084900000, 0x0000000084900000|100%|HC|  |TAMS 0x0000000084900000, 0x0000000084800000| Complete 
|  41|0x0000000084900000, 0x0000000084a00000, 0x0000000084a00000|100%|HC|  |TAMS 0x0000000084a00000, 0x0000000084900000| Complete 
|  42|0x0000000084a00000, 0x0000000084b00000, 0x0000000084b00000|100%|HC|  |TAMS 0x0000000084b00000, 0x0000000084a00000| Complete 
|  43|0x0000000084b00000, 0x0000000084c00000, 0x0000000084c00000|100%|HC|  |TAMS 0x0000000084c00000, 0x0000000084b00000| Complete 
|  44|0x0000000084c00000, 0x0000000084d00000, 0x0000000084d00000|100%| O|  |TAMS 0x0000000084d00000, 0x0000000084c00000| Untracked 
|  45|0x0000000084d00000, 0x0000000084e00000, 0x0000000084e00000|100%|HS|  |TAMS 0x0000000084e00000, 0x0000000084d00000| Complete 
|  46|0x0000000084e00000, 0x0000000084f00000, 0x0000000084f00000|100%|HC|  |TAMS 0x0000000084f00000, 0x0000000084e00000| Complete 
|  47|0x0000000084f00000, 0x0000000085000000, 0x0000000085000000|100%|HC|  |TAMS 0x0000000085000000, 0x0000000084f00000| Complete 
|  48|0x0000000085000000, 0x0000000085100000, 0x0000000085100000|100%|HC|  |TAMS 0x0000000085100000, 0x0000000085000000| Complete 
|  49|0x0000000085100000, 0x0000000085200000, 0x0000000085200000|100%|HC|  |TAMS 0x0000000085200000, 0x0000000085100000| Complete 
|  50|0x0000000085200000, 0x0000000085300000, 0x0000000085300000|100%|HS|  |TAMS 0x0000000085300000, 0x0000000085200000| Complete 
|  51|0x0000000085300000, 0x0000000085400000, 0x0000000085400000|100%|HC|  |TAMS 0x0000000085400000, 0x0000000085300000| Complete 
|  52|0x0000000085400000, 0x0000000085500000, 0x0000000085500000|100%|HC|  |TAMS 0x0000000085500000, 0x0000000085400000| Complete 
|  53|0x0000000085500000, 0x0000000085600000, 0x0000000085600000|100%|HC|  |TAMS 0x0000000085600000, 0x0000000085500000| Complete 
|  54|0x0000000085600000, 0x0000000085700000, 0x0000000085700000|100%|HC|  |TAMS 0x0000000085700000, 0x0000000085600000| Complete 
|  55|0x0000000085700000, 0x0000000085800000, 0x0000000085800000|100%|HS|  |TAMS 0x0000000085800000, 0x0000000085700000| Complete 
|  56|0x0000000085800000, 0x0000000085900000, 0x0000000085900000|100%|HC|  |TAMS 0x0000000085900000, 0x0000000085800000| Complete 
|  57|0x0000000085900000, 0x0000000085a00000, 0x0000000085a00000|100%|HC|  |TAMS 0x0000000085a00000, 0x0000000085900000| Complete 
|  58|0x0000000085a00000, 0x0000000085b00000, 0x0000000085b00000|100%|HC|  |TAMS 0x0000000085b00000, 0x0000000085a00000| Complete 
|  59|0x0000000085b00000, 0x0000000085c00000, 0x0000000085c00000|100%|HC|  |TAMS 0x0000000085c00000, 0x0000000085b00000| Complete 
|  60|0x0000000085c00000, 0x0000000085d00000, 0x0000000085d00000|100%|HS|  |TAMS 0x0000000085d00000, 0x0000000085c00000| Complete 
|  61|0x0000000085d00000, 0x0000000085e00000, 0x0000000085e00000|100%|HC|  |TAMS 0x0000000085e00000, 0x0000000085d00000| Complete 
|  62|0x0000000085e00000, 0x0000000085f00000, 0x0000000085f00000|100%|HC|  |TAMS 0x0000000085f00000, 0x0000000085e00000| Complete 
|  63|0x0000000085f00000, 0x0000000086000000, 0x0000000086000000|100%|HC|  |TAMS 0x0000000086000000, 0x0000000085f00000| Complete 
|  64|0x0000000086000000, 0x0000000086100000, 0x0000000086100000|100%|HC|  |TAMS 0x0000000086100000, 0x0000000086000000| Complete 
|  65|0x0000000086100000, 0x0000000086200000, 0x0000000086200000|100%|HS|  |TAMS 0x0000000086200000, 0x0000000086100000| Complete 
|  66|0x0000000086200000, 0x0000000086300000, 0x0000000086300000|100%|HC|  |TAMS 0x0000000086300000, 0x0000000086200000| Complete 
|  67|0x0000000086300000, 0x0000000086400000, 0x0000000086400000|100%|HC|  |TAMS 0x0000000086400000, 0x0000000086300000| Complete 
|  68|0x0000000086400000, 0x0000000086500000, 0x0000000086500000|100%|HC|  |TAMS 0x0000000086500000, 0x0000000086400000| Complete 
|  69|0x0000000086500000, 0x0000000086600000, 0x0000000086600000|100%|HC|  |TAMS 0x0000000086600000, 0x0000000086500000| Complete 
|  70|0x0000000086600000, 0x0000000086700000, 0x0000000086700000|100%|HS|  |TAMS 0x0000000086700000, 0x0000000086600000| Complete 
|  71|0x0000000086700000, 0x0000000086800000, 0x0000000086800000|100%|HC|  |TAMS 0x0000000086800000, 0x0000000086700000| Complete 
|  72|0x0000000086800000, 0x0000000086900000, 0x0000000086900000|100%|HC|  |TAMS 0x0000000086900000, 0x0000000086800000| Complete 
|  73|0x0000000086900000, 0x0000000086a00000, 0x0000000086a00000|100%|HC|  |TAMS 0x0000000086a00000, 0x0000000086900000| Complete 
|  74|0x0000000086a00000, 0x0000000086b00000, 0x0000000086b00000|100%|HC|  |TAMS 0x0000000086b00000, 0x0000000086a00000| Complete 
|  75|0x0000000086b00000, 0x0000000086c00000, 0x0000000086c00000|100%|HS|  |TAMS 0x0000000086c00000, 0x0000000086b00000| Complete 
|  76|0x0000000086c00000, 0x0000000086d00000, 0x0000000086d00000|100%|HC|  |TAMS 0x0000000086d00000, 0x0000000086c00000| Complete 
|  77|0x0000000086d00000, 0x0000000086e00000, 0x0000000086e00000|100%|HC|  |TAMS 0x0000000086e00000, 0x0000000086d00000| Complete 
|  78|0x0000000086e00000, 0x0000000086f00000, 0x0000000086f00000|100%|HC|  |TAMS 0x0000000086f00000, 0x0000000086e00000| Complete 
|  79|0x0000000086f00000, 0x0000000087000000, 0x0000000087000000|100%|HC|  |TAMS 0x0000000087000000, 0x0000000086f00000| Complete 
|  80|0x0000000087000000, 0x0000000087100000, 0x0000000087100000|100%|HS|  |TAMS 0x0000000087100000, 0x0000000087000000| Complete 
|  81|0x0000000087100000, 0x0000000087200000, 0x0000000087200000|100%|HC|  |TAMS 0x0000000087200000, 0x0000000087100000| Complete 
|  82|0x0000000087200000, 0x0000000087300000, 0x0000000087300000|100%|HC|  |TAMS 0x0000000087300000, 0x0000000087200000| Complete 
|  83|0x0000000087300000, 0x0000000087400000, 0x0000000087400000|100%|HC|  |TAMS 0x0000000087400000, 0x0000000087300000| Complete 
|  84|0x0000000087400000, 0x0000000087500000, 0x0000000087500000|100%|HC|  |TAMS 0x0000000087500000, 0x0000000087400000| Complete 
|  85|0x0000000087500000, 0x0000000087600000, 0x0000000087600000|100%|HS|  |TAMS 0x0000000087600000, 0x0000000087500000| Complete 
|  86|0x0000000087600000, 0x0000000087700000, 0x0000000087700000|100%|HC|  |TAMS 0x0000000087700000, 0x0000000087600000| Complete 
|  87|0x0000000087700000, 0x0000000087800000, 0x0000000087800000|100%|HC|  |TAMS 0x0000000087800000, 0x0000000087700000| Complete 
|  88|0x0000000087800000, 0x0000000087900000, 0x0000000087900000|100%|HC|  |TAMS 0x0000000087900000, 0x0000000087800000| Complete 
|  89|0x0000000087900000, 0x0000000087a00000, 0x0000000087a00000|100%|HC|  |TAMS 0x0000000087a00000, 0x0000000087900000| Complete 
|  90|0x0000000087a00000, 0x0000000087b00000, 0x0000000087b00000|100%|HS|  |TAMS 0x0000000087b00000, 0x0000000087a00000| Complete 
|  91|0x0000000087b00000, 0x0000000087c00000, 0x0000000087c00000|100%|HC|  |TAMS 0x0000000087c00000, 0x0000000087b00000| Complete 
|  92|0x0000000087c00000, 0x0000000087d00000, 0x0000000087d00000|100%|HC|  |TAMS 0x0000000087d00000, 0x0000000087c00000| Complete 
|  93|0x0000000087d00000, 0x0000000087e00000, 0x0000000087e00000|100%|HC|  |TAMS 0x0000000087e00000, 0x0000000087d00000| Complete 
|  94|0x0000000087e00000, 0x0000000087f00000, 0x0000000087f00000|100%|HC|  |TAMS 0x0000000087f00000, 0x0000000087e00000| Complete 
|  95|0x0000000087f00000, 0x0000000088000000, 0x0000000088000000|100%|HS|  |TAMS 0x0000000087f00000, 0x0000000087f00000| Complete 
|  96|0x0000000088000000, 0x0000000088100000, 0x0000000088100000|100%|HC|  |TAMS 0x0000000088000000, 0x0000000088000000| Complete 
|  97|0x0000000088100000, 0x0000000088200000, 0x0000000088200000|100%|HC|  |TAMS 0x0000000088100000, 0x0000000088100000| Complete 
|  98|0x0000000088200000, 0x0000000088300000, 0x0000000088300000|100%|HC|  |TAMS 0x0000000088200000, 0x0000000088200000| Complete 
|  99|0x0000000088300000, 0x0000000088400000, 0x0000000088400000|100%|HC|  |TAMS 0x0000000088300000, 0x0000000088300000| Complete 
| 100|0x0000000088400000, 0x0000000088400000, 0x0000000088500000|  0%| F|  |TAMS 0x0000000088400000, 0x0000000088400000| Untracked 
| 101|0x0000000088500000, 0x0000000088500000, 0x0000000088600000|  0%| F|  |TAMS 0x0000000088500000, 0x0000000088500000| Untracked 
| 102|0x0000000088600000, 0x0000000088600000, 0x0000000088700000|  0%| F|  |TAMS 0x0000000088600000, 0x0000000088600000| Untracked 
| 103|0x0000000088700000, 0x0000000088700000, 0x0000000088800000|  0%| F|  |TAMS 0x0000000088700000, 0x0000000088700000| Untracked 
| 104|0x0000000088800000, 0x0000000088800000, 0x0000000088900000|  0%| F|  |TAMS 0x0000000088800000, 0x0000000088800000| Untracked 
| 105|0x0000000088900000, 0x0000000088900000, 0x0000000088a00000|  0%| F|  |TAMS 0x0000000088900000, 0x0000000088900000| Untracked 
| 106|0x0000000088a00000, 0x0000000088a00000, 0x0000000088b00000|  0%| F|  |TAMS 0x0000000088a00000, 0x0000000088a00000| Untracked 
| 107|0x0000000088b00000, 0x0000000088b00000, 0x0000000088c00000|  0%| F|  |TAMS 0x0000000088b00000, 0x0000000088b00000| Untracked 
| 108|0x0000000088c00000, 0x0000000088c00000, 0x0000000088d00000|  0%| F|  |TAMS 0x0000000088c00000, 0x0000000088c00000| Untracked 
| 109|0x0000000088d00000, 0x0000000088d00000, 0x0000000088e00000|  0%| F|  |TAMS 0x0000000088d00000, 0x0000000088d00000| Untracked 
| 110|0x0000000088e00000, 0x0000000088e00000, 0x0000000088f00000|  0%| F|  |TAMS 0x0000000088e00000, 0x0000000088e00000| Untracked 
| 111|0x0000000088f00000, 0x0000000088f00000, 0x0000000089000000|  0%| F|  |TAMS 0x0000000088f00000, 0x0000000088f00000| Untracked 
| 112|0x0000000089000000, 0x0000000089000000, 0x0000000089100000|  0%| F|  |TAMS 0x0000000089000000, 0x0000000089000000| Untracked 
| 113|0x0000000089100000, 0x0000000089100000, 0x0000000089200000|  0%| F|  |TAMS 0x0000000089100000, 0x0000000089100000| Untracked 
| 114|0x0000000089200000, 0x0000000089200000, 0x0000000089300000|  0%| F|  |TAMS 0x0000000089200000, 0x0000000089200000| Untracked 
| 115|0x0000000089300000, 0x0000000089300000, 0x0000000089400000|  0%| F|  |TAMS 0x0000000089300000, 0x0000000089300000| Untracked 
| 116|0x0000000089400000, 0x0000000089400000, 0x0000000089500000|  0%| F|  |TAMS 0x0000000089400000, 0x0000000089400000| Untracked 
| 117|0x0000000089500000, 0x0000000089500000, 0x0000000089600000|  0%| F|  |TAMS 0x0000000089500000, 0x0000000089500000| Untracked 
| 118|0x0000000089600000, 0x0000000089600000, 0x0000000089700000|  0%| F|  |TAMS 0x0000000089600000, 0x0000000089600000| Untracked 
| 119|0x0000000089700000, 0x0000000089700000, 0x0000000089800000|  0%| F|  |TAMS 0x0000000089700000, 0x0000000089700000| Untracked 
| 120|0x0000000089800000, 0x0000000089800000, 0x0000000089900000|  0%| F|  |TAMS 0x0000000089800000, 0x0000000089800000| Untracked 
| 121|0x0000000089900000, 0x0000000089900000, 0x0000000089a00000|  0%| F|  |TAMS 0x0000000089900000, 0x0000000089900000| Untracked 
| 122|0x0000000089a00000, 0x0000000089a00000, 0x0000000089b00000|  0%| F|  |TAMS 0x0000000089a00000, 0x0000000089a00000| Untracked 
| 123|0x0000000089b00000, 0x0000000089b00000, 0x0000000089c00000|  0%| F|  |TAMS 0x0000000089b00000, 0x0000000089b00000| Untracked 
| 124|0x0000000089c00000, 0x0000000089c00000, 0x0000000089d00000|  0%| F|  |TAMS 0x0000000089c00000, 0x0000000089c00000| Untracked 
| 125|0x0000000089d00000, 0x0000000089d00000, 0x0000000089e00000|  0%| F|  |TAMS 0x0000000089d00000, 0x0000000089d00000| Untracked 
| 126|0x0000000089e00000, 0x0000000089e00000, 0x0000000089f00000|  0%| F|  |TAMS 0x0000000089e00000, 0x0000000089e00000| Untracked 
| 127|0x0000000089f00000, 0x0000000089f00000, 0x000000008a000000|  0%| F|  |TAMS 0x0000000089f00000, 0x0000000089f00000| Untracked 
| 128|0x000000008a000000, 0x000000008a000000, 0x000000008a100000|  0%| F|  |TAMS 0x000000008a000000, 0x000000008a000000| Untracked 
| 129|0x000000008a100000, 0x000000008a100000, 0x000000008a200000|  0%| F|  |TAMS 0x000000008a100000, 0x000000008a100000| Untracked 
| 130|0x000000008a200000, 0x000000008a200000, 0x000000008a300000|  0%| F|  |TAMS 0x000000008a200000, 0x000000008a200000| Untracked 
| 131|0x000000008a300000, 0x000000008a300000, 0x000000008a400000|  0%| F|  |TAMS 0x000000008a300000, 0x000000008a300000| Untracked 
| 132|0x000000008a400000, 0x000000008a400000, 0x000000008a500000|  0%| F|  |TAMS 0x000000008a400000, 0x000000008a400000| Untracked 
| 133|0x000000008a500000, 0x000000008a500000, 0x000000008a600000|  0%| F|  |TAMS 0x000000008a500000, 0x000000008a500000| Untracked 
| 134|0x000000008a600000, 0x000000008a600000, 0x000000008a700000|  0%| F|  |TAMS 0x000000008a600000, 0x000000008a600000| Untracked 
| 135|0x000000008a700000, 0x000000008a700000, 0x000000008a800000|  0%| F|  |TAMS 0x000000008a700000, 0x000000008a700000| Untracked 
| 136|0x000000008a800000, 0x000000008a800000, 0x000000008a900000|  0%| F|  |TAMS 0x000000008a800000, 0x000000008a800000| Untracked 
| 137|0x000000008a900000, 0x000000008a900000, 0x000000008aa00000|  0%| F|  |TAMS 0x000000008a900000, 0x000000008a900000| Untracked 
| 138|0x000000008aa00000, 0x000000008aa00000, 0x000000008ab00000|  0%| F|  |TAMS 0x000000008aa00000, 0x000000008aa00000| Untracked 
| 139|0x000000008ab00000, 0x000000008ab00000, 0x000000008ac00000|  0%| F|  |TAMS 0x000000008ab00000, 0x000000008ab00000| Untracked 
| 140|0x000000008ac00000, 0x000000008ac00000, 0x000000008ad00000|  0%| F|  |TAMS 0x000000008ac00000, 0x000000008ac00000| Untracked 
| 141|0x000000008ad00000, 0x000000008ad00000, 0x000000008ae00000|  0%| F|  |TAMS 0x000000008ad00000, 0x000000008ad00000| Untracked 
| 142|0x000000008ae00000, 0x000000008ae00000, 0x000000008af00000|  0%| F|  |TAMS 0x000000008ae00000, 0x000000008ae00000| Untracked 
| 143|0x000000008af00000, 0x000000008af00000, 0x000000008b000000|  0%| F|  |TAMS 0x000000008af00000, 0x000000008af00000| Untracked 
| 144|0x000000008b000000, 0x000000008b000000, 0x000000008b100000|  0%| F|  |TAMS 0x000000008b000000, 0x000000008b000000| Untracked 
| 145|0x000000008b100000, 0x000000008b100000, 0x000000008b200000|  0%| F|  |TAMS 0x000000008b100000, 0x000000008b100000| Untracked 
| 146|0x000000008b200000, 0x000000008b200000, 0x000000008b300000|  0%| F|  |TAMS 0x000000008b200000, 0x000000008b200000| Untracked 
| 147|0x000000008b300000, 0x000000008b300000, 0x000000008b400000|  0%| F|  |TAMS 0x000000008b300000, 0x000000008b300000| Untracked 
| 148|0x000000008b400000, 0x000000008b400000, 0x000000008b500000|  0%| F|  |TAMS 0x000000008b400000, 0x000000008b400000| Untracked 
| 149|0x000000008b500000, 0x000000008b500000, 0x000000008b600000|  0%| F|  |TAMS 0x000000008b500000, 0x000000008b500000| Untracked 
| 150|0x000000008b600000, 0x000000008b600000, 0x000000008b700000|  0%| F|  |TAMS 0x000000008b600000, 0x000000008b600000| Untracked 
| 151|0x000000008b700000, 0x000000008b700000, 0x000000008b800000|  0%| F|  |TAMS 0x000000008b700000, 0x000000008b700000| Untracked 
| 152|0x000000008b800000, 0x000000008b800000, 0x000000008b900000|  0%| F|  |TAMS 0x000000008b800000, 0x000000008b800000| Untracked 
| 153|0x000000008b900000, 0x000000008b900000, 0x000000008ba00000|  0%| F|  |TAMS 0x000000008b900000, 0x000000008b900000| Untracked 
| 154|0x000000008ba00000, 0x000000008ba00000, 0x000000008bb00000|  0%| F|  |TAMS 0x000000008ba00000, 0x000000008ba00000| Untracked 
| 155|0x000000008bb00000, 0x000000008bb00000, 0x000000008bc00000|  0%| F|  |TAMS 0x000000008bb00000, 0x000000008bb00000| Untracked 
| 156|0x000000008bc00000, 0x000000008bc00000, 0x000000008bd00000|  0%| F|  |TAMS 0x000000008bc00000, 0x000000008bc00000| Untracked 
| 157|0x000000008bd00000, 0x000000008bd00000, 0x000000008be00000|  0%| F|  |TAMS 0x000000008bd00000, 0x000000008bd00000| Untracked 
| 158|0x000000008be00000, 0x000000008be00000, 0x000000008bf00000|  0%| F|  |TAMS 0x000000008be00000, 0x000000008be00000| Untracked 
| 159|0x000000008bf00000, 0x000000008bf00000, 0x000000008c000000|  0%| F|  |TAMS 0x000000008bf00000, 0x000000008bf00000| Untracked 
| 160|0x000000008c000000, 0x000000008c000000, 0x000000008c100000|  0%| F|  |TAMS 0x000000008c000000, 0x000000008c000000| Untracked 
| 161|0x000000008c100000, 0x000000008c1c9ca0, 0x000000008c200000| 78%| S|CS|TAMS 0x000000008c100000, 0x000000008c100000| Complete 
| 162|0x000000008c200000, 0x000000008c200000, 0x000000008c300000|  0%| F|  |TAMS 0x000000008c200000, 0x000000008c200000| Untracked 
| 163|0x000000008c300000, 0x000000008c3f8848, 0x000000008c400000| 97%| E|  |TAMS 0x000000008c300000, 0x000000008c300000| Complete 
| 164|0x000000008c400000, 0x000000008c500000, 0x000000008c500000|100%| E|CS|TAMS 0x000000008c400000, 0x000000008c400000| Complete 
| 165|0x000000008c500000, 0x000000008c600000, 0x000000008c600000|100%| E|CS|TAMS 0x000000008c500000, 0x000000008c500000| Complete 
| 166|0x000000008c600000, 0x000000008c700000, 0x000000008c700000|100%| E|CS|TAMS 0x000000008c600000, 0x000000008c600000| Complete 
| 167|0x000000008c700000, 0x000000008c800000, 0x000000008c800000|100%| E|CS|TAMS 0x000000008c700000, 0x000000008c700000| Complete 
| 168|0x000000008c800000, 0x000000008c900000, 0x000000008c900000|100%| E|CS|TAMS 0x000000008c800000, 0x000000008c800000| Complete 
| 169|0x000000008c900000, 0x000000008ca00000, 0x000000008ca00000|100%| E|CS|TAMS 0x000000008c900000, 0x000000008c900000| Complete 
| 170|0x000000008ca00000, 0x000000008cb00000, 0x000000008cb00000|100%| E|CS|TAMS 0x000000008ca00000, 0x000000008ca00000| Complete 
| 171|0x000000008cb00000, 0x000000008cc00000, 0x000000008cc00000|100%| E|CS|TAMS 0x000000008cb00000, 0x000000008cb00000| Complete 
| 172|0x000000008cc00000, 0x000000008cd00000, 0x000000008cd00000|100%| E|CS|TAMS 0x000000008cc00000, 0x000000008cc00000| Complete 
| 173|0x000000008cd00000, 0x000000008ce00000, 0x000000008ce00000|100%| E|CS|TAMS 0x000000008cd00000, 0x000000008cd00000| Complete 
| 174|0x000000008ce00000, 0x000000008cf00000, 0x000000008cf00000|100%| E|CS|TAMS 0x000000008ce00000, 0x000000008ce00000| Complete 
| 175|0x000000008cf00000, 0x000000008d000000, 0x000000008d000000|100%| E|CS|TAMS 0x000000008cf00000, 0x000000008cf00000| Complete 
| 176|0x000000008d000000, 0x000000008d100000, 0x000000008d100000|100%| E|CS|TAMS 0x000000008d000000, 0x000000008d000000| Complete 
| 177|0x000000008d100000, 0x000000008d200000, 0x000000008d200000|100%| E|CS|TAMS 0x000000008d100000, 0x000000008d100000| Complete 
| 178|0x000000008d200000, 0x000000008d300000, 0x000000008d300000|100%| E|CS|TAMS 0x000000008d200000, 0x000000008d200000| Complete 
| 179|0x000000008d300000, 0x000000008d400000, 0x000000008d400000|100%| E|CS|TAMS 0x000000008d300000, 0x000000008d300000| Complete 
| 180|0x000000008d400000, 0x000000008d500000, 0x000000008d500000|100%| E|CS|TAMS 0x000000008d400000, 0x000000008d400000| Complete 
| 181|0x000000008d500000, 0x000000008d600000, 0x000000008d600000|100%| E|CS|TAMS 0x000000008d500000, 0x000000008d500000| Complete 
| 182|0x000000008d600000, 0x000000008d700000, 0x000000008d700000|100%| E|CS|TAMS 0x000000008d600000, 0x000000008d600000| Complete 
| 183|0x000000008d700000, 0x000000008d800000, 0x000000008d800000|100%| E|CS|TAMS 0x000000008d700000, 0x000000008d700000| Complete 
| 184|0x000000008d800000, 0x000000008d900000, 0x000000008d900000|100%| E|CS|TAMS 0x000000008d800000, 0x000000008d800000| Complete 
| 185|0x000000008d900000, 0x000000008da00000, 0x000000008da00000|100%| E|CS|TAMS 0x000000008d900000, 0x000000008d900000| Complete 
| 186|0x000000008da00000, 0x000000008db00000, 0x000000008db00000|100%| E|CS|TAMS 0x000000008da00000, 0x000000008da00000| Complete 
| 187|0x000000008db00000, 0x000000008dc00000, 0x000000008dc00000|100%| E|CS|TAMS 0x000000008db00000, 0x000000008db00000| Complete 
| 188|0x000000008dc00000, 0x000000008dd00000, 0x000000008dd00000|100%| E|CS|TAMS 0x000000008dc00000, 0x000000008dc00000| Complete 
| 189|0x000000008dd00000, 0x000000008de00000, 0x000000008de00000|100%| E|CS|TAMS 0x000000008dd00000, 0x000000008dd00000| Complete 
| 190|0x000000008de00000, 0x000000008df00000, 0x000000008df00000|100%| E|CS|TAMS 0x000000008de00000, 0x000000008de00000| Complete 
| 191|0x000000008df00000, 0x000000008e000000, 0x000000008e000000|100%| E|CS|TAMS 0x000000008df00000, 0x000000008df00000| Complete 
| 192|0x000000008e000000, 0x000000008e100000, 0x000000008e100000|100%| E|CS|TAMS 0x000000008e000000, 0x000000008e000000| Complete 
| 193|0x000000008e100000, 0x000000008e200000, 0x000000008e200000|100%| E|CS|TAMS 0x000000008e100000, 0x000000008e100000| Complete 
| 194|0x000000008e200000, 0x000000008e300000, 0x000000008e300000|100%| E|CS|TAMS 0x000000008e200000, 0x000000008e200000| Complete 

Card table byte_map: [0x0000024fff260000,0x0000024fff650000] _byte_map_base: 0x0000024ffee50000

Marking Bits (Prev, Next): (CMBitMap*) 0x0000024fe827ade0, (CMBitMap*) 0x0000024fe827ada0
 Prev Bits: [0x0000024f81f80000, 0x0000024f83f00000)
 Next Bits: [0x0000024f80000000, 0x0000024f81f80000)

Polling page: 0x0000024fe6140000

Metaspace:

Usage:
  Non-class:     23.73 MB used.
      Class:      3.63 MB used.
       Both:     27.37 MB used.

Virtual space:
  Non-class space:       64.00 MB reserved,      23.88 MB ( 37%) committed,  1 nodes.
      Class space:        1.00 GB reserved,       3.75 MB ( <1%) committed,  1 nodes.
             Both:        1.06 GB reserved,      27.62 MB (  3%) committed. 

Chunk freelists:
   Non-Class:  3.27 MB
       Class:  261.00 KB
        Both:  3.52 MB

MaxMetaspaceSize: unlimited
CompressedClassSpaceSize: 1.00 GB
Initial GC threshold: 21.00 MB
Current GC threshold: 41.50 MB
CDS: on
MetaspaceReclaimPolicy: balanced
 - commit_granule_bytes: 65536.
 - commit_granule_words: 8192.
 - virtual_space_node_default_size: 8388608.
 - enlarge_chunks_in_place: 1.
 - new_chunks_are_fully_committed: 0.
 - uncommit_free_chunks: 1.
 - use_allocation_guard: 0.


Internal statistics:

num_allocs_failed_limit: 3.
num_arena_births: 360.
num_arena_deaths: 0.
num_vsnodes_births: 2.
num_vsnodes_deaths: 0.
num_space_committed: 442.
num_space_uncommitted: 0.
num_chunks_returned_to_freelist: 3.
num_chunks_taken_from_freelist: 1171.
num_chunk_merges: 0.
num_chunk_splits: 814.
num_chunks_enlarged: 647.
num_inconsistent_stats: 0.

CodeHeap 'non-profiled nmethods': size=120000Kb used=1803Kb max_used=1803Kb free=118196Kb
 bounds [0x0000024ff7610000, 0x0000024ff7880000, 0x0000024ffeb40000]
CodeHeap 'profiled nmethods': size=120000Kb used=11092Kb max_used=11092Kb free=108908Kb
 bounds [0x0000024ff00e0000, 0x0000024ff0bc0000, 0x0000024ff7610000]
CodeHeap 'non-nmethods': size=5760Kb used=1527Kb max_used=1561Kb free=4233Kb
 bounds [0x0000024fefb40000, 0x0000024fefdb0000, 0x0000024ff00e0000]
 total_blobs=6197 nmethods=5301 adapters=808
 compilation: enabled
              stopped_count=0, restarted_count=0
 full_count=0

Compilation events (20 events):
Event: 10.906 Thread 0x0000024f863d6590 5283       2       com.sun.javafx.sg.prism.NGRegion::doCorner (248 bytes)
Event: 10.907 Thread 0x0000024f863d6590 nmethod 5283 0x0000024ff0ba7990 code [0x0000024ff0ba7ba0, 0x0000024ff0ba7fa8]
Event: 10.908 Thread 0x0000024f863d6590 5284       1       com.sun.javafx.tk.quantum.GlassScene::getCamera (5 bytes)
Event: 10.908 Thread 0x0000024f863d6590 nmethod 5284 0x0000024ff77cdf10 code [0x0000024ff77ce0a0, 0x0000024ff77ce178]
Event: 10.910 Thread 0x0000024f863d6590 5285       2       com.sun.prism.d3d.D3DContext::getResourceFactory (5 bytes)
Event: 10.910 Thread 0x0000024f863d6590 nmethod 5285 0x0000024ff0ba8190 code [0x0000024ff0ba8320, 0x0000024ff0ba8438]
Event: 10.911 Thread 0x0000024f863d6590 5286       2       com.sun.javafx.sg.prism.NGNode::getCompleteBounds (158 bytes)
Event: 10.911 Thread 0x0000024f863d6590 nmethod 5286 0x0000024ff0ba8510 code [0x0000024ff0ba87c0, 0x0000024ff0ba8d88]
Event: 10.911 Thread 0x0000024f863d6590 5288       2       com.sun.marlin.TransformingPathConsumer2D$PathClipFilter::finishPath (34 bytes)
Event: 10.912 Thread 0x0000024f863d6590 nmethod 5288 0x0000024ff0ba9410 code [0x0000024ff0ba95c0, 0x0000024ff0ba9728]
Event: 10.912 Thread 0x0000024f863d6590 5289       2       com.sun.prism.impl.shape.MaskData::update (28 bytes)
Event: 10.912 Thread 0x0000024f863d6590 nmethod 5289 0x0000024ff0ba9810 code [0x0000024ff0ba99a0, 0x0000024ff0ba9af8]
Event: 10.912 Thread 0x0000024f863d6590 5287       1       com.sun.prism.impl.BaseGraphics::getFinalClipNoClone (5 bytes)
Event: 10.912 Thread 0x0000024f863d6590 nmethod 5287 0x0000024ff77ce210 code [0x0000024ff77ce3a0, 0x0000024ff77ce478]
Event: 10.912 Thread 0x0000024f863d6590 5290       1       com.sun.prism.impl.shape.MaskData::getMaskBuffer (5 bytes)
Event: 10.912 Thread 0x0000024f863d6590 nmethod 5290 0x0000024ff77ce510 code [0x0000024ff77ce6a0, 0x0000024ff77ce778]
Event: 10.912 Thread 0x0000024f863d6590 5291       1       com.sun.javafx.geom.RectBounds::setMinY (6 bytes)
Event: 10.912 Thread 0x0000024f863d6590 nmethod 5291 0x0000024ff77ce810 code [0x0000024ff77ce9a0, 0x0000024ff77cea78]
Event: 10.912 Thread 0x0000024f863d6590 5292       1       com.sun.javafx.geom.RectBounds::setMaxY (6 bytes)
Event: 10.912 Thread 0x0000024f863d6590 nmethod 5292 0x0000024ff77ceb10 code [0x0000024ff77ceca0, 0x0000024ff77ced78]

GC Heap History (20 events):
Event: 9.041 GC heap before
{Heap before GC invocations=8 (full 0):
 garbage-first heap   total 89088K, used 50991K [0x0000000082000000, 0x0000000100000000)
  region size 1024K, 2 young (2048K), 1 survivors (1024K)
 Metaspace       used 24548K, committed 24896K, reserved 1114112K
  class space    used 3272K, committed 3392K, reserved 1048576K
}
Event: 9.041 GC heap after
{Heap after GC invocations=9 (full 0):
 garbage-first heap   total 89088K, used 50773K [0x0000000082000000, 0x0000000100000000)
  region size 1024K, 1 young (1024K), 1 survivors (1024K)
 Metaspace       used 24548K, committed 24896K, reserved 1114112K
  class space    used 3272K, committed 3392K, reserved 1048576K
}
Event: 9.088 GC heap before
{Heap before GC invocations=10 (full 0):
 garbage-first heap   total 97280K, used 55893K [0x0000000082000000, 0x0000000100000000)
  region size 1024K, 2 young (2048K), 1 survivors (1024K)
 Metaspace       used 24548K, committed 24896K, reserved 1114112K
  class space    used 3272K, committed 3392K, reserved 1048576K
}
Event: 9.089 GC heap after
{Heap after GC invocations=11 (full 0):
 garbage-first heap   total 116736K, used 55827K [0x0000000082000000, 0x0000000100000000)
  region size 1024K, 1 young (1024K), 1 survivors (1024K)
 Metaspace       used 24548K, committed 24896K, reserved 1114112K
  class space    used 3272K, committed 3392K, reserved 1048576K
}
Event: 9.804 GC heap before
{Heap before GC invocations=12 (full 0):
 garbage-first heap   total 116736K, used 67091K [0x0000000082000000, 0x0000000100000000)
  region size 1024K, 8 young (8192K), 1 survivors (1024K)
 Metaspace       used 25147K, committed 25472K, reserved 1114112K
  class space    used 3318K, committed 3456K, reserved 1048576K
}
Event: 9.806 GC heap after
{Heap after GC invocations=13 (full 0):
 garbage-first heap   total 116736K, used 61635K [0x0000000082000000, 0x0000000100000000)
  region size 1024K, 1 young (1024K), 1 survivors (1024K)
 Metaspace       used 25147K, committed 25472K, reserved 1114112K
  class space    used 3318K, committed 3456K, reserved 1048576K
}
Event: 9.832 GC heap before
{Heap before GC invocations=14 (full 0):
 garbage-first heap   total 116736K, used 66755K [0x0000000082000000, 0x0000000100000000)
  region size 1024K, 2 young (2048K), 1 survivors (1024K)
 Metaspace       used 25165K, committed 25472K, reserved 1114112K
  class space    used 3319K, committed 3456K, reserved 1048576K
}
Event: 9.834 GC heap after
{Heap after GC invocations=15 (full 0):
 garbage-first heap   total 116736K, used 66798K [0x0000000082000000, 0x0000000100000000)
  region size 1024K, 1 young (1024K), 1 survivors (1024K)
 Metaspace       used 25165K, committed 25472K, reserved 1114112K
  class space    used 3319K, committed 3456K, reserved 1048576K
}
Event: 9.865 GC heap before
{Heap before GC invocations=16 (full 0):
 garbage-first heap   total 122880K, used 71918K [0x0000000082000000, 0x0000000100000000)
  region size 1024K, 2 young (2048K), 1 survivors (1024K)
 Metaspace       used 25166K, committed 25472K, reserved 1114112K
  class space    used 3319K, committed 3456K, reserved 1048576K
}
Event: 9.866 GC heap after
{Heap after GC invocations=17 (full 0):
 garbage-first heap   total 122880K, used 71937K [0x0000000082000000, 0x0000000100000000)
  region size 1024K, 1 young (1024K), 1 survivors (1024K)
 Metaspace       used 25166K, committed 25472K, reserved 1114112K
  class space    used 3319K, committed 3456K, reserved 1048576K
}
Event: 9.895 GC heap before
{Heap before GC invocations=18 (full 0):
 garbage-first heap   total 132096K, used 77057K [0x0000000082000000, 0x0000000100000000)
  region size 1024K, 2 young (2048K), 1 survivors (1024K)
 Metaspace       used 25166K, committed 25472K, reserved 1114112K
  class space    used 3319K, committed 3456K, reserved 1048576K
}
Event: 9.897 GC heap after
{Heap after GC invocations=19 (full 0):
 garbage-first heap   total 158720K, used 77024K [0x0000000082000000, 0x0000000100000000)
  region size 1024K, 1 young (1024K), 1 survivors (1024K)
 Metaspace       used 25166K, committed 25472K, reserved 1114112K
  class space    used 3319K, committed 3456K, reserved 1048576K
}
Event: 9.921 GC heap before
{Heap before GC invocations=20 (full 0):
 garbage-first heap   total 158720K, used 82144K [0x0000000082000000, 0x0000000100000000)
  region size 1024K, 2 young (2048K), 1 survivors (1024K)
 Metaspace       used 25166K, committed 25472K, reserved 1114112K
  class space    used 3319K, committed 3456K, reserved 1048576K
}
Event: 9.923 GC heap after
{Heap after GC invocations=21 (full 0):
 garbage-first heap   total 158720K, used 82173K [0x0000000082000000, 0x0000000100000000)
  region size 1024K, 1 young (1024K), 1 survivors (1024K)
 Metaspace       used 25166K, committed 25472K, reserved 1114112K
  class space    used 3319K, committed 3456K, reserved 1048576K
}
Event: 9.949 GC heap before
{Heap before GC invocations=22 (full 0):
 garbage-first heap   total 158720K, used 87293K [0x0000000082000000, 0x0000000100000000)
  region size 1024K, 2 young (2048K), 1 survivors (1024K)
 Metaspace       used 25166K, committed 25472K, reserved 1114112K
  class space    used 3319K, committed 3456K, reserved 1048576K
}
Event: 9.951 GC heap after
{Heap after GC invocations=23 (full 0):
 garbage-first heap   total 158720K, used 87306K [0x0000000082000000, 0x0000000100000000)
  region size 1024K, 1 young (1024K), 1 survivors (1024K)
 Metaspace       used 25166K, committed 25472K, reserved 1114112K
  class space    used 3319K, committed 3456K, reserved 1048576K
}
Event: 9.981 GC heap before
{Heap before GC invocations=24 (full 0):
 garbage-first heap   total 158720K, used 92426K [0x0000000082000000, 0x0000000100000000)
  region size 1024K, 2 young (2048K), 1 survivors (1024K)
 Metaspace       used 25166K, committed 25472K, reserved 1114112K
  class space    used 3319K, committed 3456K, reserved 1048576K
}
Event: 9.983 GC heap after
{Heap after GC invocations=25 (full 0):
 garbage-first heap   total 158720K, used 92433K [0x0000000082000000, 0x0000000100000000)
  region size 1024K, 1 young (1024K), 1 survivors (1024K)
 Metaspace       used 25166K, committed 25472K, reserved 1114112K
  class space    used 3319K, committed 3456K, reserved 1048576K
}
Event: 10.010 GC heap before
{Heap before GC invocations=26 (full 0):
 garbage-first heap   total 165888K, used 97553K [0x0000000082000000, 0x0000000100000000)
  region size 1024K, 2 young (2048K), 1 survivors (1024K)
 Metaspace       used 25166K, committed 25472K, reserved 1114112K
  class space    used 3319K, committed 3456K, reserved 1048576K
}
Event: 10.012 GC heap after
{Heap after GC invocations=27 (full 0):
 garbage-first heap   total 199680K, used 97559K [0x0000000082000000, 0x0000000100000000)
  region size 1024K, 1 young (1024K), 1 survivors (1024K)
 Metaspace       used 25166K, committed 25472K, reserved 1114112K
  class space    used 3319K, committed 3456K, reserved 1048576K
}

Deoptimization events (20 events):
Event: 10.889 Thread 0x0000024f8ad2cc90 DEOPT PACKING pc=0x0000024ff0ab939a sp=0x000000db8a1fcf70
Event: 10.889 Thread 0x0000024f8ad2cc90 DEOPT UNPACKING pc=0x0000024fefb92b43 sp=0x000000db8a1fc3c8 mode 0
Event: 10.895 Thread 0x0000024f8ad2cc90 DEOPT PACKING pc=0x0000024ff0ab939a sp=0x000000db8a1fcf70
Event: 10.896 Thread 0x0000024f8ad2cc90 DEOPT UNPACKING pc=0x0000024fefb92b43 sp=0x000000db8a1fc3c8 mode 0
Event: 10.896 Thread 0x0000024f8ad2cc90 DEOPT PACKING pc=0x0000024ff0ab939a sp=0x000000db8a1fcf70
Event: 10.896 Thread 0x0000024f8ad2cc90 DEOPT UNPACKING pc=0x0000024fefb92b43 sp=0x000000db8a1fc3c8 mode 0
Event: 10.896 Thread 0x0000024f8ad2cc90 DEOPT PACKING pc=0x0000024ff0ab939a sp=0x000000db8a1fcf70
Event: 10.896 Thread 0x0000024f8ad2cc90 DEOPT UNPACKING pc=0x0000024fefb92b43 sp=0x000000db8a1fc3c8 mode 0
Event: 10.896 Thread 0x0000024f8ad2cc90 DEOPT PACKING pc=0x0000024ff0ab939a sp=0x000000db8a1fcf70
Event: 10.896 Thread 0x0000024f8ad2cc90 DEOPT UNPACKING pc=0x0000024fefb92b43 sp=0x000000db8a1fc3c8 mode 0
Event: 10.903 Thread 0x0000024f8ad2cc90 DEOPT PACKING pc=0x0000024ff0ab939a sp=0x000000db8a1fcf70
Event: 10.903 Thread 0x0000024f8ad2cc90 DEOPT UNPACKING pc=0x0000024fefb92b43 sp=0x000000db8a1fc3c8 mode 0
Event: 10.911 Thread 0x0000024f8ad2cc90 DEOPT PACKING pc=0x0000024ff0ab939a sp=0x000000db8a1fcf70
Event: 10.911 Thread 0x0000024f8ad2cc90 DEOPT UNPACKING pc=0x0000024fefb92b43 sp=0x000000db8a1fc3c8 mode 0
Event: 10.911 Thread 0x0000024f8ad2cc90 DEOPT PACKING pc=0x0000024ff0ab939a sp=0x000000db8a1fcf70
Event: 10.911 Thread 0x0000024f8ad2cc90 DEOPT UNPACKING pc=0x0000024fefb92b43 sp=0x000000db8a1fc3c8 mode 0
Event: 10.912 Thread 0x0000024f8ad2cc90 DEOPT PACKING pc=0x0000024ff0ab939a sp=0x000000db8a1fcf70
Event: 10.912 Thread 0x0000024f8ad2cc90 DEOPT UNPACKING pc=0x0000024fefb92b43 sp=0x000000db8a1fc3c8 mode 0
Event: 10.912 Thread 0x0000024f8ad2cc90 DEOPT PACKING pc=0x0000024ff04a4942 sp=0x000000db8a1fd1c0
Event: 10.912 Thread 0x0000024f8ad2cc90 DEOPT UNPACKING pc=0x0000024fefb92b43 sp=0x000000db8a1fc650 mode 0

Classes loaded (20 events):
Event: 8.785 Loading class java/lang/reflect/WildcardType done
Event: 8.785 Loading class sun/reflect/generics/reflectiveObjects/WildcardTypeImpl done
Event: 8.825 Loading class java/lang/Short$ShortCache
Event: 8.825 Loading class java/lang/Short$ShortCache done
Event: 8.842 Loading class java/text/ParseException
Event: 8.842 Loading class java/text/ParseException done
Event: 9.818 Loading class sun/security/ssl/Alert
Event: 9.818 Loading class sun/security/ssl/Alert done
Event: 9.819 Loading class sun/security/ssl/Alert$AlertConsumer
Event: 9.819 Loading class sun/security/ssl/Alert$AlertConsumer done
Event: 9.819 Loading class sun/security/ssl/Alert$Level
Event: 9.819 Loading class sun/security/ssl/Alert$Level done
Event: 10.213 Loading class java/util/BitSet$1BitSetSpliterator
Event: 10.213 Loading class java/util/BitSet$1BitSetSpliterator done
Event: 10.213 Loading class java/util/stream/IntPipeline$1
Event: 10.213 Loading class java/util/stream/IntPipeline$1 done
Event: 10.213 Loading class java/util/stream/IntPipeline$1$1
Event: 10.213 Loading class java/util/stream/IntPipeline$1$1 done
Event: 10.344 Loading class java/text/FieldPosition$Delegate
Event: 10.345 Loading class java/text/FieldPosition$Delegate done

Classes unloaded (0 events):
No events

Classes redefined (0 events):
No events

Internal exceptions (20 events):
Event: 8.807 Thread 0x0000024f8b0f5920 Exception <a 'java/io/FileNotFoundException'{0x0000000085217620}> (0x0000000085217620) 
thrown [s\open\src\hotspot\share\prims\jni.cpp, line 516]
Event: 8.808 Thread 0x0000024f8b0f5920 Exception <a 'java/io/FileNotFoundException'{0x0000000085221508}> (0x0000000085221508) 
thrown [s\open\src\hotspot\share\prims\jni.cpp, line 516]
Event: 8.811 Thread 0x0000024f8b0f5920 Exception <a 'java/io/FileNotFoundException'{0x0000000085235ce0}> (0x0000000085235ce0) 
thrown [s\open\src\hotspot\share\prims\jni.cpp, line 516]
Event: 8.813 Thread 0x0000024f8b0f5920 Exception <a 'java/io/FileNotFoundException'{0x0000000085244f20}> (0x0000000085244f20) 
thrown [s\open\src\hotspot\share\prims\jni.cpp, line 516]
Event: 8.815 Thread 0x0000024f8b0f5920 Exception <a 'java/io/FileNotFoundException'{0x0000000085253d48}> (0x0000000085253d48) 
thrown [s\open\src\hotspot\share\prims\jni.cpp, line 516]
Event: 8.817 Thread 0x0000024f8b0f5920 Exception <a 'java/io/FileNotFoundException'{0x000000008525e618}> (0x000000008525e618) 
thrown [s\open\src\hotspot\share\prims\jni.cpp, line 516]
Event: 9.124 Thread 0x0000024f8b0f5920 Implicit null exception at 0x0000024ff765ba52 to 0x0000024ff765bf84
Event: 9.788 Thread 0x0000024f8b0f5920 Exception <a 'java/io/FileNotFoundException'{0x0000000088c87860}> (0x0000000088c87860) 
thrown [s\open\src\hotspot\share\prims\jni.cpp, line 516]
Event: 9.791 Thread 0x0000024f8b0f5920 Exception <a 'java/io/FileNotFoundException'{0x0000000088c9d818}> (0x0000000088c9d818) 
thrown [s\open\src\hotspot\share\prims\jni.cpp, line 516]
Event: 9.792 Thread 0x0000024f8b0f5920 Exception <a 'java/io/FileNotFoundException'{0x0000000088ca27d8}> (0x0000000088ca27d8) 
thrown [s\open\src\hotspot\share\prims\jni.cpp, line 516]
Event: 9.792 Thread 0x0000024f8b0f5920 Exception <a 'java/io/FileNotFoundException'{0x0000000088cab690}> (0x0000000088cab690) 
thrown [s\open\src\hotspot\share\prims\jni.cpp, line 516]
Event: 9.795 Thread 0x0000024f8b0f5920 Exception <a 'java/io/FileNotFoundException'{0x0000000088cbe620}> (0x0000000088cbe620) 
thrown [s\open\src\hotspot\share\prims\jni.cpp, line 516]
Event: 9.797 Thread 0x0000024f8b0f5920 Exception <a 'java/io/FileNotFoundException'{0x0000000088ccfcf8}> (0x0000000088ccfcf8) 
thrown [s\open\src\hotspot\share\prims\jni.cpp, line 516]
Event: 9.798 Thread 0x0000024f8b0f5920 Exception <a 'java/io/FileNotFoundException'{0x0000000088ce1120}> (0x0000000088ce1120) 
thrown [s\open\src\hotspot\share\prims\jni.cpp, line 516]
Event: 9.799 Thread 0x0000024f8b0f5920 Exception <a 'java/io/FileNotFoundException'{0x0000000088ceb430}> (0x0000000088ceb430) 
thrown [s\open\src\hotspot\share\prims\jni.cpp, line 516]
Event: 10.045 Thread 0x0000024f8b0f5920 Implicit null exception at 0x0000024ff76614d2 to 0x0000024ff76619fc
Event: 10.180 Thread 0x0000024f8b0f5920 Exception <a 'java/lang/NoSuchMethodError'{0x000000008da98368}: 'int java.lang.invoke.DirectMethodHandle$Holder.invokeVirtual(java.lang.Object, java.lang.Object)'> (0x000000008da98368) 
thrown [s\open\src\hotspot\share\interpreter\linkResolver.cpp, line 766]
Event: 10.218 Thread 0x0000024f8b0f5920 Implicit null exception at 0x0000024ff7774156 to 0x0000024ff777439c
Event: 10.220 Thread 0x0000024f8b0f5920 Exception <a 'java/lang/NoSuchMethodError'{0x000000008d8d3db8}: 'void java.lang.invoke.DirectMethodHandle$Holder.invokeSpecialIFC(java.lang.Object, java.lang.Object, java.lang.Object, java.lang.Object)'> (0x000000008d8d3db8) 
thrown [s\open\src\hotspot\share\interpreter\linkResolver.cpp, line 766]
Event: 10.429 Thread 0x0000024f8ad2cc90 Implicit null exception at 0x0000024ff7767860 to 0x0000024ff7767a98

VM Operations (20 events):
Event: 10.112 Executing VM operation: HandshakeAllThreads
Event: 10.112 Executing VM operation: HandshakeAllThreads done
Event: 10.118 Executing VM operation: HandshakeAllThreads
Event: 10.118 Executing VM operation: HandshakeAllThreads done
Event: 10.121 Executing VM operation: HandshakeAllThreads
Event: 10.121 Executing VM operation: HandshakeAllThreads done
Event: 10.171 Executing VM operation: HandshakeAllThreads
Event: 10.171 Executing VM operation: HandshakeAllThreads done
Event: 10.200 Executing VM operation: ICBufferFull
Event: 10.200 Executing VM operation: ICBufferFull done
Event: 10.265 Executing VM operation: HandshakeAllThreads
Event: 10.265 Executing VM operation: HandshakeAllThreads done
Event: 10.265 Executing VM operation: HandshakeAllThreads
Event: 10.265 Executing VM operation: HandshakeAllThreads done
Event: 10.393 Executing VM operation: HandshakeAllThreads
Event: 10.393 Executing VM operation: HandshakeAllThreads done
Event: 10.398 Executing VM operation: ICBufferFull
Event: 10.398 Executing VM operation: ICBufferFull done
Event: 10.671 Executing VM operation: ICBufferFull
Event: 10.671 Executing VM operation: ICBufferFull done

Events (20 events):
Event: 0.549 Thread 0x0000024f8ad2cc90 Thread added: 0x0000024f8ad2cc90
Event: 0.561 Loaded shared library C:\Users\Win10\.openjfx\cache\18.0.2+2\prism_d3d.dll
Event: 0.613 Loaded shared library C:\Users\Win10\.openjfx\cache\18.0.2+2\glass.dll
Event: 0.615 Thread 0x0000024f8b0f4070 Thread added: 0x0000024f8b0f4070
Event: 0.618 Thread 0x0000024f8b0f5920 Thread added: 0x0000024f8b0f5920
Event: 0.659 Thread 0x0000024f8a92bb00 Thread exited: 0x0000024f8a92bb00
Event: 0.706 Thread 0x0000024f8b125ed0 Thread added: 0x0000024f8b125ed0
Event: 0.707 Thread 0x0000024f8b0eb6d0 Thread added: 0x0000024f8b0eb6d0
Event: 0.740 Loaded shared library C:\Program Files\Java\jdk-18.0.1.1\bin\jimage.dll
Event: 0.849 Thread 0x0000024f8b3feaa0 Thread added: 0x0000024f8b3feaa0
Event: 0.929 Loaded shared library C:\Users\Win10\.openjfx\cache\18.0.2+2\javafx_font.dll
Event: 1.339 Thread 0x0000024f900e9080 Thread added: 0x0000024f900e9080
Event: 1.639 Thread 0x0000024f900e7d40 Thread added: 0x0000024f900e7d40
Event: 1.761 Thread 0x0000024f8b3feaa0 Thread exited: 0x0000024f8b3feaa0
Event: 8.136 Thread 0x0000024f900e6a00 Thread added: 0x0000024f900e6a00
Event: 8.164 Thread 0x0000024f9004bfd0 Thread added: 0x0000024f9004bfd0
Event: 8.459 Loaded shared library C:\Program Files\Java\jdk-18.0.1.1\bin\sunmscapi.dll
Event: 8.621 Loaded shared library C:\Program Files\Java\jdk-18.0.1.1\bin\verify.dll
Event: 10.041 Thread 0x0000024f9004bfd0 Thread exited: 0x0000024f9004bfd0
Event: 10.631 Thread 0x0000024f90a45b10 Thread added: 0x0000024f90a45b10


Dynamic libraries:
0x00007ff7c9770000 - 0x00007ff7c9780000 	C:\Program Files\Java\jdk-18.0.1.1\bin\java.exe
0x00007ffefc250000 - 0x00007ffefc467000 	C:\WINDOWS\SYSTEM32\ntdll.dll
0x00007ffefa9f0000 - 0x00007ffefaab4000 	C:\WINDOWS\System32\KERNEL32.DLL
0x00007ffef9960000 - 0x00007ffef9d06000 	C:\WINDOWS\System32\KERNELBASE.dll
0x00007ffef9630000 - 0x00007ffef9741000 	C:\WINDOWS\System32\ucrtbase.dll
0x00007ffef2830000 - 0x00007ffef2848000 	C:\Program Files\Java\jdk-18.0.1.1\bin\jli.dll
0x00007ffef27e0000 - 0x00007ffef27fa000 	C:\Program Files\Java\jdk-18.0.1.1\bin\VCRUNTIME140.dll
0x00007ffefa5e0000 - 0x00007ffefa693000 	C:\WINDOWS\System32\ADVAPI32.dll
0x00007ffefa530000 - 0x00007ffefa5d7000 	C:\WINDOWS\System32\msvcrt.dll
0x00007ffefacf0000 - 0x00007ffefad98000 	C:\WINDOWS\System32\sechost.dll
0x00007ffef9e30000 - 0x00007ffef9e58000 	C:\WINDOWS\System32\bcrypt.dll
0x00007ffefa6a0000 - 0x00007ffefa7b7000 	C:\WINDOWS\System32\RPCRT4.dll
0x00007ffefab40000 - 0x00007ffefacee000 	C:\WINDOWS\System32\USER32.dll
0x00007ffef9930000 - 0x00007ffef9956000 	C:\WINDOWS\System32\win32u.dll
0x00007ffee3f40000 - 0x00007ffee41d3000 	C:\WINDOWS\WinSxS\amd64_microsoft.windows.common-controls_6595b64144ccf1df_6.0.22621.2506_none_270c5ae97388e100\COMCTL32.dll
0x00007ffefa350000 - 0x00007ffefa379000 	C:\WINDOWS\System32\GDI32.dll
0x00007ffef9d10000 - 0x00007ffef9e28000 	C:\WINDOWS\System32\gdi32full.dll
0x00007ffef9590000 - 0x00007ffef962a000 	C:\WINDOWS\System32\msvcp_win.dll
0x00007ffeef680000 - 0x00007ffeef68a000 	C:\WINDOWS\SYSTEM32\VERSION.dll
0x00007ffefa070000 - 0x00007ffefa0a1000 	C:\WINDOWS\System32\IMM32.DLL
0x00007ffef1710000 - 0x00007ffef171c000 	C:\Program Files\Java\jdk-18.0.1.1\bin\vcruntime140_1.dll
0x00007ffeeb030000 - 0x00007ffeeb0bd000 	C:\Program Files\Java\jdk-18.0.1.1\bin\msvcp140.dll
0x00007ffeb0850000 - 0x00007ffeb1460000 	C:\Program Files\Java\jdk-18.0.1.1\bin\server\jvm.dll
0x00007ffefbd80000 - 0x00007ffefbd88000 	C:\WINDOWS\System32\PSAPI.DLL
0x00007ffef5750000 - 0x00007ffef5759000 	C:\WINDOWS\SYSTEM32\WSOCK32.dll
0x00007ffef16b0000 - 0x00007ffef16e4000 	C:\WINDOWS\SYSTEM32\WINMM.dll
0x00007ffefa150000 - 0x00007ffefa1c1000 	C:\WINDOWS\System32\WS2_32.dll
0x00007ffef8650000 - 0x00007ffef8668000 	C:\WINDOWS\SYSTEM32\kernel.appcore.dll
0x00007ffef0f80000 - 0x00007ffef0f8a000 	C:\Program Files\Java\jdk-18.0.1.1\bin\jimage.dll
0x00007ffef6c50000 - 0x00007ffef6e83000 	C:\WINDOWS\SYSTEM32\DBGHELP.DLL
0x00007ffefb9f0000 - 0x00007ffefbd79000 	C:\WINDOWS\System32\combase.dll
0x00007ffefa910000 - 0x00007ffefa9e7000 	C:\WINDOWS\System32\OLEAUT32.dll
0x00007ffedd4f0000 - 0x00007ffedd522000 	C:\WINDOWS\SYSTEM32\dbgcore.DLL
0x00007ffef9f20000 - 0x00007ffef9f9a000 	C:\WINDOWS\System32\bcryptPrimitives.dll
0x00007ffef54f0000 - 0x00007ffef54fe000 	C:\Program Files\Java\jdk-18.0.1.1\bin\instrument.dll
0x00007ffeeeb30000 - 0x00007ffeeeb55000 	C:\Program Files\Java\jdk-18.0.1.1\bin\java.dll
0x00007ffeeaf50000 - 0x00007ffeeb026000 	C:\Program Files\Java\jdk-18.0.1.1\bin\jsvml.dll
0x00007ffefb0e0000 - 0x00007ffefb93a000 	C:\WINDOWS\System32\SHELL32.dll
0x00007ffef74f0000 - 0x00007ffef7de6000 	C:\WINDOWS\SYSTEM32\windows.storage.dll
0x00007ffef73b0000 - 0x00007ffef74ee000 	C:\WINDOWS\SYSTEM32\wintypes.dll
0x00007ffefadb0000 - 0x00007ffefaea3000 	C:\WINDOWS\System32\SHCORE.dll
0x00007ffefa2f0000 - 0x00007ffefa34e000 	C:\WINDOWS\System32\shlwapi.dll
0x00007ffef94c0000 - 0x00007ffef94e6000 	C:\WINDOWS\SYSTEM32\profapi.dll
0x00007ffeee990000 - 0x00007ffeee9a3000 	C:\Program Files\Java\jdk-18.0.1.1\bin\net.dll
0x00007ffef2670000 - 0x00007ffef27a7000 	C:\WINDOWS\SYSTEM32\WINHTTP.dll
0x00007ffef8b30000 - 0x00007ffef8b99000 	C:\WINDOWS\system32\mswsock.dll
0x00007ffeee0e0000 - 0x00007ffeee0f6000 	C:\Program Files\Java\jdk-18.0.1.1\bin\nio.dll
0x00007ffeee090000 - 0x00007ffeee0a8000 	C:\Program Files\Java\jdk-18.0.1.1\bin\zip.dll
0x00007ffeee5a0000 - 0x00007ffeee5ba000 	E:\IntelliJ IDEA Community Edition 2023.3.3\bin\breakgen64.dll
0x0000024f86550000 - 0x0000024f86553000 	C:\Users\Win10\.openjfx\cache\18.0.2+2\api-ms-win-core-console-l1-1-0.dll
0x0000024f86560000 - 0x0000024f86563000 	C:\Users\Win10\.openjfx\cache\18.0.2+2\api-ms-win-core-console-l1-2-0.dll
0x0000024f86570000 - 0x0000024f86573000 	C:\Users\Win10\.openjfx\cache\18.0.2+2\api-ms-win-core-datetime-l1-1-0.dll
0x0000024f86580000 - 0x0000024f86583000 	C:\Users\Win10\.openjfx\cache\18.0.2+2\api-ms-win-core-debug-l1-1-0.dll
0x0000024f86590000 - 0x0000024f86593000 	C:\Users\Win10\.openjfx\cache\18.0.2+2\api-ms-win-core-errorhandling-l1-1-0.dll
0x0000024f865a0000 - 0x0000024f865a4000 	C:\Users\Win10\.openjfx\cache\18.0.2+2\api-ms-win-core-file-l1-1-0.dll
0x0000024f865b0000 - 0x0000024f865b3000 	C:\Users\Win10\.openjfx\cache\18.0.2+2\api-ms-win-core-file-l1-2-0.dll
0x0000024f865c0000 - 0x0000024f865c3000 	C:\Users\Win10\.openjfx\cache\18.0.2+2\api-ms-win-core-file-l2-1-0.dll
0x0000024f865d0000 - 0x0000024f865d3000 	C:\Users\Win10\.openjfx\cache\18.0.2+2\api-ms-win-core-handle-l1-1-0.dll
0x0000024f865e0000 - 0x0000024f865e3000 	C:\Users\Win10\.openjfx\cache\18.0.2+2\api-ms-win-core-heap-l1-1-0.dll
0x0000024f865f0000 - 0x0000024f865f3000 	C:\Users\Win10\.openjfx\cache\18.0.2+2\api-ms-win-core-interlocked-l1-1-0.dll
0x0000024f86600000 - 0x0000024f86603000 	C:\Users\Win10\.openjfx\cache\18.0.2+2\api-ms-win-core-libraryloader-l1-1-0.dll
0x0000024f86610000 - 0x0000024f86613000 	C:\Users\Win10\.openjfx\cache\18.0.2+2\api-ms-win-core-localization-l1-2-0.dll
0x0000024f86620000 - 0x0000024f86623000 	C:\Users\Win10\.openjfx\cache\18.0.2+2\api-ms-win-core-memory-l1-1-0.dll
0x0000024f86630000 - 0x0000024f86633000 	C:\Users\Win10\.openjfx\cache\18.0.2+2\api-ms-win-core-namedpipe-l1-1-0.dll
0x0000024f86640000 - 0x0000024f86643000 	C:\Users\Win10\.openjfx\cache\18.0.2+2\api-ms-win-core-processenvironment-l1-1-0.dll
0x0000024f86650000 - 0x0000024f86653000 	C:\Users\Win10\.openjfx\cache\18.0.2+2\api-ms-win-core-processthreads-l1-1-0.dll
0x0000024f86660000 - 0x0000024f86663000 	C:\Users\Win10\.openjfx\cache\18.0.2+2\api-ms-win-core-processthreads-l1-1-1.dll
0x0000024f86670000 - 0x0000024f86673000 	C:\Users\Win10\.openjfx\cache\18.0.2+2\api-ms-win-core-profile-l1-1-0.dll
0x0000024f86680000 - 0x0000024f86683000 	C:\Users\Win10\.openjfx\cache\18.0.2+2\api-ms-win-core-rtlsupport-l1-1-0.dll
0x0000024f86690000 - 0x0000024f86693000 	C:\Users\Win10\.openjfx\cache\18.0.2+2\api-ms-win-core-string-l1-1-0.dll
0x0000024f866a0000 - 0x0000024f866a3000 	C:\Users\Win10\.openjfx\cache\18.0.2+2\api-ms-win-core-synch-l1-1-0.dll
0x0000024f866b0000 - 0x0000024f866b3000 	C:\Users\Win10\.openjfx\cache\18.0.2+2\api-ms-win-core-synch-l1-2-0.dll
0x0000024f866c0000 - 0x0000024f866c3000 	C:\Users\Win10\.openjfx\cache\18.0.2+2\api-ms-win-core-sysinfo-l1-1-0.dll
0x0000024f866d0000 - 0x0000024f866d3000 	C:\Users\Win10\.openjfx\cache\18.0.2+2\api-ms-win-core-timezone-l1-1-0.dll
0x0000024f866e0000 - 0x0000024f866e3000 	C:\Users\Win10\.openjfx\cache\18.0.2+2\api-ms-win-core-util-l1-1-0.dll
0x0000024f866f0000 - 0x0000024f866f3000 	C:\Users\Win10\.openjfx\cache\18.0.2+2\api-ms-win-crt-conio-l1-1-0.dll
0x0000024f86700000 - 0x0000024f86704000 	C:\Users\Win10\.openjfx\cache\18.0.2+2\api-ms-win-crt-convert-l1-1-0.dll
0x0000024f86710000 - 0x0000024f86713000 	C:\Users\Win10\.openjfx\cache\18.0.2+2\api-ms-win-crt-environment-l1-1-0.dll
0x0000024f86720000 - 0x0000024f86723000 	C:\Users\Win10\.openjfx\cache\18.0.2+2\api-ms-win-crt-filesystem-l1-1-0.dll
0x0000024f86730000 - 0x0000024f86733000 	C:\Users\Win10\.openjfx\cache\18.0.2+2\api-ms-win-crt-heap-l1-1-0.dll
0x0000024f86740000 - 0x0000024f86743000 	C:\Users\Win10\.openjfx\cache\18.0.2+2\api-ms-win-crt-locale-l1-1-0.dll
0x0000024f86750000 - 0x0000024f86755000 	C:\Users\Win10\.openjfx\cache\18.0.2+2\api-ms-win-crt-math-l1-1-0.dll
0x0000024f86760000 - 0x0000024f86765000 	C:\Users\Win10\.openjfx\cache\18.0.2+2\api-ms-win-crt-multibyte-l1-1-0.dll
0x0000024f86770000 - 0x0000024f86780000 	C:\Users\Win10\.openjfx\cache\18.0.2+2\api-ms-win-crt-private-l1-1-0.dll
0x0000024f86780000 - 0x0000024f86783000 	C:\Users\Win10\.openjfx\cache\18.0.2+2\api-ms-win-crt-process-l1-1-0.dll
0x0000024f86790000 - 0x0000024f86794000 	C:\Users\Win10\.openjfx\cache\18.0.2+2\api-ms-win-crt-runtime-l1-1-0.dll
0x0000024f867a0000 - 0x0000024f867a4000 	C:\Users\Win10\.openjfx\cache\18.0.2+2\api-ms-win-crt-stdio-l1-1-0.dll
0x0000024f867b0000 - 0x0000024f867b4000 	C:\Users\Win10\.openjfx\cache\18.0.2+2\api-ms-win-crt-string-l1-1-0.dll
0x0000024f867c0000 - 0x0000024f867c3000 	C:\Users\Win10\.openjfx\cache\18.0.2+2\api-ms-win-crt-time-l1-1-0.dll
0x0000024f867d0000 - 0x0000024f867d3000 	C:\Users\Win10\.openjfx\cache\18.0.2+2\api-ms-win-crt-utility-l1-1-0.dll
0x00007ffea1360000 - 0x00007ffea145c000 	C:\Users\Win10\.openjfx\cache\18.0.2+2\ucrtbase.dll
0x00007ffee0ed0000 - 0x00007ffee0eea000 	C:\Users\Win10\.openjfx\cache\18.0.2+2\vcruntime140.dll
0x00007ffee9be0000 - 0x00007ffee9bec000 	C:\Users\Win10\.openjfx\cache\18.0.2+2\vcruntime140_1.dll
0x00007ffee0e40000 - 0x00007ffee0ecd000 	C:\Users\Win10\.openjfx\cache\18.0.2+2\msvcp140.dll
0x00007ffee0e10000 - 0x00007ffee0e3c000 	C:\Users\Win10\.openjfx\cache\18.0.2+2\prism_d3d.dll
0x00007ffe8bd00000 - 0x00007ffe8bea9000 	C:\WINDOWS\system32\d3d9.dll
0x00007ffef6950000 - 0x00007ffef697b000 	C:\WINDOWS\SYSTEM32\dwmapi.dll
0x00007ffef6910000 - 0x00007ffef6946000 	C:\WINDOWS\SYSTEM32\dxcore.dll
0x00007ffef6650000 - 0x00007ffef66fb000 	C:\WINDOWS\system32\uxtheme.dll
0x00007ffeeadd0000 - 0x00007ffeeaf35000 	C:\WINDOWS\System32\DriverStore\FileRepository\iigd_dch.inf_amd64_e6980897e3126266\igdumdim64.dll
0x00007ffefa390000 - 0x00007ffefa530000 	C:\WINDOWS\System32\ole32.dll
0x00007ffe5c6c0000 - 0x00007ffe6034b000 	C:\WINDOWS\System32\DriverStore\FileRepository\iigd_dch.inf_amd64_e6980897e3126266\igd9dxva64.dll
0x00007ffefbd90000 - 0x00007ffefc204000 	C:\WINDOWS\System32\SETUPAPI.dll
0x00007ffef92a0000 - 0x00007ffef92ee000 	C:\WINDOWS\SYSTEM32\cfgmgr32.dll
0x00007ffeea430000 - 0x00007ffeea766000 	C:\WINDOWS\System32\DriverStore\FileRepository\iigd_dch.inf_amd64_e6980897e3126266\igdgmm64.dll
0x00007ffef1900000 - 0x00007ffef194a000 	C:\WINDOWS\SYSTEM32\directxdatabasehelper.dll
0x00007ffeb33c0000 - 0x00007ffeb3402000 	C:\Users\Win10\.openjfx\cache\18.0.2+2\glass.dll
0x00007ffefa1d0000 - 0x00007ffefa2c9000 	C:\WINDOWS\System32\COMDLG32.dll
0x00007ffefa7c0000 - 0x00007ffefa910000 	C:\WINDOWS\System32\MSCTF.dll
0x00007ffe8b450000 - 0x00007ffe8b477000 	C:\WINDOWS\System32\DriverStore\FileRepository\iigd_dch.inf_amd64_e6980897e3126266\igdinfo64.dll
0x00007ffef8d90000 - 0x00007ffef8dab000 	C:\WINDOWS\SYSTEM32\CRYPTSP.dll
0x00007ffef8610000 - 0x00007ffef8645000 	C:\WINDOWS\system32\rsaenh.dll
0x00007ffef8d80000 - 0x00007ffef8d8c000 	C:\WINDOWS\SYSTEM32\CRYPTBASE.dll
0x00007ffeb61f0000 - 0x00007ffeb8f7f000 	C:\WINDOWS\System32\DriverStore\FileRepository\iigd_dch.inf_amd64_e6980897e3126266\igc64.dll
0x00007ffec5570000 - 0x00007ffec5584000 	C:\Users\Win10\.openjfx\cache\18.0.2+2\javafx_font.dll
0x00007ffef4440000 - 0x00007ffef46b3000 	C:\WINDOWS\SYSTEM32\dwrite.dll
0x00007ffefb940000 - 0x00007ffefb9f0000 	C:\WINDOWS\System32\clbcatq.dll
0x00007ffef4100000 - 0x00007ffef42b0000 	C:\WINDOWS\SYSTEM32\WindowsCodecs.dll
0x00007ffee4db0000 - 0x00007ffee4e0e000 	C:\WINDOWS\system32\dataexchange.dll
0x00007ffef1ca0000 - 0x00007ffef1f25000 	C:\WINDOWS\system32\twinapi.appcore.dll
0x00007ffeeeb60000 - 0x00007ffeeeb92000 	C:\Program Files\Common Files\Microsoft Shared\Ink\rtscom.dll
0x00007ffee60f0000 - 0x00007ffee623a000 	C:\WINDOWS\SYSTEM32\textinputframework.dll
0x00007ffef5ea0000 - 0x00007ffef5fd4000 	C:\WINDOWS\SYSTEM32\CoreMessaging.dll
0x00007ffee50e0000 - 0x00007ffee544c000 	C:\WINDOWS\SYSTEM32\CoreUIComponents.dll
0x00007ffef8130000 - 0x00007ffef8229000 	C:\WINDOWS\SYSTEM32\DNSAPI.dll
0x00007ffef80c0000 - 0x00007ffef80ed000 	C:\WINDOWS\SYSTEM32\IPHLPAPI.DLL
0x00007ffefa380000 - 0x00007ffefa389000 	C:\WINDOWS\System32\NSI.dll
0x00007ffef01d0000 - 0x00007ffef01da000 	C:\Windows\System32\rasadhlp.dll

dbghelp: loaded successfully - version: 4.0.5 - missing functions: none
symbol engine: initialized successfully - sym options: 0x614 - pdb path: .;C:\Program Files\Java\jdk-18.0.1.1\bin;C:\WINDOWS\SYSTEM32;C:\WINDOWS\WinSxS\amd64_microsoft.windows.common-controls_6595b64144ccf1df_6.0.22621.2506_none_270c5ae97388e100;C:\Program Files\Java\jdk-18.0.1.1\bin\server;E:\IntelliJ IDEA Community Edition 2023.3.3\bin;C:\Users\Win10\.openjfx\cache\18.0.2+2;C:\WINDOWS\System32\DriverStore\FileRepository\iigd_dch.inf_amd64_e6980897e3126266;C:\Program Files\Common Files\Microsoft Shared\Ink

VM Arguments:
jvm_args: -javaagent:E:\IntelliJ IDEA Community Edition 2023.3.3\lib\idea_rt.jar=37578:E:\IntelliJ IDEA Community Edition 2023.3.3\bin -Dfile.encoding=UTF-8 -Dsun.stdout.encoding=UTF-8 -Dsun.stderr.encoding=UTF-8 --module-path=C:\Users\Win10\.m2\repository\org\openjfx\javafx-base\18.0.2\javafx-base-18.0.2-win.jar;C:\Users\Win10\.m2\repository\org\openjfx\javafx-graphics\18.0.2\javafx-graphics-18.0.2-win.jar;C:\Users\Win10\.m2\repository\org\mindrot\jbcrypt\0.4\jbcrypt-0.4.jar;C:\Users\Win10\.m2\repository\com\dlsc\formsfx\formsfx-core\11.6.0\formsfx-core-11.6.0.jar;C:\Users\Win10\.m2\repository\org\openjfx\javafx-controls\18.0.2\javafx-controls-18.0.2-win.jar;C:\Users\Win10\.m2\repository\org\openjfx\javafx-fxml\18.0.2\javafx-fxml-18.0.2-win.jar;C:\Users\Win10\.m2\repository\com\mysql\mysql-connector-j\8.0.33\mysql-connector-j-8.0.33.jar;E:\IntelijFiles\WMS\target\classes;C:\Users\Win10\.m2\repository\org\kordamp\bootstrapfx\bootstrapfx-core\0.4.0\bootstrapfx-core-0.4.0.jar -Djdk.module.main=org.wms 
java_command: org.wms/org.wms.main
java_class_path (initial): C:\Users\Win10\.m2\repository\org\openjfx\javafx-controls\18.0.2\javafx-controls-18.0.2.jar;C:\Users\Win10\.m2\repository\org\openjfx\javafx-graphics\18.0.2\javafx-graphics-18.0.2.jar;C:\Users\Win10\.m2\repository\org\openjfx\javafx-base\18.0.2\javafx-base-18.0.2.jar;C:\Users\Win10\.m2\repository\org\openjfx\javafx-fxml\18.0.2\javafx-fxml-18.0.2.jar;C:\Users\Win10\.m2\repository\org\openjfx\javafx-media\18.0.2\javafx-media-18.0.2.jar;C:\Users\Win10\.m2\repository\org\openjfx\javafx-media\18.0.2\javafx-media-18.0.2-win.jar;C:\Users\Win10\.m2\repository\com\github\almasb\fxgl\17.3\fxgl-17.3.jar;C:\Users\Win10\.m2\repository\com\github\almasb\fxgl-core\17.3\fxgl-core-17.3.jar;C:\Users\Win10\.m2\repository\com\gluonhq\attach\audio\4.0.17\audio-4.0.17.jar;C:\Users\Win10\.m2\repository\com\github\almasb\fxgl-io\17.3\fxgl-io-17.3.jar;C:\Users\Win10\.m2\repository\com\gluonhq\attach\storage\4.0.17\storage-4.0.17.jar;C:\Users\Win10\.m2\repository\com\gluonhq\attach\util\4.0.17\util-4.0.17.jar;C:\Users\Win10\.m2\repository\com\github\almasb\fxgl-entity\17.3\fxgl-entity-17.3.jar;C:\Users\Win10\.m2\repository\com\github\almasb\fxgl-scene\17.3\fxgl-scene-17.3.jar;C:\Users\Win10\.m2\repository\com\github\almasb\fxgl-gameplay\17.3\fxgl-gameplay-17.3.jar;C:\Users\Win10\.m2\repository\com\fasterxml\jackson\core\jackson-annotations\2.14.2\jackson-annotations-2.14.2.jar;C:\Users\Win10\.m2\repository\com\fasterxml\jackson\core\jackson-databind\2.14.2\jackson-databind-2.14.2.jar;C:\Users\Win10\.m2\repository\com\fasterxml\jackson\core\jackson-core\2.14.2\jackson-core-2.14.2.jar;C:\Users\Win10\.m2\repository\com\gluonhq\attach\lifecycle\4.0.17\lifecycle-4.0.17.jar;C:\Users\Win10\.m2\repository\org\jetbrains\kotlin\kotlin-stdlib\1.8.10\kotlin-stdlib-1.8.10.jar;C:\Users\Win10\.m2\repository\org\jetbrains\kotlin\kotlin-stdlib-common\1.8.10\kotlin-stdlib-common-1.8.10.jar;C:\Users\Win10\.m2\repository\org\jetbrains\annotations\13.0\annotations-13.0.jar;C:\Users\Win10\.m2\repository\com\google\protobuf\protobuf-java\3.21.9\protobuf-java-3.21.9.jar;C:\Users\Win10\.m2\repository\de\jensd\fontawesomefx\8.9\fontawesomefx-8.9.jar;C:\Users\Win10\.m2\repository\org\kordamp\ikonli\ikonli-swing\12.3.1\ikonli-swing-12.3.1.jar;C:\Users\Win10\.m2\repository\org\kordamp\ikonli\ikonli-core\12.3.1\ikonli-core-12.3.1.jar
Launcher Type: SUN_STANDARD

[Global flags]
     intx CICompilerCount                          = 4                                         {product} {ergonomic}
     uint ConcGCThreads                            = 2                                         {product} {ergonomic}
     uint G1ConcRefinementThreads                  = 8                                         {product} {ergonomic}
   size_t G1HeapRegionSize                         = 1048576                                   {product} {ergonomic}
    uintx GCDrainStackTargetSize                   = 64                                        {product} {ergonomic}
   size_t InitialHeapSize                          = 132120576                                 {product} {ergonomic}
   size_t MarkStackSize                            = 4194304                                   {product} {ergonomic}
   size_t MaxHeapSize                              = 2113929216                                {product} {ergonomic}
   size_t MaxNewSize                               = 1267728384                                {product} {ergonomic}
   size_t MinHeapDeltaBytes                        = 1048576                                   {product} {ergonomic}
   size_t MinHeapSize                              = 8388608                                   {product} {ergonomic}
    uintx NonNMethodCodeHeapSize                   = 5839372                                {pd product} {ergonomic}
    uintx NonProfiledCodeHeapSize                  = 122909434                              {pd product} {ergonomic}
    uintx ProfiledCodeHeapSize                     = 122909434                              {pd product} {ergonomic}
    uintx ReservedCodeCacheSize                    = 251658240                              {pd product} {ergonomic}
     bool SegmentedCodeCache                       = true                                      {product} {ergonomic}
   size_t SoftMaxHeapSize                          = 2113929216                             {manageable} {ergonomic}
     bool UseCompressedClassPointers               = true                           {product lp64_product} {ergonomic}
     bool UseCompressedOops                        = true                           {product lp64_product} {ergonomic}
     bool UseG1GC                                  = true                                      {product} {ergonomic}
     bool UseLargePagesIndividualAllocation        = false                                  {pd product} {ergonomic}

Logging:
Log output configuration:
 #0: stdout all=warning uptime,level,tags foldmultilines=false
 #1: stderr all=off uptime,level,tags foldmultilines=false

Environment Variables:
JAVA_HOME=C:\Users\Win10\emsdk\java\8.152_64bit
CLASSPATH=C:\Users\Win10\Downloads\algs4.jar
PATH=C:\Program Files\Common Files\Oracle\Java\javapath;C:\Windows\system32;C:\Windows;C:\Windows\System32\Wbem;C:\Windows\System32\WindowsPowerShell\v1.0\;C:\Windows\System32\OpenSSH\;C:\Program Files (x86)\NVIDIA Corporation\PhysX\Common;C:\WINDOWS\system32;C:\WINDOWS;C:\WINDOWS\System32\Wbem;C:\WINDOWS\System32\WindowsPowerShell\v1.0\;C:\WINDOWS\System32\OpenSSH\;C:\WINDOWS\system32;C:\WINDOWS;C:\WINDOWS\System32\Wbem;C:\WINDOWS\System32\WindowsPowerShell\v1.0\;C:\WINDOWS\System32\OpenSSH\;C:\Users\Win10\AppData\Roaming\nvm;C:\Program Files\nodejs;C:\Program Files\Git\cmd;C:\Program Files (x86)\Gpg4win\..\GnuPG\bin;C:\Users\Win10\emsdk\upstream\emscripten;C:\Users\Win10\emsdk;C:\Program Files\MySQL\MySQL Shell 8.0\bin\;C:\Users\Win10\AppData\Local\Programs\Python\Python39-32\Scripts\;C:\Users\Win10\AppData\Local\Programs\Python\Python39-32\;C:\Users\Win10\AppData\Local\Microsoft\WindowsApps;C:\Users\Win10\AppData\Local\Programs\Microsoft VS Code\bin;E:\IntelliJ IDEA Community Edition 2023.3.3\bin;;C:\Program Files (x86)\Nmap;C:\Program Files\JetBrains\PyCharm Community Edition 2022.3.3\bin;;C:\Users\Win10\AppData\Roaming\npm;C:\Users\Win10\AppData\Roaming\nvm;C:\Program Files\nodejs;C:\MinGW\bin;D:\mongodb\bin\
USERNAME=Rivansh'sG3
OS=Windows_NT
PROCESSOR_IDENTIFIER=Intel64 Family 6 Model 165 Stepping 2, GenuineIntel



---------------  S Y S T E M  ---------------

OS:
 Windows 11 , 64 bit Build 22621 (10.0.22621.2506)
OS uptime: 3 days 1:44 hours

CPU: total 8 (initial active 8) (4 cores per cpu, 2 threads per core) family 6 model 165 stepping 2 microcode 0xea, cx8, cmov, fxsr, ht, mmx, 3dnowpref, sse, sse2, sse3, ssse3, sse4.1, sse4.2, popcnt, lzcnt, tsc, tscinvbit, avx, avx2, aes, erms, clmul, bmi1, bmi2, adx, fma, vzeroupper, clflush, clflushopt

Memory: 4k page, system-wide physical 8059M (453M free)
TotalPageFile size 21448M (AvailPageFile size 5M)
current process WorkingSet (physical memory assigned to process): 428M, peak: 429M
current process commit charge ("private bytes"): 520M, peak: 521M

vm_info: Java HotSpot(TM) 64-Bit Server VM (18.0.1.1+2-6) for windows-amd64 JRE (18.0.1.1+2-6), built on Apr 25 2022 21:53:15 by "mach5one" with MS VC++ 16.8 / 16.9 (VS2019)

END.
