#
# There is insufficient memory for the Java Runtime Environment to continue.
# Native memory allocation (mmap) failed to map 65536 bytes for Failed to commit metaspace.
# Possible reasons:
#   The system is out of physical RAM or swap space
#   The process is running with CompressedOops enabled, and the Java Heap may be blocking the growth of the native heap
# Possible solutions:
#   Reduce memory load on the system
#   Increase physical memory or swap space
#   Check if swap backing store is full
#   Decrease Java heap size (-Xmx/-Xms)
#   Decrease number of Java threads
#   Decrease Java thread stack sizes (-Xss)
#   Set larger code cache with -XX:ReservedCodeCacheSize=
#   JVM is running with Unscaled Compressed Oops mode in which the Java heap is
#     placed in the first 4GB address space. The Java Heap base address is the
#     maximum limit for the native heap growth. Please use -XX:HeapBaseMinAddress
#     to set the Java Heap base and to place the Java Heap above 4GB virtual address.
# This output file may be truncated or incomplete.
#
#  Out of Memory Error (virtualSpaceNode.cpp:110), pid=1384, tid=22956
#
# JRE version: Java(TM) SE Runtime Environment (18.0.1.1+2) (build 18.0.1.1+2-6)
# Java VM: Java HotSpot(TM) 64-Bit Server VM (18.0.1.1+2-6, mixed mode, sharing, tiered, compressed oops, compressed class ptrs, g1 gc, windows-amd64)
# No core dump will be written. Minidumps are not enabled by default on client versions of Windows
#

---------------  S U M M A R Y ------------

Command Line: -javaagent:E:\IntelliJ IDEA Community Edition 2023.3.3\lib\idea_rt.jar=43650:E:\IntelliJ IDEA Community Edition 2023.3.3\bin -Dfile.encoding=UTF-8 -Dsun.stdout.encoding=UTF-8 -Dsun.stderr.encoding=UTF-8 --module-path=C:\Users\Win10\.m2\repository\org\openjfx\javafx-base\18.0.2\javafx-base-18.0.2-win.jar;E:\IntelijFiles\WMS\target\classes;C:\Users\Win10\.m2\repository\com\dlsc\formsfx\formsfx-core\11.6.0\formsfx-core-11.6.0.jar;C:\Users\Win10\.m2\repository\org\openjfx\javafx-fxml\18.0.2\javafx-fxml-18.0.2-win.jar;C:\Users\Win10\.m2\repository\org\kordamp\bootstrapfx\bootstrapfx-core\0.4.0\bootstrapfx-core-0.4.0.jar;C:\Users\Win10\.m2\repository\org\openjfx\javafx-graphics\18.0.2\javafx-graphics-18.0.2-win.jar;C:\Users\Win10\.m2\repository\com\mysql\mysql-connector-j\8.0.33\mysql-connector-j-8.0.33.jar;C:\Users\Win10\.m2\repository\org\openjfx\javafx-controls\18.0.2\javafx-controls-18.0.2-win.jar -Djdk.module.main=org.wms org.wms/org.wms.main

Host: Intel(R) Core(TM) i5-10300H CPU @ 2.50GHz, 8 cores, 7G,  Windows 11 , 64 bit Build 22621 (10.0.22621.2506)
Time: Fri Feb  9 16:25:47 2024 India Standard Time elapsed time: 1.136693 seconds (0d 0h 0m 1s)

---------------  T H R E A D  ---------------

Current thread (0x0000020825a453b0):  JavaThread "JavaFX Application Thread" [_thread_in_vm, id=22956, stack(0x00000075c2600000,0x00000075c2700000)]

Stack: [0x00000075c2600000,0x00000075c2700000]
Native frames: (J=compiled Java code, j=interpreted, Vv=VM code, C=native code)
V  [jvm.dll+0x69887a]
V  [jvm.dll+0x7f38bd]
V  [jvm.dll+0x7f51ce]
V  [jvm.dll+0x7f5883]
V  [jvm.dll+0x25ca3f]
V  [jvm.dll+0x7ef5cb]
V  [jvm.dll+0x63ea76]
V  [jvm.dll+0x1d721e]
V  [jvm.dll+0x64141b]
V  [jvm.dll+0x64121e]
V  [jvm.dll+0x63f43e]
V  [jvm.dll+0x25a45c]
V  [jvm.dll+0x6edb5d]
V  [jvm.dll+0x6ee58f]
V  [jvm.dll+0x392439]
V  [jvm.dll+0x3915a4]
V  [jvm.dll+0x391548]
V  [jvm.dll+0x3a0dba]
C  0x000002080a40b7f7

Java frames: (J=compiled Java code, j=interpreted, Vv=VM code)
j  com.sun.scenario.animation.shared.ClipEnvelope.create(Ljavafx/animation/Animation;)Lcom/sun/scenario/animation/shared/ClipEnvelope;+18 javafx.graphics@18.0.2
j  javafx.animation.Animation.<init>()V+71 javafx.graphics@18.0.2
j  javafx.animation.Timeline.<init>()V+1 javafx.graphics@18.0.2
j  javafx.scene.control.skin.TextInputControlSkin$CaretBlinking.<init>(Ljavafx/beans/property/BooleanProperty;)V+21 javafx.controls@18.0.2
j  javafx.scene.control.skin.TextInputControlSkin.<init>(Ljavafx/scene/control/TextInputControl;)V+14 javafx.controls@18.0.2
j  javafx.scene.control.skin.TextFieldSkin.<init>(Ljavafx/scene/control/TextField;)V+2 javafx.controls@18.0.2
j  javafx.scene.control.TextField.createDefaultSkin()Ljavafx/scene/control/Skin;+5 javafx.controls@18.0.2
j  javafx.scene.control.Control.doProcessCSS()V+25 javafx.controls@18.0.2
j  javafx.scene.control.Control$1.doProcessCSS(Ljavafx/scene/Node;)V+4 javafx.controls@18.0.2
j  com.sun.javafx.scene.control.ControlHelper.processCSSImpl(Ljavafx/scene/Node;)V+4 javafx.controls@18.0.2
j  com.sun.javafx.scene.NodeHelper.processCSS(Ljavafx/scene/Node;)V+5 javafx.graphics@18.0.2
j  javafx.scene.Parent.doProcessCSS()V+121 javafx.graphics@18.0.2
j  javafx.scene.Parent$1.doProcessCSS(Ljavafx/scene/Node;)V+4 javafx.graphics@18.0.2
j  com.sun.javafx.scene.ParentHelper.processCSSImpl(Ljavafx/scene/Node;)V+4 javafx.graphics@18.0.2
j  com.sun.javafx.scene.NodeHelper.processCSS(Ljavafx/scene/Node;)V+5 javafx.graphics@18.0.2
j  javafx.scene.Parent.doProcessCSS()V+121 javafx.graphics@18.0.2
j  javafx.scene.Parent$1.doProcessCSS(Ljavafx/scene/Node;)V+4 javafx.graphics@18.0.2
j  com.sun.javafx.scene.ParentHelper.processCSSImpl(Ljavafx/scene/Node;)V+4 javafx.graphics@18.0.2
j  com.sun.javafx.scene.NodeHelper.processCSS(Ljavafx/scene/Node;)V+5 javafx.graphics@18.0.2
j  javafx.scene.Node.processCSS()V+99 javafx.graphics@18.0.2
j  javafx.scene.Scene.doCSSPass()V+23 javafx.graphics@18.0.2
j  javafx.scene.Scene.preferredSize()V+6 javafx.graphics@18.0.2
j  javafx.scene.Scene$2.preferredSize(Ljavafx/scene/Scene;)V+1 javafx.graphics@18.0.2
j  com.sun.javafx.scene.SceneHelper.preferredSize(Ljavafx/scene/Scene;)V+4 javafx.graphics@18.0.2
j  javafx.stage.Window$12.invalidated()V+384 javafx.graphics@18.0.2
j  javafx.beans.property.BooleanPropertyBase.markInvalid()V+13 javafx.base@18.0.2
j  javafx.beans.property.BooleanPropertyBase.set(Z)V+72 javafx.base@18.0.2
j  javafx.stage.Window.setShowing(Z)V+11 javafx.graphics@18.0.2
j  javafx.stage.Window.show()V+2 javafx.graphics@18.0.2
j  javafx.stage.Stage.show()V+1 javafx.graphics@18.0.2
j  org.wms.main.start(Ljavafx/stage/Stage;)V+65 org.wms
j  com.sun.javafx.application.LauncherImpl.lambda$launchApplication1$9(Ljava/util/concurrent/atomic/AtomicBoolean;Ljavafx/application/Application;)V+20 javafx.graphics@18.0.2
j  com.sun.javafx.application.LauncherImpl$$Lambda$121+0x0000000800c87460.run()V+8 javafx.graphics@18.0.2
j  com.sun.javafx.application.PlatformImpl.lambda$runAndWait$12(Ljava/lang/Runnable;Ljava/util/concurrent/CountDownLatch;)V+1 javafx.graphics@18.0.2
j  com.sun.javafx.application.PlatformImpl$$Lambda$107+0x0000000800c84e50.run()V+8 javafx.graphics@18.0.2
j  com.sun.javafx.application.PlatformImpl.lambda$runLater$10(Ljava/lang/Runnable;)Ljava/lang/Void;+1 javafx.graphics@18.0.2
j  com.sun.javafx.application.PlatformImpl$$Lambda$109+0x0000000800c86030.run()Ljava/lang/Object;+4 javafx.graphics@18.0.2
j  java.security.AccessController.executePrivileged(Ljava/security/PrivilegedAction;Ljava/security/AccessControlContext;Ljava/lang/Class;)Ljava/lang/Object;+29 java.base@18.0.1.1
j  java.security.AccessController.doPrivileged(Ljava/security/PrivilegedAction;Ljava/security/AccessControlContext;)Ljava/lang/Object;+13 java.base@18.0.1.1
j  com.sun.javafx.application.PlatformImpl.lambda$runLater$11(Ljava/lang/Runnable;Ljava/security/AccessControlContext;)V+7 javafx.graphics@18.0.2
j  com.sun.javafx.application.PlatformImpl$$Lambda$108+0x0000000800c857f0.run()V+8 javafx.graphics@18.0.2
j  com.sun.glass.ui.InvokeLaterDispatcher$Future.run()V+4 javafx.graphics@18.0.2
v  ~StubRoutines::call_stub
j  com.sun.glass.ui.win.WinApplication._runLoop(Ljava/lang/Runnable;)V+0 javafx.graphics@18.0.2
j  com.sun.glass.ui.win.WinApplication.lambda$runLoop$3(ILjava/lang/Runnable;)V+8 javafx.graphics@18.0.2
j  com.sun.glass.ui.win.WinApplication$$Lambda$97+0x0000000800c34000.run()V+12 javafx.graphics@18.0.2
j  java.lang.Thread.run()V+11 java.base@18.0.1.1
v  ~StubRoutines::call_stub

---------------  P R O C E S S  ---------------

Threads class SMR info:
_java_thread_list=0x000002082a78d370, length=20, elements={
0x0000020802aca830, 0x0000020820bc8990, 0x0000020820bcb600, 0x0000020820be5b30,
0x0000020820be73f0, 0x0000020820be7d90, 0x0000020820be8730, 0x0000020820becd10,
0x0000020820bf5700, 0x0000020820bf9010, 0x0000020820bb53e0, 0x000002082508fcb0,
0x000002082574def0, 0x000002082574e3b0, 0x00000208256dd280, 0x0000020825a56a40,
0x0000020825a453b0, 0x000002082a39c960, 0x0000020825a5e530, 0x000002082a391cf0
}

Java Threads: ( => current thread )
  0x0000020802aca830 JavaThread "main" [_thread_blocked, id=10004, stack(0x00000075c0f00000,0x00000075c1000000)]
  0x0000020820bc8990 JavaThread "Reference Handler" daemon [_thread_blocked, id=20952, stack(0x00000075c1600000,0x00000075c1700000)]
  0x0000020820bcb600 JavaThread "Finalizer" daemon [_thread_blocked, id=24096, stack(0x00000075c1700000,0x00000075c1800000)]
  0x0000020820be5b30 JavaThread "Signal Dispatcher" daemon [_thread_blocked, id=18804, stack(0x00000075c1800000,0x00000075c1900000)]
  0x0000020820be73f0 JavaThread "Attach Listener" daemon [_thread_blocked, id=12416, stack(0x00000075c1900000,0x00000075c1a00000)]
  0x0000020820be7d90 JavaThread "Service Thread" daemon [_thread_blocked, id=25468, stack(0x00000075c1a00000,0x00000075c1b00000)]
  0x0000020820be8730 JavaThread "Monitor Deflation Thread" daemon [_thread_blocked, id=2372, stack(0x00000075c1b00000,0x00000075c1c00000)]
  0x0000020820becd10 JavaThread "C2 CompilerThread0" daemon [_thread_blocked, id=13084, stack(0x00000075c1c00000,0x00000075c1d00000)]
  0x0000020820bf5700 JavaThread "C1 CompilerThread0" daemon [_thread_blocked, id=26032, stack(0x00000075c1d00000,0x00000075c1e00000)]
  0x0000020820bf9010 JavaThread "Sweeper thread" daemon [_thread_blocked, id=7508, stack(0x00000075c1e00000,0x00000075c1f00000)]
  0x0000020820bb53e0 JavaThread "Common-Cleaner" daemon [_thread_blocked, id=20164, stack(0x00000075c1f00000,0x00000075c2000000)]
  0x000002082508fcb0 JavaThread "C2 CompilerThread1" daemon [_thread_blocked, id=18300, stack(0x00000075c2000000,0x00000075c2100000)]
  0x000002082574def0 JavaThread "Monitor Ctrl-Break" daemon [_thread_in_native, id=19052, stack(0x00000075c2200000,0x00000075c2300000)]
  0x000002082574e3b0 JavaThread "Notification Thread" daemon [_thread_blocked, id=20728, stack(0x00000075c2300000,0x00000075c2400000)]
  0x00000208256dd280 JavaThread "QuantumRenderer-0" daemon [_thread_blocked, id=1876, stack(0x00000075c2100000,0x00000075c2200000)]
  0x0000020825a56a40 JavaThread "InvokeLaterDispatcher" daemon [_thread_blocked, id=25840, stack(0x00000075c2500000,0x00000075c2600000)]
=>0x0000020825a453b0 JavaThread "JavaFX Application Thread" [_thread_in_vm, id=22956, stack(0x00000075c2600000,0x00000075c2700000)]
  0x000002082a39c960 JavaThread "JavaFX-Launcher" [_thread_blocked, id=23428, stack(0x00000075c2b00000,0x00000075c2c00000)]
  0x0000020825a5e530 JavaThread "Thread-2" daemon [_thread_in_native, id=24428, stack(0x00000075c2a00000,0x00000075c2b00000)]
  0x000002082a391cf0 JavaThread "Prism Font Disposer" daemon [_thread_blocked, id=10376, stack(0x00000075c3400000,0x00000075c3500000)]

Other Threads:
  0x0000020820bc5fd0 VMThread "VM Thread" [stack: 0x00000075c1500000,0x00000075c1600000] [id=19124]
  0x0000020825507250 WatcherThread "VM Periodic Task Thread" [stack: 0x00000075c2400000,0x00000075c2500000] [id=1960]
  0x0000020802b2b470 WorkerThread "GC Thread#0" [stack: 0x00000075c1000000,0x00000075c1100000] [id=15904]
  0x0000020825b76bf0 WorkerThread "GC Thread#1" [stack: 0x00000075c2c00000,0x00000075c2d00000] [id=4748]
  0x0000020825b75ed0 WorkerThread "GC Thread#2" [stack: 0x00000075c2d00000,0x00000075c2e00000] [id=7704]
  0x0000020825b756f0 WorkerThread "GC Thread#3" [stack: 0x00000075c2e00000,0x00000075c2f00000] [id=18580]
  0x000002082a4c64b0 WorkerThread "GC Thread#4" [stack: 0x00000075c2f00000,0x00000075c3000000] [id=24528]
  0x000002082a4c5f70 WorkerThread "GC Thread#5" [stack: 0x00000075c3000000,0x00000075c3100000] [id=8984]
  0x0000020802b3efd0 ConcurrentGCThread "G1 Main Marker" [stack: 0x00000075c1100000,0x00000075c1200000] [id=15512]
  0x0000020802b40160 WorkerThread "G1 Conc#0" [stack: 0x00000075c1200000,0x00000075c1300000] [id=16404]
  0x0000020820a800f0 ConcurrentGCThread "G1 Refine#0" [stack: 0x00000075c1300000,0x00000075c1400000] [id=20060]
  0x0000020820a80a00 ConcurrentGCThread "G1 Service" [stack: 0x00000075c1400000,0x00000075c1500000] [id=25892]

Threads with active compile tasks:

VM state: not at safepoint (normal execution)

VM Mutex/Monitor currently owned by a thread:  ([mutex/lock_event])
[0x0000020802ac3f80] Metaspace_lock - owner thread: 0x0000020825a453b0

Heap address: 0x0000000082000000, size: 2016 MB, Compressed Oops mode: 32-bit

CDS archive(s) mapped at: [0x0000000800000000-0x0000000800ba0000-0x0000000800ba0000), size 12189696, SharedBaseAddress: 0x0000000800000000, ArchiveRelocationMode: 0.
Compressed class space mapped at: 0x0000000800c00000-0x0000000840c00000, reserved size: 1073741824
Narrow klass base: 0x0000000800000000, Narrow klass shift: 0, Narrow klass range: 0x100000000

GC Precious Log:
 CardTable entry size: 512
 Card Set container configuration: InlinePtr #cards 5 size 8 Array Of Cards #cards 12 size 40 Howl #buckets 4 coarsen threshold 1843 Howl Bitmap #cards 512 size 80 coarsen threshold 460 Card regions per heap region 1 cards per card region 2048
 CPUs: 8 total, 8 available
 Memory: 8059M
 Large Page Support: Disabled
 NUMA Support: Disabled
 Compressed Oops: Enabled (32-bit)
 Heap Region Size: 1M
 Heap Min Capacity: 8M
 Heap Initial Capacity: 126M
 Heap Max Capacity: 2016M
 Pre-touch: Disabled
 Parallel Workers: 8
 Concurrent Workers: 2
 Concurrent Refinement Workers: 8
 Periodic GC: Disabled

Heap:
 garbage-first heap   total 129024K, used 27866K [0x0000000082000000, 0x0000000100000000)
  region size 1024K, 29 young (29696K), 3 survivors (3072K)
 Metaspace       used 12207K, committed 12480K, reserved 1114112K
  class space    used 1641K, committed 1792K, reserved 1048576K

Heap Regions: E=young(eden), S=young(survivor), O=old, HS=humongous(starts), HC=humongous(continues), CS=collection set, F=free, OA=open archive, CA=closed archive, TAMS=top-at-mark-start (previous, next)
|   0|0x0000000082000000, 0x0000000082036a00, 0x0000000082100000| 21%| O|  |TAMS 0x0000000082000000, 0x0000000082000000| Untracked 
|   1|0x0000000082100000, 0x0000000082100000, 0x0000000082200000|  0%| F|  |TAMS 0x0000000082100000, 0x0000000082100000| Untracked 
|   2|0x0000000082200000, 0x0000000082200000, 0x0000000082300000|  0%| F|  |TAMS 0x0000000082200000, 0x0000000082200000| Untracked 
|   3|0x0000000082300000, 0x0000000082300000, 0x0000000082400000|  0%| F|  |TAMS 0x0000000082300000, 0x0000000082300000| Untracked 
|   4|0x0000000082400000, 0x0000000082400000, 0x0000000082500000|  0%| F|  |TAMS 0x0000000082400000, 0x0000000082400000| Untracked 
|   5|0x0000000082500000, 0x0000000082500000, 0x0000000082600000|  0%| F|  |TAMS 0x0000000082500000, 0x0000000082500000| Untracked 
|   6|0x0000000082600000, 0x0000000082600000, 0x0000000082700000|  0%| F|  |TAMS 0x0000000082600000, 0x0000000082600000| Untracked 
|   7|0x0000000082700000, 0x0000000082700000, 0x0000000082800000|  0%| F|  |TAMS 0x0000000082700000, 0x0000000082700000| Untracked 
|   8|0x0000000082800000, 0x0000000082800000, 0x0000000082900000|  0%| F|  |TAMS 0x0000000082800000, 0x0000000082800000| Untracked 
|   9|0x0000000082900000, 0x0000000082900000, 0x0000000082a00000|  0%| F|  |TAMS 0x0000000082900000, 0x0000000082900000| Untracked 
|  10|0x0000000082a00000, 0x0000000082a00000, 0x0000000082b00000|  0%| F|  |TAMS 0x0000000082a00000, 0x0000000082a00000| Untracked 
|  11|0x0000000082b00000, 0x0000000082b00000, 0x0000000082c00000|  0%| F|  |TAMS 0x0000000082b00000, 0x0000000082b00000| Untracked 
|  12|0x0000000082c00000, 0x0000000082c00000, 0x0000000082d00000|  0%| F|  |TAMS 0x0000000082c00000, 0x0000000082c00000| Untracked 
|  13|0x0000000082d00000, 0x0000000082d00000, 0x0000000082e00000|  0%| F|  |TAMS 0x0000000082d00000, 0x0000000082d00000| Untracked 
|  14|0x0000000082e00000, 0x0000000082e00000, 0x0000000082f00000|  0%| F|  |TAMS 0x0000000082e00000, 0x0000000082e00000| Untracked 
|  15|0x0000000082f00000, 0x0000000082f00000, 0x0000000083000000|  0%| F|  |TAMS 0x0000000082f00000, 0x0000000082f00000| Untracked 
|  16|0x0000000083000000, 0x0000000083000000, 0x0000000083100000|  0%| F|  |TAMS 0x0000000083000000, 0x0000000083000000| Untracked 
|  17|0x0000000083100000, 0x0000000083100000, 0x0000000083200000|  0%| F|  |TAMS 0x0000000083100000, 0x0000000083100000| Untracked 
|  18|0x0000000083200000, 0x0000000083200000, 0x0000000083300000|  0%| F|  |TAMS 0x0000000083200000, 0x0000000083200000| Untracked 
|  19|0x0000000083300000, 0x0000000083300000, 0x0000000083400000|  0%| F|  |TAMS 0x0000000083300000, 0x0000000083300000| Untracked 
|  20|0x0000000083400000, 0x0000000083400000, 0x0000000083500000|  0%| F|  |TAMS 0x0000000083400000, 0x0000000083400000| Untracked 
|  21|0x0000000083500000, 0x0000000083500000, 0x0000000083600000|  0%| F|  |TAMS 0x0000000083500000, 0x0000000083500000| Untracked 
|  22|0x0000000083600000, 0x0000000083600000, 0x0000000083700000|  0%| F|  |TAMS 0x0000000083600000, 0x0000000083600000| Untracked 
|  23|0x0000000083700000, 0x0000000083700000, 0x0000000083800000|  0%| F|  |TAMS 0x0000000083700000, 0x0000000083700000| Untracked 
|  24|0x0000000083800000, 0x0000000083800000, 0x0000000083900000|  0%| F|  |TAMS 0x0000000083800000, 0x0000000083800000| Untracked 
|  25|0x0000000083900000, 0x0000000083900000, 0x0000000083a00000|  0%| F|  |TAMS 0x0000000083900000, 0x0000000083900000| Untracked 
|  26|0x0000000083a00000, 0x0000000083a00000, 0x0000000083b00000|  0%| F|  |TAMS 0x0000000083a00000, 0x0000000083a00000| Untracked 
|  27|0x0000000083b00000, 0x0000000083b00000, 0x0000000083c00000|  0%| F|  |TAMS 0x0000000083b00000, 0x0000000083b00000| Untracked 
|  28|0x0000000083c00000, 0x0000000083c00000, 0x0000000083d00000|  0%| F|  |TAMS 0x0000000083c00000, 0x0000000083c00000| Untracked 
|  29|0x0000000083d00000, 0x0000000083d00000, 0x0000000083e00000|  0%| F|  |TAMS 0x0000000083d00000, 0x0000000083d00000| Untracked 
|  30|0x0000000083e00000, 0x0000000083e00000, 0x0000000083f00000|  0%| F|  |TAMS 0x0000000083e00000, 0x0000000083e00000| Untracked 
|  31|0x0000000083f00000, 0x0000000083f00000, 0x0000000084000000|  0%| F|  |TAMS 0x0000000083f00000, 0x0000000083f00000| Untracked 
|  32|0x0000000084000000, 0x0000000084000000, 0x0000000084100000|  0%| F|  |TAMS 0x0000000084000000, 0x0000000084000000| Untracked 
|  33|0x0000000084100000, 0x0000000084100000, 0x0000000084200000|  0%| F|  |TAMS 0x0000000084100000, 0x0000000084100000| Untracked 
|  34|0x0000000084200000, 0x0000000084200000, 0x0000000084300000|  0%| F|  |TAMS 0x0000000084200000, 0x0000000084200000| Untracked 
|  35|0x0000000084300000, 0x0000000084300000, 0x0000000084400000|  0%| F|  |TAMS 0x0000000084300000, 0x0000000084300000| Untracked 
|  36|0x0000000084400000, 0x0000000084400000, 0x0000000084500000|  0%| F|  |TAMS 0x0000000084400000, 0x0000000084400000| Untracked 
|  37|0x0000000084500000, 0x0000000084500000, 0x0000000084600000|  0%| F|  |TAMS 0x0000000084500000, 0x0000000084500000| Untracked 
|  38|0x0000000084600000, 0x0000000084600000, 0x0000000084700000|  0%| F|  |TAMS 0x0000000084600000, 0x0000000084600000| Untracked 
|  39|0x0000000084700000, 0x0000000084700000, 0x0000000084800000|  0%| F|  |TAMS 0x0000000084700000, 0x0000000084700000| Untracked 
|  40|0x0000000084800000, 0x0000000084800000, 0x0000000084900000|  0%| F|  |TAMS 0x0000000084800000, 0x0000000084800000| Untracked 
|  41|0x0000000084900000, 0x0000000084900000, 0x0000000084a00000|  0%| F|  |TAMS 0x0000000084900000, 0x0000000084900000| Untracked 
|  42|0x0000000084a00000, 0x0000000084a00000, 0x0000000084b00000|  0%| F|  |TAMS 0x0000000084a00000, 0x0000000084a00000| Untracked 
|  43|0x0000000084b00000, 0x0000000084b00000, 0x0000000084c00000|  0%| F|  |TAMS 0x0000000084b00000, 0x0000000084b00000| Untracked 
|  44|0x0000000084c00000, 0x0000000084c00000, 0x0000000084d00000|  0%| F|  |TAMS 0x0000000084c00000, 0x0000000084c00000| Untracked 
|  45|0x0000000084d00000, 0x0000000084d00000, 0x0000000084e00000|  0%| F|  |TAMS 0x0000000084d00000, 0x0000000084d00000| Untracked 
|  46|0x0000000084e00000, 0x0000000084e00000, 0x0000000084f00000|  0%| F|  |TAMS 0x0000000084e00000, 0x0000000084e00000| Untracked 
|  47|0x0000000084f00000, 0x0000000084f00000, 0x0000000085000000|  0%| F|  |TAMS 0x0000000084f00000, 0x0000000084f00000| Untracked 
|  48|0x0000000085000000, 0x0000000085000000, 0x0000000085100000|  0%| F|  |TAMS 0x0000000085000000, 0x0000000085000000| Untracked 
|  49|0x0000000085100000, 0x0000000085100000, 0x0000000085200000|  0%| F|  |TAMS 0x0000000085100000, 0x0000000085100000| Untracked 
|  50|0x0000000085200000, 0x0000000085200000, 0x0000000085300000|  0%| F|  |TAMS 0x0000000085200000, 0x0000000085200000| Untracked 
|  51|0x0000000085300000, 0x0000000085300000, 0x0000000085400000|  0%| F|  |TAMS 0x0000000085300000, 0x0000000085300000| Untracked 
|  52|0x0000000085400000, 0x0000000085400000, 0x0000000085500000|  0%| F|  |TAMS 0x0000000085400000, 0x0000000085400000| Untracked 
|  53|0x0000000085500000, 0x0000000085500000, 0x0000000085600000|  0%| F|  |TAMS 0x0000000085500000, 0x0000000085500000| Untracked 
|  54|0x0000000085600000, 0x0000000085600000, 0x0000000085700000|  0%| F|  |TAMS 0x0000000085600000, 0x0000000085600000| Untracked 
|  55|0x0000000085700000, 0x0000000085700000, 0x0000000085800000|  0%| F|  |TAMS 0x0000000085700000, 0x0000000085700000| Untracked 
|  56|0x0000000085800000, 0x0000000085800000, 0x0000000085900000|  0%| F|  |TAMS 0x0000000085800000, 0x0000000085800000| Untracked 
|  57|0x0000000085900000, 0x0000000085900000, 0x0000000085a00000|  0%| F|  |TAMS 0x0000000085900000, 0x0000000085900000| Untracked 
|  58|0x0000000085a00000, 0x0000000085a00000, 0x0000000085b00000|  0%| F|  |TAMS 0x0000000085a00000, 0x0000000085a00000| Untracked 
|  59|0x0000000085b00000, 0x0000000085b00000, 0x0000000085c00000|  0%| F|  |TAMS 0x0000000085b00000, 0x0000000085b00000| Untracked 
|  60|0x0000000085c00000, 0x0000000085c00000, 0x0000000085d00000|  0%| F|  |TAMS 0x0000000085c00000, 0x0000000085c00000| Untracked 
|  61|0x0000000085d00000, 0x0000000085d00000, 0x0000000085e00000|  0%| F|  |TAMS 0x0000000085d00000, 0x0000000085d00000| Untracked 
|  62|0x0000000085e00000, 0x0000000085e00000, 0x0000000085f00000|  0%| F|  |TAMS 0x0000000085e00000, 0x0000000085e00000| Untracked 
|  63|0x0000000085f00000, 0x0000000085f00000, 0x0000000086000000|  0%| F|  |TAMS 0x0000000085f00000, 0x0000000085f00000| Untracked 
|  64|0x0000000086000000, 0x0000000086000000, 0x0000000086100000|  0%| F|  |TAMS 0x0000000086000000, 0x0000000086000000| Untracked 
|  65|0x0000000086100000, 0x0000000086100000, 0x0000000086200000|  0%| F|  |TAMS 0x0000000086100000, 0x0000000086100000| Untracked 
|  66|0x0000000086200000, 0x0000000086200000, 0x0000000086300000|  0%| F|  |TAMS 0x0000000086200000, 0x0000000086200000| Untracked 
|  67|0x0000000086300000, 0x0000000086300000, 0x0000000086400000|  0%| F|  |TAMS 0x0000000086300000, 0x0000000086300000| Untracked 
|  68|0x0000000086400000, 0x0000000086400000, 0x0000000086500000|  0%| F|  |TAMS 0x0000000086400000, 0x0000000086400000| Untracked 
|  69|0x0000000086500000, 0x0000000086500000, 0x0000000086600000|  0%| F|  |TAMS 0x0000000086500000, 0x0000000086500000| Untracked 
|  70|0x0000000086600000, 0x0000000086600000, 0x0000000086700000|  0%| F|  |TAMS 0x0000000086600000, 0x0000000086600000| Untracked 
|  71|0x0000000086700000, 0x0000000086700000, 0x0000000086800000|  0%| F|  |TAMS 0x0000000086700000, 0x0000000086700000| Untracked 
|  72|0x0000000086800000, 0x0000000086800000, 0x0000000086900000|  0%| F|  |TAMS 0x0000000086800000, 0x0000000086800000| Untracked 
|  73|0x0000000086900000, 0x0000000086900000, 0x0000000086a00000|  0%| F|  |TAMS 0x0000000086900000, 0x0000000086900000| Untracked 
|  74|0x0000000086a00000, 0x0000000086a00000, 0x0000000086b00000|  0%| F|  |TAMS 0x0000000086a00000, 0x0000000086a00000| Untracked 
|  75|0x0000000086b00000, 0x0000000086b00000, 0x0000000086c00000|  0%| F|  |TAMS 0x0000000086b00000, 0x0000000086b00000| Untracked 
|  76|0x0000000086c00000, 0x0000000086c00000, 0x0000000086d00000|  0%| F|  |TAMS 0x0000000086c00000, 0x0000000086c00000| Untracked 
|  77|0x0000000086d00000, 0x0000000086d00000, 0x0000000086e00000|  0%| F|  |TAMS 0x0000000086d00000, 0x0000000086d00000| Untracked 
|  78|0x0000000086e00000, 0x0000000086e00000, 0x0000000086f00000|  0%| F|  |TAMS 0x0000000086e00000, 0x0000000086e00000| Untracked 
|  79|0x0000000086f00000, 0x0000000086f00000, 0x0000000087000000|  0%| F|  |TAMS 0x0000000086f00000, 0x0000000086f00000| Untracked 
|  80|0x0000000087000000, 0x0000000087000000, 0x0000000087100000|  0%| F|  |TAMS 0x0000000087000000, 0x0000000087000000| Untracked 
|  81|0x0000000087100000, 0x0000000087100000, 0x0000000087200000|  0%| F|  |TAMS 0x0000000087100000, 0x0000000087100000| Untracked 
|  82|0x0000000087200000, 0x0000000087200000, 0x0000000087300000|  0%| F|  |TAMS 0x0000000087200000, 0x0000000087200000| Untracked 
|  83|0x0000000087300000, 0x0000000087300000, 0x0000000087400000|  0%| F|  |TAMS 0x0000000087300000, 0x0000000087300000| Untracked 
|  84|0x0000000087400000, 0x0000000087400000, 0x0000000087500000|  0%| F|  |TAMS 0x0000000087400000, 0x0000000087400000| Untracked 
|  85|0x0000000087500000, 0x0000000087500000, 0x0000000087600000|  0%| F|  |TAMS 0x0000000087500000, 0x0000000087500000| Untracked 
|  86|0x0000000087600000, 0x0000000087600000, 0x0000000087700000|  0%| F|  |TAMS 0x0000000087600000, 0x0000000087600000| Untracked 
|  87|0x0000000087700000, 0x0000000087700000, 0x0000000087800000|  0%| F|  |TAMS 0x0000000087700000, 0x0000000087700000| Untracked 
|  88|0x0000000087800000, 0x0000000087800000, 0x0000000087900000|  0%| F|  |TAMS 0x0000000087800000, 0x0000000087800000| Untracked 
|  89|0x0000000087900000, 0x0000000087900000, 0x0000000087a00000|  0%| F|  |TAMS 0x0000000087900000, 0x0000000087900000| Untracked 
|  90|0x0000000087a00000, 0x0000000087a00000, 0x0000000087b00000|  0%| F|  |TAMS 0x0000000087a00000, 0x0000000087a00000| Untracked 
|  91|0x0000000087b00000, 0x0000000087b00000, 0x0000000087c00000|  0%| F|  |TAMS 0x0000000087b00000, 0x0000000087b00000| Untracked 
|  92|0x0000000087c00000, 0x0000000087c00000, 0x0000000087d00000|  0%| F|  |TAMS 0x0000000087c00000, 0x0000000087c00000| Untracked 
|  93|0x0000000087d00000, 0x0000000087d00000, 0x0000000087e00000|  0%| F|  |TAMS 0x0000000087d00000, 0x0000000087d00000| Untracked 
|  94|0x0000000087e00000, 0x0000000087e00000, 0x0000000087f00000|  0%| F|  |TAMS 0x0000000087e00000, 0x0000000087e00000| Untracked 
|  95|0x0000000087f00000, 0x0000000087f00000, 0x0000000088000000|  0%| F|  |TAMS 0x0000000087f00000, 0x0000000087f00000| Untracked 
|  96|0x0000000088000000, 0x0000000088000000, 0x0000000088100000|  0%| F|  |TAMS 0x0000000088000000, 0x0000000088000000| Untracked 
|  97|0x0000000088100000, 0x00000000881805f8, 0x0000000088200000| 50%| E|  |TAMS 0x0000000088100000, 0x0000000088100000| Complete 
|  98|0x0000000088200000, 0x0000000088300000, 0x0000000088300000|100%| E|  |TAMS 0x0000000088200000, 0x0000000088200000| Complete 
|  99|0x0000000088300000, 0x0000000088400000, 0x0000000088400000|100%| E|CS|TAMS 0x0000000088300000, 0x0000000088300000| Complete 
| 100|0x0000000088400000, 0x0000000088500000, 0x0000000088500000|100%| S|CS|TAMS 0x0000000088400000, 0x0000000088400000| Complete 
| 101|0x0000000088500000, 0x0000000088600000, 0x0000000088600000|100%| S|CS|TAMS 0x0000000088500000, 0x0000000088500000| Complete 
| 102|0x0000000088600000, 0x0000000088700000, 0x0000000088700000|100%| S|CS|TAMS 0x0000000088600000, 0x0000000088600000| Complete 
| 103|0x0000000088700000, 0x0000000088800000, 0x0000000088800000|100%| E|CS|TAMS 0x0000000088700000, 0x0000000088700000| Complete 
| 104|0x0000000088800000, 0x0000000088900000, 0x0000000088900000|100%| E|CS|TAMS 0x0000000088800000, 0x0000000088800000| Complete 
| 105|0x0000000088900000, 0x0000000088a00000, 0x0000000088a00000|100%| E|CS|TAMS 0x0000000088900000, 0x0000000088900000| Complete 
| 106|0x0000000088a00000, 0x0000000088b00000, 0x0000000088b00000|100%| E|CS|TAMS 0x0000000088a00000, 0x0000000088a00000| Complete 
| 107|0x0000000088b00000, 0x0000000088c00000, 0x0000000088c00000|100%| E|CS|TAMS 0x0000000088b00000, 0x0000000088b00000| Complete 
| 108|0x0000000088c00000, 0x0000000088d00000, 0x0000000088d00000|100%| E|CS|TAMS 0x0000000088c00000, 0x0000000088c00000| Complete 
| 109|0x0000000088d00000, 0x0000000088e00000, 0x0000000088e00000|100%| E|CS|TAMS 0x0000000088d00000, 0x0000000088d00000| Complete 
| 110|0x0000000088e00000, 0x0000000088f00000, 0x0000000088f00000|100%| E|CS|TAMS 0x0000000088e00000, 0x0000000088e00000| Complete 
| 111|0x0000000088f00000, 0x0000000089000000, 0x0000000089000000|100%| E|CS|TAMS 0x0000000088f00000, 0x0000000088f00000| Complete 
| 112|0x0000000089000000, 0x0000000089100000, 0x0000000089100000|100%| E|CS|TAMS 0x0000000089000000, 0x0000000089000000| Complete 
| 113|0x0000000089100000, 0x0000000089200000, 0x0000000089200000|100%| E|CS|TAMS 0x0000000089100000, 0x0000000089100000| Complete 
| 114|0x0000000089200000, 0x0000000089300000, 0x0000000089300000|100%| E|CS|TAMS 0x0000000089200000, 0x0000000089200000| Complete 
| 115|0x0000000089300000, 0x0000000089400000, 0x0000000089400000|100%| E|CS|TAMS 0x0000000089300000, 0x0000000089300000| Complete 
| 116|0x0000000089400000, 0x0000000089500000, 0x0000000089500000|100%| E|CS|TAMS 0x0000000089400000, 0x0000000089400000| Complete 
| 117|0x0000000089500000, 0x0000000089600000, 0x0000000089600000|100%| E|CS|TAMS 0x0000000089500000, 0x0000000089500000| Complete 
| 118|0x0000000089600000, 0x0000000089700000, 0x0000000089700000|100%| E|CS|TAMS 0x0000000089600000, 0x0000000089600000| Complete 
| 119|0x0000000089700000, 0x0000000089800000, 0x0000000089800000|100%| E|CS|TAMS 0x0000000089700000, 0x0000000089700000| Complete 
| 120|0x0000000089800000, 0x0000000089900000, 0x0000000089900000|100%| E|CS|TAMS 0x0000000089800000, 0x0000000089800000| Complete 
| 121|0x0000000089900000, 0x0000000089a00000, 0x0000000089a00000|100%| E|CS|TAMS 0x0000000089900000, 0x0000000089900000| Complete 
| 122|0x0000000089a00000, 0x0000000089b00000, 0x0000000089b00000|100%| E|CS|TAMS 0x0000000089a00000, 0x0000000089a00000| Complete 
| 123|0x0000000089b00000, 0x0000000089c00000, 0x0000000089c00000|100%| E|CS|TAMS 0x0000000089b00000, 0x0000000089b00000| Complete 
| 124|0x0000000089c00000, 0x0000000089d00000, 0x0000000089d00000|100%| E|CS|TAMS 0x0000000089c00000, 0x0000000089c00000| Complete 
| 125|0x0000000089d00000, 0x0000000089e00000, 0x0000000089e00000|100%| E|CS|TAMS 0x0000000089d00000, 0x0000000089d00000| Complete 

Card table byte_map: [0x0000020819b10000,0x0000020819f00000] _byte_map_base: 0x0000020819700000

Marking Bits (Prev, Next): (CMBitMap*) 0x0000020802b2ca80, (CMBitMap*) 0x0000020802b2cac0
 Prev Bits: [0x000002081a2f0000, 0x000002081c270000)
 Next Bits: [0x000002081c270000, 0x000002081e1f0000)

Polling page: 0x0000020800a80000

Metaspace:

Usage:
  Non-class:     10.32 MB used.
      Class:      1.60 MB used.
       Both:     11.92 MB used.

Virtual space:
  Non-class space:       64.00 MB reserved,      10.44 MB ( 16%) committed,  1 nodes.
      Class space:        1.00 GB reserved,       1.75 MB ( <1%) committed,  1 nodes.
             Both:        1.06 GB reserved,      12.19 MB (  1%) committed. 

Chunk freelists:
   Non-Class:  1.55 MB
       Class:  2.20 MB
        Both:  3.75 MB

MaxMetaspaceSize: unlimited
CompressedClassSpaceSize: 1.00 GB
Initial GC threshold: 21.00 MB
Current GC threshold: 21.00 MB
CDS: on
MetaspaceReclaimPolicy: balanced
 - commit_granule_bytes: 65536.
 - commit_granule_words: 8192.
 - virtual_space_node_default_size: 8388608.
 - enlarge_chunks_in_place: 1.
 - new_chunks_are_fully_committed: 0.
 - uncommit_free_chunks: 1.
 - use_allocation_guard: 0.


Internal statistics:

num_allocs_failed_limit: 0.
num_arena_births: 294.
num_arena_deaths: 0.
num_vsnodes_births: 2.
num_vsnodes_deaths: 0.
num_space_committed: 195.
num_space_uncommitted: 0.
num_chunks_returned_to_freelist: 0.
num_chunks_taken_from_freelist: 637.
num_chunk_merges: 0.
num_chunk_splits: 449.
num_chunks_enlarged: 337.
num_inconsistent_stats: 0.

CodeHeap 'non-profiled nmethods': size=120000Kb used=556Kb max_used=556Kb free=119443Kb
 bounds [0x0000020811ec0000, 0x0000020812130000, 0x00000208193f0000]
CodeHeap 'profiled nmethods': size=120000Kb used=2809Kb max_used=2809Kb free=117190Kb
 bounds [0x000002080a990000, 0x000002080ac50000, 0x0000020811ec0000]
CodeHeap 'non-nmethods': size=5760Kb used=1354Kb max_used=1385Kb free=4405Kb
 bounds [0x000002080a3f0000, 0x000002080a660000, 0x000002080a990000]
 total_blobs=2236 nmethods=1550 adapters=599
 compilation: enabled
              stopped_count=0, restarted_count=0
 full_count=0

Compilation events (20 events):
Event: 1.125 Thread 0x0000020820bf5700 1541       3       java.lang.invoke.MethodHandles$Lookup::checkMethod (87 bytes)
Event: 1.125 Thread 0x0000020820bf5700 nmethod 1541 0x000002080ac3dd10 code [0x000002080ac3df20, 0x000002080ac3e698]
Event: 1.125 Thread 0x0000020820bf5700 1542       3       java.lang.invoke.TypeConvertingMethodAdapter::convertType (299 bytes)
Event: 1.127 Thread 0x0000020820bf5700 nmethod 1542 0x000002080ac3e910 code [0x000002080ac3ef40, 0x000002080ac42668]
Event: 1.127 Thread 0x0000020820bf5700 1545       3       java.lang.invoke.MethodHandleImpl::computeValueConversions (121 bytes)
Event: 1.127 Thread 0x0000020820bf5700 nmethod 1545 0x000002080ac43890 code [0x000002080ac43aa0, 0x000002080ac442b8]
Event: 1.127 Thread 0x0000020820bf5700 1544       3       java.lang.invoke.MethodHandleImpl::makePairwiseConvertByEditor (627 bytes)
Event: 1.128 Thread 0x0000020820becd10 1547       4       java.util.Objects::checkIndex (7 bytes)
Event: 1.128 Thread 0x0000020820becd10 nmethod 1547 0x0000020811f4ad10 code [0x0000020811f4ae80, 0x0000020811f4af18]
Event: 1.130 Thread 0x0000020820bf5700 nmethod 1544 0x000002080ac44690 code [0x000002080ac44ea0, 0x000002080ac4a2d8]
Event: 1.130 Thread 0x0000020820bf5700 1550       3       javafx.scene.CssStyleHelper::getStyle (162 bytes)
Event: 1.130 Thread 0x0000020820bf5700 nmethod 1550 0x000002080ac4c210 code [0x000002080ac4c4a0, 0x000002080ac4d1d8]
Event: 1.130 Thread 0x0000020820bf5700 1549       1       javafx.css.ParsedValue::getValue (5 bytes)
Event: 1.130 Thread 0x0000020820bf5700 nmethod 1549 0x0000020811f4b010 code [0x0000020811f4b1a0, 0x0000020811f4b278]
Event: 1.130 Thread 0x0000020820bf5700 1548       3       com.sun.javafx.css.StyleMap::isEmpty (36 bytes)
Event: 1.130 Thread 0x0000020820bf5700 nmethod 1548 0x000002080ac4d610 code [0x000002080ac4d7e0, 0x000002080ac4db58]
Event: 1.130 Thread 0x0000020820bf5700 1546       3       javafx.css.converter.FontConverter::getInstance (4 bytes)
Event: 1.131 Thread 0x0000020820bf5700 nmethod 1546 0x000002080ac4dc90 code [0x000002080ac4de20, 0x000002080ac4df18]
Event: 1.131 Thread 0x0000020820bf5700 1543       3       java.lang.invoke.MethodHandleImpl::makePairwiseConvert (22 bytes)
Event: 1.131 Thread 0x0000020820bf5700 nmethod 1543 0x000002080ac4df90 code [0x000002080ac4e140, 0x000002080ac4e368]

GC Heap History (2 events):
Event: 0.692 GC heap before
{Heap before GC invocations=0 (full 0):
 garbage-first heap   total 129024K, used 22528K [0x0000000082000000, 0x0000000100000000)
  region size 1024K, 23 young (23552K), 0 survivors (0K)
 Metaspace       used 5018K, committed 5248K, reserved 1114112K
  class space    used 582K, committed 704K, reserved 1048576K
}
Event: 0.696 GC heap after
{Heap after GC invocations=1 (full 0):
 garbage-first heap   total 129024K, used 3290K [0x0000000082000000, 0x0000000100000000)
  region size 1024K, 3 young (3072K), 3 survivors (3072K)
 Metaspace       used 5018K, committed 5248K, reserved 1114112K
  class space    used 582K, committed 704K, reserved 1048576K
}

Deoptimization events (20 events):
Event: 1.061 Thread 0x0000020820be73f0 Uncommon trap: trap_request=0xffffff45 fr.pc=0x0000020811f33e4c relative=0x0000000000000d2c
Event: 1.061 Thread 0x0000020820be73f0 Uncommon trap: reason=unstable_if action=reinterpret pc=0x0000020811f33e4c method=java.util.concurrent.ConcurrentHashMap.putVal(Ljava/lang/Object;Ljava/lang/Object;Z)Ljava/lang/Object; @ 148 c2
Event: 1.061 Thread 0x0000020820be73f0 DEOPT PACKING pc=0x0000020811f33e4c sp=0x00000075c19fe090
Event: 1.061 Thread 0x0000020820be73f0 DEOPT UNPACKING pc=0x000002080a4423a3 sp=0x00000075c19fe010 mode 2
Event: 1.102 Thread 0x0000020825a453b0 Uncommon trap: trap_request=0xffffffde fr.pc=0x0000020811ecffa8 relative=0x00000000000001a8
Event: 1.102 Thread 0x0000020825a453b0 Uncommon trap: reason=class_check action=maybe_recompile pc=0x0000020811ecffa8 method=java.lang.String.equals(Ljava/lang/Object;)Z @ 8 c2
Event: 1.102 Thread 0x0000020825a453b0 DEOPT PACKING pc=0x0000020811ecffa8 sp=0x00000075c26fdae0
Event: 1.102 Thread 0x0000020825a453b0 DEOPT UNPACKING pc=0x000002080a4423a3 sp=0x00000075c26fda88 mode 2
Event: 1.102 Thread 0x0000020825a453b0 Uncommon trap: trap_request=0xffffffde fr.pc=0x0000020811ecffa8 relative=0x00000000000001a8
Event: 1.102 Thread 0x0000020825a453b0 Uncommon trap: reason=class_check action=maybe_recompile pc=0x0000020811ecffa8 method=java.lang.String.equals(Ljava/lang/Object;)Z @ 8 c2
Event: 1.102 Thread 0x0000020825a453b0 DEOPT PACKING pc=0x0000020811ecffa8 sp=0x00000075c26fd9f0
Event: 1.102 Thread 0x0000020825a453b0 DEOPT UNPACKING pc=0x000002080a4423a3 sp=0x00000075c26fd998 mode 2
Event: 1.102 Thread 0x0000020825a453b0 Uncommon trap: trap_request=0xffffffde fr.pc=0x0000020811ecffa8 relative=0x00000000000001a8
Event: 1.102 Thread 0x0000020825a453b0 Uncommon trap: reason=class_check action=maybe_recompile pc=0x0000020811ecffa8 method=java.lang.String.equals(Ljava/lang/Object;)Z @ 8 c2
Event: 1.102 Thread 0x0000020825a453b0 DEOPT PACKING pc=0x0000020811ecffa8 sp=0x00000075c26fd9f0
Event: 1.102 Thread 0x0000020825a453b0 DEOPT UNPACKING pc=0x000002080a4423a3 sp=0x00000075c26fd998 mode 2
Event: 1.103 Thread 0x0000020825a453b0 Uncommon trap: trap_request=0xffffffde fr.pc=0x0000020811ecffa8 relative=0x00000000000001a8
Event: 1.103 Thread 0x0000020825a453b0 Uncommon trap: reason=class_check action=maybe_recompile pc=0x0000020811ecffa8 method=java.lang.String.equals(Ljava/lang/Object;)Z @ 8 c2
Event: 1.103 Thread 0x0000020825a453b0 DEOPT PACKING pc=0x0000020811ecffa8 sp=0x00000075c26fd930
Event: 1.103 Thread 0x0000020825a453b0 DEOPT UNPACKING pc=0x000002080a4423a3 sp=0x00000075c26fd8d8 mode 2

Classes loaded (20 events):
Event: 1.062 Loading class sun/util/resources/OpenListResourceBundle
Event: 1.062 Loading class sun/util/resources/OpenListResourceBundle done
Event: 1.062 Loading class sun/util/resources/TimeZoneNamesBundle done
Event: 1.062 Loading class sun/util/resources/cldr/TimeZoneNames done
Event: 1.063 Loading class sun/util/resources/cldr/TimeZoneNames_en
Event: 1.063 Loading class sun/util/resources/cldr/TimeZoneNames_en done
Event: 1.063 Loading class sun/util/resources/cldr/TimeZoneNames_en_US
Event: 1.063 Loading class sun/util/resources/cldr/TimeZoneNames_en_US done
Event: 1.064 Loading class sun/util/cldr/CLDRBaseLocaleDataMetaInfo$TZCanonicalIDMapHolder
Event: 1.065 Loading class sun/util/cldr/CLDRBaseLocaleDataMetaInfo$TZCanonicalIDMapHolder done
Event: 1.066 Loading class sun/util/resources/TimeZoneNames
Event: 1.066 Loading class sun/util/resources/TimeZoneNames done
Event: 1.066 Loading class sun/util/resources/TimeZoneNames_en
Event: 1.066 Loading class sun/util/resources/TimeZoneNames_en done
Event: 1.077 Loading class jdk/jfr/FlightRecorder
Event: 1.077 Loading class jdk/jfr/FlightRecorder done
Event: 1.114 Loading class sun/nio/cs/UTF_16BE$Decoder
Event: 1.114 Loading class sun/nio/cs/UnicodeDecoder
Event: 1.114 Loading class sun/nio/cs/UnicodeDecoder done
Event: 1.114 Loading class sun/nio/cs/UTF_16BE$Decoder done

Classes unloaded (0 events):
No events

Classes redefined (0 events):
No events

Internal exceptions (20 events):
Event: 0.827 Thread 0x0000020825a453b0 Exception <a 'java/lang/NoSuchMethodError'{0x00000000895132a0}: 'void java.lang.invoke.Invokers$Holder.invokeExact_MT(java.lang.Object, java.lang.Object, java.lang.Object, java.lang.Object)'> (0x00000000895132a0) 
thrown [s\open\src\hotspot\share\interpreter\linkResolver.cpp, line 766]
Event: 0.834 Thread 0x0000020825a453b0 Exception <a 'java/io/FileNotFoundException'{0x0000000089567f68}> (0x0000000089567f68) 
thrown [s\open\src\hotspot\share\prims\jni.cpp, line 516]
Event: 0.836 Thread 0x0000020825a453b0 Exception <a 'java/lang/NoSuchMethodError'{0x000000008956d868}: 'void java.lang.invoke.DirectMethodHandle$Holder.invokeSpecial(java.lang.Object, java.lang.Object, double)'> (0x000000008956d868) 
thrown [s\open\src\hotspot\share\interpreter\linkResolver.cpp, line 766]
Event: 0.837 Thread 0x0000020825a453b0 Exception <a 'java/lang/NoSuchMethodError'{0x0000000089579038}: 'double java.lang.invoke.DelegatingMethodHandle$Holder.reinvoke_L(java.lang.Object, java.lang.Object, int)'> (0x0000000089579038) 
thrown [s\open\src\hotspot\share\interpreter\linkResolver.cpp, line 766]
Event: 0.839 Thread 0x0000020825a453b0 Exception <a 'java/lang/NoSuchMethodError'{0x000000008958af78}: 'java.lang.Object java.lang.invoke.DirectMethodHandle$Holder.invokeStatic(java.lang.Object, java.lang.Object, java.lang.Object, java.lang.Object, int)'> (0x000000008958af78) 
thrown [s\open\src\hotspot\share\interpreter\linkResolver.cpp, line 766]
Event: 0.840 Thread 0x0000020825a453b0 Exception <a 'java/lang/NoSuchMethodError'{0x0000000089596978}: 'void java.lang.invoke.DelegatingMethodHandle$Holder.reinvoke_L(java.lang.Object, java.lang.Object, double)'> (0x0000000089596978) 
thrown [s\open\src\hotspot\share\interpreter\linkResolver.cpp, line 766]
Event: 0.843 Thread 0x0000020825a453b0 Exception <a 'java/lang/NoSuchMethodError'{0x00000000895b4740}: 'void java.lang.invoke.DirectMethodHandle$Holder.invokeSpecial(java.lang.Object, java.lang.Object, int)'> (0x00000000895b4740) 
thrown [s\open\src\hotspot\share\interpreter\linkResolver.cpp, line 766]
Event: 0.843 Thread 0x0000020825a453b0 Exception <a 'java/lang/NoSuchMethodError'{0x00000000895b8810}: 'int java.lang.invoke.DirectMethodHandle$Holder.invokeSpecial(java.lang.Object, java.lang.Object, java.lang.Object, int)'> (0x00000000895b8810) 
thrown [s\open\src\hotspot\share\interpreter\linkResolver.cpp, line 766]
Event: 0.844 Thread 0x0000020825a453b0 Exception <a 'java/lang/NoSuchMethodError'{0x00000000895c2ef8}: 'void java.lang.invoke.DelegatingMethodHandle$Holder.reinvoke_L(java.lang.Object, java.lang.Object, int)'> (0x00000000895c2ef8) 
thrown [s\open\src\hotspot\share\interpreter\linkResolver.cpp, line 766]
Event: 0.844 Thread 0x0000020825a453b0 Exception <a 'java/lang/NoSuchMethodError'{0x00000000895c6c08}: 'int java.lang.invoke.DirectMethodHandle$Holder.invokeSpecial(java.lang.Object, java.lang.Object, java.lang.Object)'> (0x00000000895c6c08) 
thrown [s\open\src\hotspot\share\interpreter\linkResolver.cpp, line 766]
Event: 0.864 Thread 0x0000020825a453b0 Exception <a 'java/lang/ClassNotFoundException'{0x00000000894ba750}: com/sun/glass/ui/win/themes> (0x00000000894ba750) 
thrown [s\open\src\hotspot\share\prims\jni.cpp, line 535]
Event: 0.865 Thread 0x0000020825a453b0 Exception <a 'java/lang/ClassNotFoundException'{0x00000000894c29e8}: com/sun/glass/ui/win/themes_en> (0x00000000894c29e8) 
thrown [s\open\src\hotspot\share\prims\jni.cpp, line 535]
Event: 0.865 Thread 0x0000020825a453b0 Exception <a 'java/lang/ClassNotFoundException'{0x00000000894caa30}: com/sun/glass/ui/win/themes_en_US> (0x00000000894caa30) 
thrown [s\open\src\hotspot\share\prims\jni.cpp, line 535]
Event: 0.931 Thread 0x0000020825a453b0 Exception <a 'java/lang/NoSuchMethodError'{0x0000000088fd4a60}: 'void java.lang.invoke.DirectMethodHandle$Holder.invokeStaticInit(java.lang.Object, java.lang.Object)'> (0x0000000088fd4a60) 
thrown [s\open\src\hotspot\share\interpreter\linkResolver.cpp, line 766]
Event: 0.977 Thread 0x0000020825a453b0 Exception <a 'java/io/IOException'{0x0000000088ddc0e8}: Insufficient memory (case 4)> (0x0000000088ddc0e8) 
thrown [s\open\src\hotspot\share\prims\jni.cpp, line 535]
Event: 0.989 Thread 0x0000020825a453b0 Implicit null exception at 0x0000020811f37a8c to 0x0000020811f37d1c
Event: 0.998 Thread 0x0000020825a453b0 Implicit null exception at 0x0000020811f30c2c to 0x0000020811f30ec4
Event: 1.094 Thread 0x0000020825a453b0 Exception <a 'java/io/FileNotFoundException'{0x00000000887763d8}> (0x00000000887763d8) 
thrown [s\open\src\hotspot\share\prims\jni.cpp, line 516]
Event: 1.122 Thread 0x0000020825a453b0 Exception <a 'java/lang/NoSuchMethodError'{0x000000008822a5a0}: 'java.lang.Object java.lang.invoke.DirectMethodHandle$Holder.invokeInterface(java.lang.Object, java.lang.Object, java.lang.Object)'> (0x000000008822a5a0) 
thrown [s\open\src\hotspot\share\interpreter\linkResolver.cpp, line 766]
Event: 1.122 Thread 0x0000020825a453b0 Exception <a 'java/lang/IncompatibleClassChangeError'{0x000000008822df20}: Found class java.lang.Object, but interface was expected> (0x000000008822df20) 
thrown [s\open\src\hotspot\share\interpreter\linkResolver.cpp, line 833]

VM Operations (14 events):
Event: 0.186 Executing VM operation: HandshakeAllThreads
Event: 0.186 Executing VM operation: HandshakeAllThreads done
Event: 0.220 Executing VM operation: HandshakeAllThreads
Event: 0.220 Executing VM operation: HandshakeAllThreads done
Event: 0.273 Executing VM operation: HandshakeAllThreads
Event: 0.273 Executing VM operation: HandshakeAllThreads done
Event: 0.576 Executing VM operation: HandshakeAllThreads
Event: 0.576 Executing VM operation: HandshakeAllThreads done
Event: 0.670 Executing VM operation: ICBufferFull
Event: 0.670 Executing VM operation: ICBufferFull done
Event: 0.692 Executing VM operation: G1CollectForAllocation
Event: 0.696 Executing VM operation: G1CollectForAllocation done
Event: 0.884 Executing VM operation: HandshakeAllThreads
Event: 0.884 Executing VM operation: HandshakeAllThreads done

Events (20 events):
Event: 0.469 Loaded shared library C:\Users\Win10\.openjfx\cache\18.0.2+2\api-ms-win-crt-stdio-l1-1-0.dll
Event: 0.472 Loaded shared library C:\Users\Win10\.openjfx\cache\18.0.2+2\api-ms-win-crt-string-l1-1-0.dll
Event: 0.475 Loaded shared library C:\Users\Win10\.openjfx\cache\18.0.2+2\api-ms-win-crt-time-l1-1-0.dll
Event: 0.479 Loaded shared library C:\Users\Win10\.openjfx\cache\18.0.2+2\api-ms-win-crt-utility-l1-1-0.dll
Event: 0.490 Thread 0x00000208250901b0 Thread exited: 0x00000208250901b0
Event: 0.495 Loaded shared library C:\Users\Win10\.openjfx\cache\18.0.2+2\ucrtbase.dll
Event: 0.499 Loaded shared library C:\Users\Win10\.openjfx\cache\18.0.2+2\vcruntime140.dll
Event: 0.502 Loaded shared library C:\Users\Win10\.openjfx\cache\18.0.2+2\vcruntime140_1.dll
Event: 0.512 Loaded shared library C:\Users\Win10\.openjfx\cache\18.0.2+2\msvcp140.dll
Event: 0.534 Thread 0x00000208256dd280 Thread added: 0x00000208256dd280
Event: 0.542 Loaded shared library C:\Users\Win10\.openjfx\cache\18.0.2+2\prism_d3d.dll
Event: 0.582 Loaded shared library C:\Users\Win10\.openjfx\cache\18.0.2+2\glass.dll
Event: 0.584 Thread 0x0000020825a56a40 Thread added: 0x0000020825a56a40
Event: 0.587 Thread 0x0000020825a453b0 Thread added: 0x0000020825a453b0
Event: 0.655 Thread 0x000002082a39c960 Thread added: 0x000002082a39c960
Event: 0.655 Thread 0x0000020825a5e530 Thread added: 0x0000020825a5e530
Event: 0.686 Loaded shared library C:\Program Files\Java\jdk-18.0.1.1\bin\jimage.dll
Event: 0.881 Loaded shared library C:\Users\Win10\.openjfx\cache\18.0.2+2\javafx_font.dll
Event: 0.974 Loaded shared library C:\Users\Win10\.openjfx\cache\18.0.2+2\javafx_iio.dll
Event: 1.118 Thread 0x000002082a391cf0 Thread added: 0x000002082a391cf0


Dynamic libraries:
0x00007ff798900000 - 0x00007ff798910000 	C:\Program Files\Java\jdk-18.0.1.1\bin\java.exe
0x00007ffd6e6f0000 - 0x00007ffd6e907000 	C:\WINDOWS\SYSTEM32\ntdll.dll
0x00007ffd6dcc0000 - 0x00007ffd6dd84000 	C:\WINDOWS\System32\KERNEL32.DLL
0x00007ffd6c090000 - 0x00007ffd6c436000 	C:\WINDOWS\System32\KERNELBASE.dll
0x00007ffd6bb00000 - 0x00007ffd6bc11000 	C:\WINDOWS\System32\ucrtbase.dll
0x00007ffd516c0000 - 0x00007ffd516da000 	C:\Program Files\Java\jdk-18.0.1.1\bin\VCRUNTIME140.dll
0x00007ffd54570000 - 0x00007ffd54588000 	C:\Program Files\Java\jdk-18.0.1.1\bin\jli.dll
0x00007ffd6dd90000 - 0x00007ffd6de43000 	C:\WINDOWS\System32\ADVAPI32.dll
0x00007ffd6db50000 - 0x00007ffd6dbf7000 	C:\WINDOWS\System32\msvcrt.dll
0x00007ffd6c6c0000 - 0x00007ffd6c768000 	C:\WINDOWS\System32\sechost.dll
0x00007ffd6c060000 - 0x00007ffd6c088000 	C:\WINDOWS\System32\bcrypt.dll
0x00007ffd6c7a0000 - 0x00007ffd6c8b7000 	C:\WINDOWS\System32\RPCRT4.dll
0x00007ffd6c510000 - 0x00007ffd6c6be000 	C:\WINDOWS\System32\USER32.dll
0x00007ffd6bad0000 - 0x00007ffd6baf6000 	C:\WINDOWS\System32\win32u.dll
0x00007ffd566b0000 - 0x00007ffd56943000 	C:\WINDOWS\WinSxS\amd64_microsoft.windows.common-controls_6595b64144ccf1df_6.0.22621.2506_none_270c5ae97388e100\COMCTL32.dll
0x00007ffd6c770000 - 0x00007ffd6c799000 	C:\WINDOWS\System32\GDI32.dll
0x00007ffd6be50000 - 0x00007ffd6bf68000 	C:\WINDOWS\System32\gdi32full.dll
0x00007ffd6ba30000 - 0x00007ffd6baca000 	C:\WINDOWS\System32\msvcp_win.dll
0x00007ffd62270000 - 0x00007ffd6227a000 	C:\WINDOWS\SYSTEM32\VERSION.dll
0x00007ffd6c440000 - 0x00007ffd6c471000 	C:\WINDOWS\System32\IMM32.DLL
0x00007ffd583b0000 - 0x00007ffd583bc000 	C:\Program Files\Java\jdk-18.0.1.1\bin\vcruntime140_1.dll
0x00007ffd26170000 - 0x00007ffd261fd000 	C:\Program Files\Java\jdk-18.0.1.1\bin\msvcp140.dll
0x00007ffd1a1e0000 - 0x00007ffd1adf0000 	C:\Program Files\Java\jdk-18.0.1.1\bin\server\jvm.dll
0x00007ffd6e2a0000 - 0x00007ffd6e2a8000 	C:\WINDOWS\System32\PSAPI.DLL
0x00007ffd689c0000 - 0x00007ffd689c9000 	C:\WINDOWS\SYSTEM32\WSOCK32.dll
0x00007ffd63330000 - 0x00007ffd63364000 	C:\WINDOWS\SYSTEM32\WINMM.dll
0x00007ffd6de60000 - 0x00007ffd6ded1000 	C:\WINDOWS\System32\WS2_32.dll
0x00007ffd6ab50000 - 0x00007ffd6ab68000 	C:\WINDOWS\SYSTEM32\kernel.appcore.dll
0x00007ffd57a60000 - 0x00007ffd57a6a000 	C:\Program Files\Java\jdk-18.0.1.1\bin\jimage.dll
0x00007ffd68ee0000 - 0x00007ffd69113000 	C:\WINDOWS\SYSTEM32\DBGHELP.DLL
0x00007ffd6e320000 - 0x00007ffd6e6a9000 	C:\WINDOWS\System32\combase.dll
0x00007ffd6d1b0000 - 0x00007ffd6d287000 	C:\WINDOWS\System32\OLEAUT32.dll
0x00007ffd50160000 - 0x00007ffd50192000 	C:\WINDOWS\SYSTEM32\dbgcore.DLL
0x00007ffd6bfe0000 - 0x00007ffd6c05a000 	C:\WINDOWS\System32\bcryptPrimitives.dll
0x00007ffd66f50000 - 0x00007ffd66f5e000 	C:\Program Files\Java\jdk-18.0.1.1\bin\instrument.dll
0x00007ffd544c0000 - 0x00007ffd544e5000 	C:\Program Files\Java\jdk-18.0.1.1\bin\java.dll
0x00007ffd22d80000 - 0x00007ffd22e56000 	C:\Program Files\Java\jdk-18.0.1.1\bin\jsvml.dll
0x00007ffd6c950000 - 0x00007ffd6d1aa000 	C:\WINDOWS\System32\SHELL32.dll
0x00007ffd69990000 - 0x00007ffd6a286000 	C:\WINDOWS\SYSTEM32\windows.storage.dll
0x00007ffd69850000 - 0x00007ffd6998e000 	C:\WINDOWS\SYSTEM32\wintypes.dll
0x00007ffd6d710000 - 0x00007ffd6d803000 	C:\WINDOWS\System32\SHCORE.dll
0x00007ffd6d9d0000 - 0x00007ffd6da2e000 	C:\WINDOWS\System32\shlwapi.dll
0x00007ffd6b960000 - 0x00007ffd6b986000 	C:\WINDOWS\SYSTEM32\profapi.dll
0x00007ffd55e90000 - 0x00007ffd55ea3000 	C:\Program Files\Java\jdk-18.0.1.1\bin\net.dll
0x00007ffd64b00000 - 0x00007ffd64c37000 	C:\WINDOWS\SYSTEM32\WINHTTP.dll
0x00007ffd6afd0000 - 0x00007ffd6b039000 	C:\WINDOWS\system32\mswsock.dll
0x00007ffd51670000 - 0x00007ffd51686000 	C:\Program Files\Java\jdk-18.0.1.1\bin\nio.dll
0x00007ffd48660000 - 0x00007ffd48678000 	C:\Program Files\Java\jdk-18.0.1.1\bin\zip.dll
0x00007ffd64d90000 - 0x00007ffd64daa000 	E:\IntelliJ IDEA Community Edition 2023.3.3\bin\breakgen64.dll
0x0000020802a40000 - 0x0000020802a43000 	C:\Users\Win10\.openjfx\cache\18.0.2+2\api-ms-win-core-console-l1-1-0.dll
0x0000020802a50000 - 0x0000020802a53000 	C:\Users\Win10\.openjfx\cache\18.0.2+2\api-ms-win-core-console-l1-2-0.dll
0x0000020802a60000 - 0x0000020802a63000 	C:\Users\Win10\.openjfx\cache\18.0.2+2\api-ms-win-core-datetime-l1-1-0.dll
0x0000020802a70000 - 0x0000020802a73000 	C:\Users\Win10\.openjfx\cache\18.0.2+2\api-ms-win-core-debug-l1-1-0.dll
0x0000020820d70000 - 0x0000020820d73000 	C:\Users\Win10\.openjfx\cache\18.0.2+2\api-ms-win-core-errorhandling-l1-1-0.dll
0x0000020820d80000 - 0x0000020820d84000 	C:\Users\Win10\.openjfx\cache\18.0.2+2\api-ms-win-core-file-l1-1-0.dll
0x0000020820d90000 - 0x0000020820d93000 	C:\Users\Win10\.openjfx\cache\18.0.2+2\api-ms-win-core-file-l1-2-0.dll
0x0000020820da0000 - 0x0000020820da3000 	C:\Users\Win10\.openjfx\cache\18.0.2+2\api-ms-win-core-file-l2-1-0.dll
0x0000020820db0000 - 0x0000020820db3000 	C:\Users\Win10\.openjfx\cache\18.0.2+2\api-ms-win-core-handle-l1-1-0.dll
0x0000020820dc0000 - 0x0000020820dc3000 	C:\Users\Win10\.openjfx\cache\18.0.2+2\api-ms-win-core-heap-l1-1-0.dll
0x0000020820dd0000 - 0x0000020820dd3000 	C:\Users\Win10\.openjfx\cache\18.0.2+2\api-ms-win-core-interlocked-l1-1-0.dll
0x0000020820de0000 - 0x0000020820de3000 	C:\Users\Win10\.openjfx\cache\18.0.2+2\api-ms-win-core-libraryloader-l1-1-0.dll
0x0000020820df0000 - 0x0000020820df3000 	C:\Users\Win10\.openjfx\cache\18.0.2+2\api-ms-win-core-localization-l1-2-0.dll
0x0000020820e00000 - 0x0000020820e03000 	C:\Users\Win10\.openjfx\cache\18.0.2+2\api-ms-win-core-memory-l1-1-0.dll
0x0000020820e10000 - 0x0000020820e13000 	C:\Users\Win10\.openjfx\cache\18.0.2+2\api-ms-win-core-namedpipe-l1-1-0.dll
0x0000020820e20000 - 0x0000020820e23000 	C:\Users\Win10\.openjfx\cache\18.0.2+2\api-ms-win-core-processenvironment-l1-1-0.dll
0x0000020820e30000 - 0x0000020820e33000 	C:\Users\Win10\.openjfx\cache\18.0.2+2\api-ms-win-core-processthreads-l1-1-0.dll
0x0000020820e40000 - 0x0000020820e43000 	C:\Users\Win10\.openjfx\cache\18.0.2+2\api-ms-win-core-processthreads-l1-1-1.dll
0x0000020820e50000 - 0x0000020820e53000 	C:\Users\Win10\.openjfx\cache\18.0.2+2\api-ms-win-core-profile-l1-1-0.dll
0x0000020820e60000 - 0x0000020820e63000 	C:\Users\Win10\.openjfx\cache\18.0.2+2\api-ms-win-core-rtlsupport-l1-1-0.dll
0x0000020820e70000 - 0x0000020820e73000 	C:\Users\Win10\.openjfx\cache\18.0.2+2\api-ms-win-core-string-l1-1-0.dll
0x0000020820e80000 - 0x0000020820e83000 	C:\Users\Win10\.openjfx\cache\18.0.2+2\api-ms-win-core-synch-l1-1-0.dll
0x0000020820e90000 - 0x0000020820e93000 	C:\Users\Win10\.openjfx\cache\18.0.2+2\api-ms-win-core-synch-l1-2-0.dll
0x0000020820ea0000 - 0x0000020820ea3000 	C:\Users\Win10\.openjfx\cache\18.0.2+2\api-ms-win-core-sysinfo-l1-1-0.dll
0x0000020820eb0000 - 0x0000020820eb3000 	C:\Users\Win10\.openjfx\cache\18.0.2+2\api-ms-win-core-timezone-l1-1-0.dll
0x0000020820ec0000 - 0x0000020820ec3000 	C:\Users\Win10\.openjfx\cache\18.0.2+2\api-ms-win-core-util-l1-1-0.dll
0x0000020820ed0000 - 0x0000020820ed3000 	C:\Users\Win10\.openjfx\cache\18.0.2+2\api-ms-win-crt-conio-l1-1-0.dll
0x0000020820ee0000 - 0x0000020820ee4000 	C:\Users\Win10\.openjfx\cache\18.0.2+2\api-ms-win-crt-convert-l1-1-0.dll
0x0000020820ef0000 - 0x0000020820ef3000 	C:\Users\Win10\.openjfx\cache\18.0.2+2\api-ms-win-crt-environment-l1-1-0.dll
0x0000020820f00000 - 0x0000020820f03000 	C:\Users\Win10\.openjfx\cache\18.0.2+2\api-ms-win-crt-filesystem-l1-1-0.dll
0x0000020820f10000 - 0x0000020820f13000 	C:\Users\Win10\.openjfx\cache\18.0.2+2\api-ms-win-crt-heap-l1-1-0.dll
0x0000020820f20000 - 0x0000020820f23000 	C:\Users\Win10\.openjfx\cache\18.0.2+2\api-ms-win-crt-locale-l1-1-0.dll
0x0000020820f30000 - 0x0000020820f35000 	C:\Users\Win10\.openjfx\cache\18.0.2+2\api-ms-win-crt-math-l1-1-0.dll
0x0000020820f40000 - 0x0000020820f45000 	C:\Users\Win10\.openjfx\cache\18.0.2+2\api-ms-win-crt-multibyte-l1-1-0.dll
0x0000020820f50000 - 0x0000020820f60000 	C:\Users\Win10\.openjfx\cache\18.0.2+2\api-ms-win-crt-private-l1-1-0.dll
0x0000020820f60000 - 0x0000020820f63000 	C:\Users\Win10\.openjfx\cache\18.0.2+2\api-ms-win-crt-process-l1-1-0.dll
0x0000020820f70000 - 0x0000020820f74000 	C:\Users\Win10\.openjfx\cache\18.0.2+2\api-ms-win-crt-runtime-l1-1-0.dll
0x0000020820f80000 - 0x0000020820f84000 	C:\Users\Win10\.openjfx\cache\18.0.2+2\api-ms-win-crt-stdio-l1-1-0.dll
0x0000020820f90000 - 0x0000020820f94000 	C:\Users\Win10\.openjfx\cache\18.0.2+2\api-ms-win-crt-string-l1-1-0.dll
0x0000020820fa0000 - 0x0000020820fa3000 	C:\Users\Win10\.openjfx\cache\18.0.2+2\api-ms-win-crt-time-l1-1-0.dll
0x0000020820fb0000 - 0x0000020820fb3000 	C:\Users\Win10\.openjfx\cache\18.0.2+2\api-ms-win-crt-utility-l1-1-0.dll
0x00007ffd37ad0000 - 0x00007ffd37bcc000 	C:\Users\Win10\.openjfx\cache\18.0.2+2\ucrtbase.dll
0x00007ffd64cc0000 - 0x00007ffd64cda000 	C:\Users\Win10\.openjfx\cache\18.0.2+2\vcruntime140.dll
0x00007ffd66ac0000 - 0x00007ffd66acc000 	C:\Users\Win10\.openjfx\cache\18.0.2+2\vcruntime140_1.dll
0x00007ffd634b0000 - 0x00007ffd6353d000 	C:\Users\Win10\.openjfx\cache\18.0.2+2\msvcp140.dll
0x00007ffd64c90000 - 0x00007ffd64cbc000 	C:\Users\Win10\.openjfx\cache\18.0.2+2\prism_d3d.dll
0x00007ffd08640000 - 0x00007ffd087e9000 	C:\WINDOWS\system32\d3d9.dll
0x00007ffd68d90000 - 0x00007ffd68dbb000 	C:\WINDOWS\SYSTEM32\dwmapi.dll
0x00007ffd68e90000 - 0x00007ffd68ec6000 	C:\WINDOWS\SYSTEM32\dxcore.dll
0x00007ffd68af0000 - 0x00007ffd68b9b000 	C:\WINDOWS\system32\uxtheme.dll
0x00007ffd331e0000 - 0x00007ffd33345000 	C:\WINDOWS\System32\DriverStore\FileRepository\iigd_dch.inf_amd64_e6980897e3126266\igdumdim64.dll
0x00007ffd6e100000 - 0x00007ffd6e2a0000 	C:\WINDOWS\System32\ole32.dll
0x00007ffd16550000 - 0x00007ffd1a1db000 	C:\WINDOWS\System32\DriverStore\FileRepository\iigd_dch.inf_amd64_e6980897e3126266\igd9dxva64.dll
0x00007ffd6d290000 - 0x00007ffd6d704000 	C:\WINDOWS\System32\SETUPAPI.dll
0x00007ffd6b720000 - 0x00007ffd6b76e000 	C:\WINDOWS\SYSTEM32\cfgmgr32.dll
0x00007ffd601b0000 - 0x00007ffd604e6000 	C:\WINDOWS\System32\DriverStore\FileRepository\iigd_dch.inf_amd64_e6980897e3126266\igdgmm64.dll
0x00007ffd63f40000 - 0x00007ffd63f8a000 	C:\WINDOWS\SYSTEM32\directxdatabasehelper.dll
0x00007ffd629a0000 - 0x00007ffd629e2000 	C:\Users\Win10\.openjfx\cache\18.0.2+2\glass.dll
0x00007ffd6da50000 - 0x00007ffd6db49000 	C:\WINDOWS\System32\COMDLG32.dll
0x00007ffd6dfb0000 - 0x00007ffd6e100000 	C:\WINDOWS\System32\MSCTF.dll
0x00007ffd54040000 - 0x00007ffd54067000 	C:\WINDOWS\System32\DriverStore\FileRepository\iigd_dch.inf_amd64_e6980897e3126266\igdinfo64.dll
0x00007ffd6b230000 - 0x00007ffd6b24b000 	C:\WINDOWS\SYSTEM32\CRYPTSP.dll
0x00007ffd6aab0000 - 0x00007ffd6aae5000 	C:\WINDOWS\system32\rsaenh.dll
0x00007ffd6b220000 - 0x00007ffd6b22c000 	C:\WINDOWS\SYSTEM32\CRYPTBASE.dll
0x00007ffd5cc00000 - 0x00007ffd5f98f000 	C:\WINDOWS\System32\DriverStore\FileRepository\iigd_dch.inf_amd64_e6980897e3126266\igc64.dll
0x00007ffd63470000 - 0x00007ffd63484000 	C:\Users\Win10\.openjfx\cache\18.0.2+2\javafx_font.dll
0x00007ffd667e0000 - 0x00007ffd66a53000 	C:\WINDOWS\SYSTEM32\dwrite.dll
0x00007ffd62e70000 - 0x00007ffd62e9d000 	C:\Users\Win10\.openjfx\cache\18.0.2+2\javafx_iio.dll
0x00007ffd6dc10000 - 0x00007ffd6dcc0000 	C:\WINDOWS\System32\clbcatq.dll
0x00007ffd66be0000 - 0x00007ffd66d90000 	C:\WINDOWS\SYSTEM32\WindowsCodecs.dll
0x00007ffd51b40000 - 0x00007ffd51b9e000 	C:\WINDOWS\system32\dataexchange.dll
0x00007ffd642c0000 - 0x00007ffd64545000 	C:\WINDOWS\system32\twinapi.appcore.dll
0x00007ffd55070000 - 0x00007ffd550a2000 	C:\Program Files\Common Files\Microsoft Shared\Ink\rtscom.dll
0x00007ffd57b80000 - 0x00007ffd57cca000 	C:\WINDOWS\SYSTEM32\textinputframework.dll
0x00007ffd680a0000 - 0x00007ffd681d4000 	C:\WINDOWS\SYSTEM32\CoreMessaging.dll
0x00007ffd590c0000 - 0x00007ffd5942c000 	C:\WINDOWS\SYSTEM32\CoreUIComponents.dll

dbghelp: loaded successfully - version: 4.0.5 - missing functions: none
symbol engine: initialized successfully - sym options: 0x614 - pdb path: .;C:\Program Files\Java\jdk-18.0.1.1\bin;C:\WINDOWS\SYSTEM32;C:\WINDOWS\WinSxS\amd64_microsoft.windows.common-controls_6595b64144ccf1df_6.0.22621.2506_none_270c5ae97388e100;C:\Program Files\Java\jdk-18.0.1.1\bin\server;E:\IntelliJ IDEA Community Edition 2023.3.3\bin;C:\Users\Win10\.openjfx\cache\18.0.2+2;C:\WINDOWS\System32\DriverStore\FileRepository\iigd_dch.inf_amd64_e6980897e3126266;C:\Program Files\Common Files\Microsoft Shared\Ink

VM Arguments:
jvm_args: -javaagent:E:\IntelliJ IDEA Community Edition 2023.3.3\lib\idea_rt.jar=43650:E:\IntelliJ IDEA Community Edition 2023.3.3\bin -Dfile.encoding=UTF-8 -Dsun.stdout.encoding=UTF-8 -Dsun.stderr.encoding=UTF-8 --module-path=C:\Users\Win10\.m2\repository\org\openjfx\javafx-base\18.0.2\javafx-base-18.0.2-win.jar;E:\IntelijFiles\WMS\target\classes;C:\Users\Win10\.m2\repository\com\dlsc\formsfx\formsfx-core\11.6.0\formsfx-core-11.6.0.jar;C:\Users\Win10\.m2\repository\org\openjfx\javafx-fxml\18.0.2\javafx-fxml-18.0.2-win.jar;C:\Users\Win10\.m2\repository\org\kordamp\bootstrapfx\bootstrapfx-core\0.4.0\bootstrapfx-core-0.4.0.jar;C:\Users\Win10\.m2\repository\org\openjfx\javafx-graphics\18.0.2\javafx-graphics-18.0.2-win.jar;C:\Users\Win10\.m2\repository\com\mysql\mysql-connector-j\8.0.33\mysql-connector-j-8.0.33.jar;C:\Users\Win10\.m2\repository\org\openjfx\javafx-controls\18.0.2\javafx-controls-18.0.2-win.jar -Djdk.module.main=org.wms 
java_command: org.wms/org.wms.main
java_class_path (initial): C:\Users\Win10\.m2\repository\org\openjfx\javafx-controls\18.0.2\javafx-controls-18.0.2.jar;C:\Users\Win10\.m2\repository\org\openjfx\javafx-graphics\18.0.2\javafx-graphics-18.0.2.jar;C:\Users\Win10\.m2\repository\org\openjfx\javafx-base\18.0.2\javafx-base-18.0.2.jar;C:\Users\Win10\.m2\repository\org\openjfx\javafx-fxml\18.0.2\javafx-fxml-18.0.2.jar;C:\Users\Win10\.m2\repository\org\openjfx\javafx-media\18.0.2\javafx-media-18.0.2.jar;C:\Users\Win10\.m2\repository\org\openjfx\javafx-media\18.0.2\javafx-media-18.0.2-win.jar;C:\Users\Win10\.m2\repository\com\github\almasb\fxgl\17.3\fxgl-17.3.jar;C:\Users\Win10\.m2\repository\com\github\almasb\fxgl-core\17.3\fxgl-core-17.3.jar;C:\Users\Win10\.m2\repository\com\gluonhq\attach\audio\4.0.17\audio-4.0.17.jar;C:\Users\Win10\.m2\repository\com\github\almasb\fxgl-io\17.3\fxgl-io-17.3.jar;C:\Users\Win10\.m2\repository\com\gluonhq\attach\storage\4.0.17\storage-4.0.17.jar;C:\Users\Win10\.m2\repository\com\gluonhq\attach\util\4.0.17\util-4.0.17.jar;C:\Users\Win10\.m2\repository\com\github\almasb\fxgl-entity\17.3\fxgl-entity-17.3.jar;C:\Users\Win10\.m2\repository\com\github\almasb\fxgl-scene\17.3\fxgl-scene-17.3.jar;C:\Users\Win10\.m2\repository\com\github\almasb\fxgl-gameplay\17.3\fxgl-gameplay-17.3.jar;C:\Users\Win10\.m2\repository\com\fasterxml\jackson\core\jackson-annotations\2.14.2\jackson-annotations-2.14.2.jar;C:\Users\Win10\.m2\repository\com\fasterxml\jackson\core\jackson-databind\2.14.2\jackson-databind-2.14.2.jar;C:\Users\Win10\.m2\repository\com\fasterxml\jackson\core\jackson-core\2.14.2\jackson-core-2.14.2.jar;C:\Users\Win10\.m2\repository\com\gluonhq\attach\lifecycle\4.0.17\lifecycle-4.0.17.jar;C:\Users\Win10\.m2\repository\org\jetbrains\kotlin\kotlin-stdlib\1.8.10\kotlin-stdlib-1.8.10.jar;C:\Users\Win10\.m2\repository\org\jetbrains\kotlin\kotlin-stdlib-common\1.8.10\kotlin-stdlib-common-1.8.10.jar;C:\Users\Win10\.m2\repository\org\jetbrains\annotations\13.0\annotations-13.0.jar;C:\Users\Win10\.m2\repository\com\google\protobuf\protobuf-java\3.21.9\protobuf-java-3.21.9.jar;C:\Users\Win10\.m2\repository\de\jensd\fontawesomefx\8.9\fontawesomefx-8.9.jar;C:\Users\Win10\.m2\repository\org\kordamp\ikonli\ikonli-swing\12.3.1\ikonli-swing-12.3.1.jar;C:\Users\Win10\.m2\repository\org\kordamp\ikonli\ikonli-core\12.3.1\ikonli-core-12.3.1.jar
Launcher Type: SUN_STANDARD

[Global flags]
     intx CICompilerCount                          = 4                                         {product} {ergonomic}
     uint ConcGCThreads                            = 2                                         {product} {ergonomic}
     uint G1ConcRefinementThreads                  = 8                                         {product} {ergonomic}
   size_t G1HeapRegionSize                         = 1048576                                   {product} {ergonomic}
    uintx GCDrainStackTargetSize                   = 64                                        {product} {ergonomic}
   size_t InitialHeapSize                          = 132120576                                 {product} {ergonomic}
   size_t MarkStackSize                            = 4194304                                   {product} {ergonomic}
   size_t MaxHeapSize                              = 2113929216                                {product} {ergonomic}
   size_t MaxNewSize                               = 1267728384                                {product} {ergonomic}
   size_t MinHeapDeltaBytes                        = 1048576                                   {product} {ergonomic}
   size_t MinHeapSize                              = 8388608                                   {product} {ergonomic}
    uintx NonNMethodCodeHeapSize                   = 5839372                                {pd product} {ergonomic}
    uintx NonProfiledCodeHeapSize                  = 122909434                              {pd product} {ergonomic}
    uintx ProfiledCodeHeapSize                     = 122909434                              {pd product} {ergonomic}
    uintx ReservedCodeCacheSize                    = 251658240                              {pd product} {ergonomic}
     bool SegmentedCodeCache                       = true                                      {product} {ergonomic}
   size_t SoftMaxHeapSize                          = 2113929216                             {manageable} {ergonomic}
     bool UseCompressedClassPointers               = true                           {product lp64_product} {ergonomic}
     bool UseCompressedOops                        = true                           {product lp64_product} {ergonomic}
     bool UseG1GC                                  = true                                      {product} {ergonomic}
     bool UseLargePagesIndividualAllocation        = false                                  {pd product} {ergonomic}

Logging:
Log output configuration:
 #0: stdout all=warning uptime,level,tags foldmultilines=false
 #1: stderr all=off uptime,level,tags foldmultilines=false

Environment Variables:
JAVA_HOME=C:\Users\Win10\emsdk\java\8.152_64bit
CLASSPATH=C:\Users\Win10\Downloads\algs4.jar
PATH=C:\Program Files\Common Files\Oracle\Java\javapath;C:\Windows\system32;C:\Windows;C:\Windows\System32\Wbem;C:\Windows\System32\WindowsPowerShell\v1.0\;C:\Windows\System32\OpenSSH\;C:\Program Files (x86)\NVIDIA Corporation\PhysX\Common;C:\WINDOWS\system32;C:\WINDOWS;C:\WINDOWS\System32\Wbem;C:\WINDOWS\System32\WindowsPowerShell\v1.0\;C:\WINDOWS\System32\OpenSSH\;C:\WINDOWS\system32;C:\WINDOWS;C:\WINDOWS\System32\Wbem;C:\WINDOWS\System32\WindowsPowerShell\v1.0\;C:\WINDOWS\System32\OpenSSH\;C:\Users\Win10\AppData\Roaming\nvm;C:\Program Files\nodejs;C:\Program Files\Git\cmd;C:\Program Files (x86)\Gpg4win\..\GnuPG\bin;C:\Users\Win10\emsdk\upstream\emscripten;C:\Users\Win10\emsdk;C:\Program Files\MySQL\MySQL Shell 8.0\bin\;C:\Users\Win10\AppData\Local\Programs\Python\Python39-32\Scripts\;C:\Users\Win10\AppData\Local\Programs\Python\Python39-32\;C:\Users\Win10\AppData\Local\Microsoft\WindowsApps;C:\Users\Win10\AppData\Local\Programs\Microsoft VS Code\bin;E:\IntelliJ IDEA Community Edition 2023.3.3\bin;;C:\Program Files (x86)\Nmap;C:\Program Files\JetBrains\PyCharm Community Edition 2022.3.3\bin;;C:\Users\Win10\AppData\Roaming\npm;C:\Users\Win10\AppData\Roaming\nvm;C:\Program Files\nodejs;C:\MinGW\bin;D:\mongodb\bin\
USERNAME=Rivansh'sG3
OS=Windows_NT
PROCESSOR_IDENTIFIER=Intel64 Family 6 Model 165 Stepping 2, GenuineIntel



---------------  S Y S T E M  ---------------

OS:
 Windows 11 , 64 bit Build 22621 (10.0.22621.2506)
OS uptime: 4 days 2:39 hours

CPU: total 8 (initial active 8) (4 cores per cpu, 2 threads per core) family 6 model 165 stepping 2 microcode 0xea, cx8, cmov, fxsr, ht, mmx, 3dnowpref, sse, sse2, sse3, ssse3, sse4.1, sse4.2, popcnt, lzcnt, tsc, tscinvbit, avx, avx2, aes, erms, clmul, bmi1, bmi2, adx, fma, vzeroupper, clflush, clflushopt

Memory: 4k page, system-wide physical 8059M (590M free)
TotalPageFile size 21448M (AvailPageFile size 2M)
current process WorkingSet (physical memory assigned to process): 125M, peak: 125M
current process commit charge ("private bytes"): 258M, peak: 259M

vm_info: Java HotSpot(TM) 64-Bit Server VM (18.0.1.1+2-6) for windows-amd64 JRE (18.0.1.1+2-6), built on Apr 25 2022 21:53:15 by "mach5one" with MS VC++ 16.8 / 16.9 (VS2019)

END.
