11:36:54.009 [JavaFX Application Thread] INFO  org.wms.main - Starting the application...
11:36:54.030 [JavaFX Application Thread] ERROR org.wms.main - An unexpected error occurred
java.lang.IllegalStateException: Location is not set.
	at javafx.fxml.FXMLLoader.loadImpl(FXMLLoader.java:2541) ~[javafx-fxml-18.0.2-win.jar:?]
	at javafx.fxml.FXMLLoader.load(FXMLLoader.java:2516) ~[javafx-fxml-18.0.2-win.jar:?]
	at org.wms.main.start(main.java:22) ~[classes/:?]
	at com.sun.javafx.application.LauncherImpl.lambda$launchApplication1$9(LauncherImpl.java:847) ~[javafx-graphics-18.0.2-win.jar:?]
	at com.sun.javafx.application.PlatformImpl.lambda$runAndWait$12(PlatformImpl.java:484) ~[javafx-graphics-18.0.2-win.jar:?]
	at com.sun.javafx.application.PlatformImpl.lambda$runLater$10(PlatformImpl.java:457) ~[javafx-graphics-18.0.2-win.jar:?]
	at java.security.AccessController.doPrivileged(AccessController.java:399) ~[?:?]
	at com.sun.javafx.application.PlatformImpl.lambda$runLater$11(PlatformImpl.java:456) ~[javafx-graphics-18.0.2-win.jar:?]
	at com.sun.glass.ui.InvokeLaterDispatcher$Future.run(InvokeLaterDispatcher.java:96) ~[javafx-graphics-18.0.2-win.jar:?]
	at com.sun.glass.ui.win.WinApplication._runLoop(Native Method) ~[javafx-graphics-18.0.2-win.jar:?]
	at com.sun.glass.ui.win.WinApplication.lambda$runLoop$3(WinApplication.java:184) ~[javafx-graphics-18.0.2-win.jar:?]
	at java.lang.Thread.run(Thread.java:833) [?:?]
11:39:54.322 [JavaFX Application Thread] INFO  org.wms.main - Starting the application...
11:39:55.092 [JavaFX Application Thread] INFO  org.wms.loginController - Loading Login Page
11:39:55.396 [JavaFX Application Thread] INFO  org.wms.main - Application started successfully.
11:39:57.159 [JavaFX Application Thread] INFO  org.wms.loginController - Application closed
11:43:25.340 [JavaFX Application Thread] INFO  org.wms.main - Starting the application...
11:43:26.014 [JavaFX Application Thread] INFO  org.wms.loginController - Loading Login Page
11:43:26.317 [JavaFX Application Thread] INFO  org.wms.main - Application started successfully.
11:43:37.380 [JavaFX Application Thread] INFO  org.wms.adminController - Images initialized successfully.
11:43:37.384 [JavaFX Application Thread] INFO  org.wms.adminController - Retrieved pending orders count: 1
11:43:37.387 [JavaFX Application Thread] INFO  org.wms.adminController - Warehouse data loaded successfully.
11:43:37.387 [JavaFX Application Thread] INFO  org.wms.adminController - Dropdowns initialized successfully.
11:43:37.389 [JavaFX Application Thread] INFO  org.wms.adminController - Truck time loaded successfully.
11:43:37.393 [JavaFX Application Thread] INFO  org.wms.adminController - Retrieved not delivered orders from the database.
11:43:37.394 [JavaFX Application Thread] INFO  org.wms.adminController - Loaded not delivered orders into the table.
11:43:37.433 [JavaFX Application Thread] INFO  org.wms.loginController - Switched to admin view
11:43:37.434 [JavaFX Application Thread] INFO  org.wms.loginController - Admin logged in
11:45:59.454 [JavaFX Application Thread] INFO  org.wms.main - Starting the application...
11:46:00.117 [JavaFX Application Thread] INFO  org.wms.loginController - Loading Login Page
11:46:00.399 [JavaFX Application Thread] INFO  org.wms.main - Application started successfully.
11:46:08.702 [JavaFX Application Thread] INFO  org.wms.adminController - Images initialized successfully.
11:46:08.708 [JavaFX Application Thread] INFO  org.wms.adminController - Retrieved pending orders count: 1
11:46:08.713 [JavaFX Application Thread] INFO  org.wms.adminController - Warehouse data loaded successfully.
11:46:08.713 [JavaFX Application Thread] INFO  org.wms.adminController - Dropdowns initialized successfully.
11:46:08.716 [JavaFX Application Thread] INFO  org.wms.adminController - Truck time loaded successfully.
11:46:08.720 [JavaFX Application Thread] INFO  org.wms.adminController - Retrieved not delivered orders from the database.
11:46:08.720 [JavaFX Application Thread] INFO  org.wms.adminController - Loaded not delivered orders into the table.
11:46:08.754 [JavaFX Application Thread] ERROR org.wms.loginController - Error occurs while validating user
java.lang.UnsupportedOperationException: null
	at java.util.AbstractList.add(AbstractList.java:153) ~[?:?]
	at java.util.AbstractList.add(AbstractList.java:111) ~[?:?]
	at org.wms.loginController.switchScene(loginController.java:82) ~[classes/:?]
	at org.wms.loginController.adminSwitchLoad(loginController.java:228) ~[classes/:?]
	at org.wms.loginController.validateLogin(loginController.java:164) ~[classes/:?]
	at org.wms.loginController.loginButtonOnAction(loginController.java:123) ~[classes/:?]
	at jdk.internal.reflect.DirectMethodHandleAccessor.invoke(DirectMethodHandleAccessor.java:104) ~[?:?]
	at java.lang.reflect.Method.invoke(Method.java:577) ~[?:?]
	at com.sun.javafx.reflect.Trampoline.invoke(MethodUtil.java:77) ~[javafx-base-18.0.2-win.jar:?]
	at jdk.internal.reflect.DirectMethodHandleAccessor.invoke(DirectMethodHandleAccessor.java:104) ~[?:?]
	at java.lang.reflect.Method.invoke(Method.java:577) ~[?:?]
	at com.sun.javafx.reflect.MethodUtil.invoke(MethodUtil.java:275) ~[javafx-base-18.0.2-win.jar:?]
	at com.sun.javafx.fxml.MethodHelper.invoke(MethodHelper.java:84) ~[javafx-fxml-18.0.2-win.jar:?]
	at javafx.fxml.FXMLLoader$MethodHandler.invoke(FXMLLoader.java:1852) ~[javafx-fxml-18.0.2-win.jar:?]
	at javafx.fxml.FXMLLoader$ControllerMethodEventHandler.handle(FXMLLoader.java:1724) ~[javafx-fxml-18.0.2-win.jar:?]
	at com.sun.javafx.event.CompositeEventHandler.dispatchBubblingEvent(CompositeEventHandler.java:86) ~[javafx-base-18.0.2-win.jar:?]
	at com.sun.javafx.event.EventHandlerManager.dispatchBubblingEvent(EventHandlerManager.java:234) ~[javafx-base-18.0.2-win.jar:?]
	at com.sun.javafx.event.EventHandlerManager.dispatchBubblingEvent(EventHandlerManager.java:191) ~[javafx-base-18.0.2-win.jar:?]
	at com.sun.javafx.event.CompositeEventDispatcher.dispatchBubblingEvent(CompositeEventDispatcher.java:59) ~[javafx-base-18.0.2-win.jar:?]
	at com.sun.javafx.event.BasicEventDispatcher.dispatchEvent(BasicEventDispatcher.java:58) ~[javafx-base-18.0.2-win.jar:?]
	at com.sun.javafx.event.EventDispatchChainImpl.dispatchEvent(EventDispatchChainImpl.java:114) ~[javafx-base-18.0.2-win.jar:?]
	at com.sun.javafx.event.BasicEventDispatcher.dispatchEvent(BasicEventDispatcher.java:56) ~[javafx-base-18.0.2-win.jar:?]
	at com.sun.javafx.event.EventDispatchChainImpl.dispatchEvent(EventDispatchChainImpl.java:114) ~[javafx-base-18.0.2-win.jar:?]
	at com.sun.javafx.event.BasicEventDispatcher.dispatchEvent(BasicEventDispatcher.java:56) ~[javafx-base-18.0.2-win.jar:?]
	at com.sun.javafx.event.EventDispatchChainImpl.dispatchEvent(EventDispatchChainImpl.java:114) ~[javafx-base-18.0.2-win.jar:?]
	at com.sun.javafx.event.EventUtil.fireEventImpl(EventUtil.java:74) ~[javafx-base-18.0.2-win.jar:?]
	at com.sun.javafx.event.EventUtil.fireEvent(EventUtil.java:49) ~[javafx-base-18.0.2-win.jar:?]
	at javafx.event.Event.fireEvent(Event.java:198) ~[javafx-base-18.0.2-win.jar:?]
	at javafx.scene.Node.fireEvent(Node.java:8797) ~[javafx-graphics-18.0.2-win.jar:?]
	at javafx.scene.control.Button.fire(Button.java:203) ~[javafx-controls-18.0.2-win.jar:?]
	at com.sun.javafx.scene.control.behavior.ButtonBehavior.mouseReleased(ButtonBehavior.java:208) ~[javafx-controls-18.0.2-win.jar:?]
	at com.sun.javafx.scene.control.inputmap.InputMap.handle(InputMap.java:274) ~[javafx-controls-18.0.2-win.jar:?]
	at com.sun.javafx.event.CompositeEventHandler$NormalEventHandlerRecord.handleBubblingEvent(CompositeEventHandler.java:247) ~[javafx-base-18.0.2-win.jar:?]
	at com.sun.javafx.event.CompositeEventHandler.dispatchBubblingEvent(CompositeEventHandler.java:80) ~[javafx-base-18.0.2-win.jar:?]
	at com.sun.javafx.event.EventHandlerManager.dispatchBubblingEvent(EventHandlerManager.java:234) ~[javafx-base-18.0.2-win.jar:?]
	at com.sun.javafx.event.EventHandlerManager.dispatchBubblingEvent(EventHandlerManager.java:191) ~[javafx-base-18.0.2-win.jar:?]
	at com.sun.javafx.event.CompositeEventDispatcher.dispatchBubblingEvent(CompositeEventDispatcher.java:59) ~[javafx-base-18.0.2-win.jar:?]
	at com.sun.javafx.event.BasicEventDispatcher.dispatchEvent(BasicEventDispatcher.java:58) ~[javafx-base-18.0.2-win.jar:?]
	at com.sun.javafx.event.EventDispatchChainImpl.dispatchEvent(EventDispatchChainImpl.java:114) ~[javafx-base-18.0.2-win.jar:?]
	at com.sun.javafx.event.BasicEventDispatcher.dispatchEvent(BasicEventDispatcher.java:56) ~[javafx-base-18.0.2-win.jar:?]
	at com.sun.javafx.event.EventDispatchChainImpl.dispatchEvent(EventDispatchChainImpl.java:114) ~[javafx-base-18.0.2-win.jar:?]
	at com.sun.javafx.event.BasicEventDispatcher.dispatchEvent(BasicEventDispatcher.java:56) ~[javafx-base-18.0.2-win.jar:?]
	at com.sun.javafx.event.EventDispatchChainImpl.dispatchEvent(EventDispatchChainImpl.java:114) ~[javafx-base-18.0.2-win.jar:?]
	at com.sun.javafx.event.EventUtil.fireEventImpl(EventUtil.java:74) ~[javafx-base-18.0.2-win.jar:?]
	at com.sun.javafx.event.EventUtil.fireEvent(EventUtil.java:54) ~[javafx-base-18.0.2-win.jar:?]
	at javafx.event.Event.fireEvent(Event.java:198) ~[javafx-base-18.0.2-win.jar:?]
	at javafx.scene.Scene$MouseHandler.process(Scene.java:3881) ~[javafx-graphics-18.0.2-win.jar:?]
	at javafx.scene.Scene.processMouseEvent(Scene.java:1874) ~[javafx-graphics-18.0.2-win.jar:?]
	at javafx.scene.Scene$ScenePeerListener.mouseEvent(Scene.java:2607) ~[javafx-graphics-18.0.2-win.jar:?]
	at com.sun.javafx.tk.quantum.GlassViewEventHandler$MouseEventNotification.run(GlassViewEventHandler.java:411) ~[javafx-graphics-18.0.2-win.jar:?]
	at com.sun.javafx.tk.quantum.GlassViewEventHandler$MouseEventNotification.run(GlassViewEventHandler.java:301) ~[javafx-graphics-18.0.2-win.jar:?]
	at java.security.AccessController.doPrivileged(AccessController.java:399) ~[?:?]
	at com.sun.javafx.tk.quantum.GlassViewEventHandler.lambda$handleMouseEvent$2(GlassViewEventHandler.java:450) ~[javafx-graphics-18.0.2-win.jar:?]
	at com.sun.javafx.tk.quantum.QuantumToolkit.runWithoutRenderLock(QuantumToolkit.java:424) ~[javafx-graphics-18.0.2-win.jar:?]
	at com.sun.javafx.tk.quantum.GlassViewEventHandler.handleMouseEvent(GlassViewEventHandler.java:449) ~[javafx-graphics-18.0.2-win.jar:?]
	at com.sun.glass.ui.View.handleMouseEvent(View.java:551) ~[javafx-graphics-18.0.2-win.jar:?]
	at com.sun.glass.ui.View.notifyMouse(View.java:937) ~[javafx-graphics-18.0.2-win.jar:?]
	at com.sun.glass.ui.win.WinApplication._runLoop(Native Method) ~[javafx-graphics-18.0.2-win.jar:?]
	at com.sun.glass.ui.win.WinApplication.lambda$runLoop$3(WinApplication.java:184) ~[javafx-graphics-18.0.2-win.jar:?]
	at java.lang.Thread.run(Thread.java:833) [?:?]
11:46:45.432 [JavaFX Application Thread] INFO  org.wms.main - Starting the application...
11:46:46.103 [JavaFX Application Thread] INFO  org.wms.loginController - Loading Login Page
11:46:46.379 [JavaFX Application Thread] INFO  org.wms.main - Application started successfully.
11:47:08.668 [JavaFX Application Thread] INFO  org.wms.adminController - Images initialized successfully.
11:47:08.672 [JavaFX Application Thread] INFO  org.wms.adminController - Retrieved pending orders count: 1
11:47:08.675 [JavaFX Application Thread] INFO  org.wms.adminController - Warehouse data loaded successfully.
11:47:08.675 [JavaFX Application Thread] INFO  org.wms.adminController - Dropdowns initialized successfully.
11:47:08.678 [JavaFX Application Thread] INFO  org.wms.adminController - Truck time loaded successfully.
11:47:08.682 [JavaFX Application Thread] INFO  org.wms.adminController - Retrieved not delivered orders from the database.
11:47:08.683 [JavaFX Application Thread] INFO  org.wms.adminController - Loaded not delivered orders into the table.
11:47:08.722 [JavaFX Application Thread] INFO  org.wms.loginController - Switched to admin view
11:47:08.722 [JavaFX Application Thread] INFO  org.wms.loginController - Admin logged in
11:47:14.506 [JavaFX Application Thread] INFO  org.wms.adminController - Add Commodity button clicked. Add commodity section displayed.
11:47:19.277 [JavaFX Application Thread] INFO  org.wms.adminController - Orders button clicked. Orders section displayed.
11:49:40.077 [JavaFX Application Thread] INFO  org.wms.main - Starting the application...
11:49:40.717 [JavaFX Application Thread] INFO  org.wms.loginController - Loading Login Page
11:49:40.992 [JavaFX Application Thread] INFO  org.wms.main - Application started successfully.
11:49:49.263 [JavaFX Application Thread] INFO  org.wms.adminController - Images initialized successfully.
11:49:49.267 [JavaFX Application Thread] INFO  org.wms.adminController - Retrieved pending orders count: 1
11:49:49.270 [JavaFX Application Thread] INFO  org.wms.adminController - Warehouse data loaded successfully.
11:49:49.270 [JavaFX Application Thread] INFO  org.wms.adminController - Dropdowns initialized successfully.
11:49:49.272 [JavaFX Application Thread] INFO  org.wms.adminController - Truck time loaded successfully.
11:49:49.276 [JavaFX Application Thread] INFO  org.wms.adminController - Retrieved not delivered orders from the database.
11:49:49.277 [JavaFX Application Thread] INFO  org.wms.adminController - Loaded not delivered orders into the table.
11:49:49.314 [JavaFX Application Thread] INFO  org.wms.loginController - Switched to admin view
11:49:49.314 [JavaFX Application Thread] INFO  org.wms.loginController - Admin logged in
11:50:00.400 [JavaFX Application Thread] INFO  org.wms.adminController - Add Commodity button clicked. Add commodity section displayed.
11:50:01.765 [JavaFX Application Thread] INFO  org.wms.adminController - Orders button clicked. Orders section displayed.
11:50:05.213 [JavaFX Application Thread] INFO  org.wms.adminController - Add Commodity button clicked. Add commodity section displayed.
11:50:06.189 [JavaFX Application Thread] INFO  org.wms.adminController - Home button clicked. Dashboard section displayed.
